Copyright 1986-2015 Xilinx, Inc. All Rights Reserved.
------------------------------------------------------------------------------------
| Tool Version : Vivado v.2015.2 (lin64) Build 1266856 Fri Jun 26 16:35:25 MDT 2015
| Date         : Sun Jul 31 18:11:07 2016
| Host         : jon-GA-MA770T-ES3 running 64-bit Linux Mint 17.2 Rafaela
| Command      : report_timing_summary -file ./post_synth_timing_summary.rpt
| Design       : BSP
| Device       : 7a100t-csg324
| Speed File   : -1  PRODUCTION 1.14 2014-09-11
------------------------------------------------------------------------------------

Timing Summary Report

------------------------------------------------------------------------------------------------
| Timer Settings
| --------------
------------------------------------------------------------------------------------------------

  Enable Multi Corner Analysis               :  Yes
  Enable Pessimism Removal                   :  Yes
  Pessimism Removal Resolution               :  Nearest Common Node
  Enable Input Delay Default Clock           :  No
  Enable Preset / Clear Arcs                 :  No
  Disable Flight Delays                      :  No

  Corner  Analyze    Analyze    
  Name    Max Paths  Min Paths  
  ------  ---------  ---------  
  Slow    Yes        Yes        
  Fast    Yes        Yes        



check_timing report

Table of Contents
-----------------
1. checking no_clock
2. checking constant_clock
3. checking pulse_width_clock
4. checking unconstrained_internal_endpoints
5. checking no_input_delay
6. checking no_output_delay
7. checking multiple_clock
8. checking generated_clocks
9. checking loops
10. checking partial_input_delay
11. checking partial_output_delay
12. checking latch_loops

1. checking no_clock
--------------------
 There are 0 register/latch pins with no clock.


2. checking constant_clock
--------------------------
 There are 0 register/latch pins with constant_clock.


3. checking pulse_width_clock
-----------------------------
 There are 0 register/latch pins which need pulse_width check


4. checking unconstrained_internal_endpoints
--------------------------------------------
 There are 0 pins that are not constrained for maximum delay.

 There are 0 pins that are not constrained for maximum delay due to constant clock.


5. checking no_input_delay
--------------------------
 There are 7 input ports with no input delay specified. (HIGH)

 There are 0 input ports with no input delay but user has a false path constraint.


6. checking no_output_delay
---------------------------
 There are 25 ports with no output delay specified. (HIGH)

 There are 0 ports with no output delay but user has a false path constraint

 There are 0 ports with no output delay but with a timing clock defined on it or propagating through it


7. checking multiple_clock
--------------------------
 There are 0 register/latch pins with multiple clocks.


8. checking generated_clocks
----------------------------
 There are 0 generated clocks that are not connected to a clock source.


9. checking loops
-----------------
 There are 0 combinational loops in the design.


10. checking partial_input_delay
--------------------------------
 There are 0 input ports with partial input delay specified.


11. checking partial_output_delay
---------------------------------
 There are 0 ports with partial output delay specified.


12. checking latch_loops
------------------------
 There are 0 combinational latch loops in the design through latch input



------------------------------------------------------------------------------------------------
| Design Timing Summary
| ---------------------
------------------------------------------------------------------------------------------------

    WNS(ns)      TNS(ns)  TNS Failing Endpoints  TNS Total Endpoints      WHS(ns)      THS(ns)  THS Failing Endpoints  THS Total Endpoints     WPWS(ns)     TPWS(ns)  TPWS Failing Endpoints  TPWS Total Endpoints  
    -------      -------  ---------------------  -------------------      -------      -------  ---------------------  -------------------     --------     --------  ----------------------  --------------------  
     13.033        0.000                      0                 8353        0.176        0.000                      0                 8353        0.345        0.000                       0                  1764  


All user specified timing constraints are met.


------------------------------------------------------------------------------------------------
| Clock Summary
| -------------
------------------------------------------------------------------------------------------------

Clock        Waveform(ns)         Period(ns)      Frequency(MHz)
-----        ------------         ----------      --------------
sys_clk_pin  {0.000 5.000}        10.000          100.000         
  clk0       {0.000 5.000}        10.000          100.000         
  clk2x      {0.000 2.500}        5.000           200.000         
  clkdv      {0.000 10.000}       20.000          50.000          
  clkfx      {0.000 1.250}        2.500           400.000         
  clkfx180   {1.250 2.500}        2.500           400.000         


------------------------------------------------------------------------------------------------
| Intra Clock Table
| -----------------
------------------------------------------------------------------------------------------------

Clock             WNS(ns)      TNS(ns)  TNS Failing Endpoints  TNS Total Endpoints      WHS(ns)      THS(ns)  THS Failing Endpoints  THS Total Endpoints     WPWS(ns)     TPWS(ns)  TPWS Failing Endpoints  TPWS Total Endpoints  
-----             -------      -------  ---------------------  -------------------      -------      -------  ---------------------  -------------------     --------     --------  ----------------------  --------------------  
sys_clk_pin                                                                                                                                                     3.000        0.000                       0                     1  
  clk0                                                                                                                                                          7.845        0.000                       0                     3  
  clk2x                                                                                                                                                         2.845        0.000                       0                     2  
  clkdv            13.033        0.000                      0                 8353        0.176        0.000                      0                 8353        8.750        0.000                       0                  1754  
  clkfx                                                                                                                                                         0.345        0.000                       0                     2  
  clkfx180                                                                                                                                                      0.345        0.000                       0                     2  


------------------------------------------------------------------------------------------------
| Inter Clock Table
| -----------------
------------------------------------------------------------------------------------------------

From Clock    To Clock          WNS(ns)      TNS(ns)  TNS Failing Endpoints  TNS Total Endpoints      WHS(ns)      THS(ns)  THS Failing Endpoints  THS Total Endpoints  
----------    --------          -------      -------  ---------------------  -------------------      -------      -------  ---------------------  -------------------  


------------------------------------------------------------------------------------------------
| Other Path Groups Table
| -----------------------
------------------------------------------------------------------------------------------------

Path Group    From Clock    To Clock          WNS(ns)      TNS(ns)  TNS Failing Endpoints  TNS Total Endpoints      WHS(ns)      THS(ns)  THS Failing Endpoints  THS Total Endpoints  
----------    ----------    --------          -------      -------  ---------------------  -------------------      -------      -------  ---------------------  -------------------  


------------------------------------------------------------------------------------------------
| Timing Details
| --------------
------------------------------------------------------------------------------------------------


---------------------------------------------------------------------------------------------------
From Clock:  sys_clk_pin
  To Clock:  sys_clk_pin

Setup :           NA  Failing Endpoints,  Worst Slack           NA  ,  Total Violation           NA
Hold  :           NA  Failing Endpoints,  Worst Slack           NA  ,  Total Violation           NA
PW    :            0  Failing Endpoints,  Worst Slack        3.000ns,  Total Violation        0.000ns
---------------------------------------------------------------------------------------------------


Pulse Width Checks
--------------------------------------------------------------------------------------
Clock Name:         sys_clk_pin
Waveform(ns):       { 0.000 5.000 }
Period(ns):         10.000
Sources:            { CLK_IN }

Check Type        Corner  Lib Pin            Reference Pin  Required(ns)  Actual(ns)  Slack(ns)  Location  Pin
Min Period        n/a     MMCME2_ADV/CLKIN1  n/a            1.249         10.000      8.751                dcm_sp_inst/CLKIN1
Max Period        n/a     MMCME2_ADV/CLKIN1  n/a            100.000       10.000      90.000               dcm_sp_inst/CLKIN1
Low Pulse Width   Fast    MMCME2_ADV/CLKIN1  n/a            2.000         5.000       3.000                dcm_sp_inst/CLKIN1
High Pulse Width  Slow    MMCME2_ADV/CLKIN1  n/a            2.000         5.000       3.000                dcm_sp_inst/CLKIN1



---------------------------------------------------------------------------------------------------
From Clock:  clk0
  To Clock:  clk0

Setup :           NA  Failing Endpoints,  Worst Slack           NA  ,  Total Violation           NA
Hold  :           NA  Failing Endpoints,  Worst Slack           NA  ,  Total Violation           NA
PW    :            0  Failing Endpoints,  Worst Slack        7.845ns,  Total Violation        0.000ns
---------------------------------------------------------------------------------------------------


Pulse Width Checks
--------------------------------------------------------------------------------------
Clock Name:         clk0
Waveform(ns):       { 0.000 5.000 }
Period(ns):         10.000
Sources:            { dcm_sp_inst/CLKFBOUT }

Check Type  Corner  Lib Pin             Reference Pin  Required(ns)  Actual(ns)  Slack(ns)  Location  Pin
Min Period  n/a     BUFG/I              n/a            2.155         10.000      7.845                BUFG_INST2/I
Max Period  n/a     MMCME2_ADV/CLKFBIN  n/a            100.000       10.000      90.000               dcm_sp_inst/CLKFBIN



---------------------------------------------------------------------------------------------------
From Clock:  clk2x
  To Clock:  clk2x

Setup :           NA  Failing Endpoints,  Worst Slack           NA  ,  Total Violation           NA
Hold  :           NA  Failing Endpoints,  Worst Slack           NA  ,  Total Violation           NA
PW    :            0  Failing Endpoints,  Worst Slack        2.845ns,  Total Violation        0.000ns
---------------------------------------------------------------------------------------------------


Pulse Width Checks
--------------------------------------------------------------------------------------
Clock Name:         clk2x
Waveform(ns):       { 0.000 2.500 }
Period(ns):         5.000
Sources:            { dcm_sp_inst/CLKOUT1 }

Check Type  Corner  Lib Pin             Reference Pin  Required(ns)  Actual(ns)  Slack(ns)  Location  Pin
Min Period  n/a     BUFG/I              n/a            2.155         5.000       2.845                BUFG_INST5/I
Max Period  n/a     MMCME2_ADV/CLKOUT1  n/a            213.360       5.000       208.360              dcm_sp_inst/CLKOUT1



---------------------------------------------------------------------------------------------------
From Clock:  clkdv
  To Clock:  clkdv

Setup :            0  Failing Endpoints,  Worst Slack       13.033ns,  Total Violation        0.000ns
Hold  :            0  Failing Endpoints,  Worst Slack        0.176ns,  Total Violation        0.000ns
PW    :            0  Failing Endpoints,  Worst Slack        8.750ns,  Total Violation        0.000ns
---------------------------------------------------------------------------------------------------


Max Delay Paths
--------------------------------------------------------------------------------------
Slack (MET) :             13.033ns  (required time - arrival time)
  Source:                 USER_DESIGN_INST_1/main_0_139862644373840/address_z_3_reg[1]/C
                            (rising edge-triggered cell FDRE clocked by clkdv  {rise@0.000ns fall@10.000ns period=20.000ns})
  Destination:            USER_DESIGN_INST_1/main_0_139862644373840/result_reg[25]/D
                            (rising edge-triggered cell FDRE clocked by clkdv  {rise@0.000ns fall@10.000ns period=20.000ns})
  Path Group:             clkdv
  Path Type:              Setup (Max at Slow Process Corner)
  Requirement:            20.000ns  (clkdv rise@20.000ns - clkdv rise@0.000ns)
  Data Path Delay:        6.882ns  (logic 3.030ns (44.028%)  route 3.852ns (55.972%))
  Logic Levels:           13  (CARRY4=7 LUT4=3 LUT6=3)
  Clock Path Skew:        -0.040ns (DCD - SCD + CPR)
    Destination Clock Delay (DCD):    -1.914ns = ( 18.086 - 20.000 ) 
    Source Clock Delay      (SCD):    -1.343ns
    Clock Pessimism Removal (CPR):    0.531ns
  Clock Uncertainty:      0.089ns  ((TSJ^2 + DJ^2)^1/2) / 2 + PE
    Total System Jitter     (TSJ):    0.071ns
    Discrete Jitter          (DJ):    0.163ns
    Phase Error              (PE):    0.000ns

    Location             Delay type                Incr(ns)  Path(ns)    Netlist Resource(s)
  -------------------------------------------------------------------    -------------------
                         (clock clkdv rise edge)      0.000     0.000 r  
    E3                                                0.000     0.000 r  CLK_IN (IN)
                         net (fo=0)                   0.000     0.000    CLK_IN
    E3                   IBUF (Prop_ibuf_I_O)         1.482     1.482 r  clkin1_buf/O
                         net (fo=1, unplaced)         0.803     2.285    CLKIN
                         MMCME2_ADV (Prop_mmcme2_adv_CLKIN1_CLKOUT4)
                                                     -5.330    -3.045 r  dcm_sp_inst/CLKOUT4
                         net (fo=1, unplaced)         0.803    -2.242    clkdv
                         BUFG (Prop_bufg_I_O)         0.096    -2.146 r  BUFG_INST1/O
                         net (fo=1753, unplaced)      0.803    -1.343    USER_DESIGN_INST_1/main_0_139862644373840/ETH_CLK_OBUF
                         FDRE                                         r  USER_DESIGN_INST_1/main_0_139862644373840/address_z_3_reg[1]/C
  -------------------------------------------------------------------    -------------------
                         FDRE (Prop_fdre_C_Q)         0.478    -0.865 r  USER_DESIGN_INST_1/main_0_139862644373840/address_z_3_reg[1]/Q
                         net (fo=98, unplaced)        0.862    -0.003    USER_DESIGN_INST_1/main_0_139862644373840/address_z_3[1]
                         LUT4 (Prop_lut4_I1_O)        0.295     0.292 f  USER_DESIGN_INST_1/main_0_139862644373840/read_input[31]_i_4/O
                         net (fo=49, unplaced)        0.531     0.823    USER_DESIGN_INST_1/main_0_139862644373840/read_input[31]_i_4_n_0
                         LUT6 (Prop_lut6_I1_O)        0.124     0.947 r  USER_DESIGN_INST_1/main_0_139862644373840/program_counter_rep[9]_i_18/O
                         net (fo=162, unplaced)       0.844     1.791    USER_DESIGN_INST_1/main_0_139862644373840/operand_a1
                         LUT4 (Prop_lut4_I1_O)        0.124     1.915 r  USER_DESIGN_INST_1/main_0_139862644373840/result[3]_i_15/O
                         net (fo=1, unplaced)         0.000     1.915    USER_DESIGN_INST_1/main_0_139862644373840/result[3]_i_15_n_0
                         CARRY4 (Prop_carry4_S[1]_CO[3])
                                                      0.533     2.448 r  USER_DESIGN_INST_1/main_0_139862644373840/result_reg[3]_i_8/CO[3]
                         net (fo=1, unplaced)         0.000     2.448    USER_DESIGN_INST_1/main_0_139862644373840/result_reg[3]_i_8_n_0
                         CARRY4 (Prop_carry4_CI_CO[3])
                                                      0.117     2.565 r  USER_DESIGN_INST_1/main_0_139862644373840/result_reg[7]_i_10/CO[3]
                         net (fo=1, unplaced)         0.000     2.565    USER_DESIGN_INST_1/main_0_139862644373840/result_reg[7]_i_10_n_0
                         CARRY4 (Prop_carry4_CI_CO[3])
                                                      0.117     2.682 r  USER_DESIGN_INST_1/main_0_139862644373840/result_reg[8]_i_11/CO[3]
                         net (fo=1, unplaced)         0.000     2.682    USER_DESIGN_INST_1/main_0_139862644373840/result_reg[8]_i_11_n_0
                         CARRY4 (Prop_carry4_CI_CO[3])
                                                      0.117     2.799 r  USER_DESIGN_INST_1/main_0_139862644373840/result_reg[12]_i_10/CO[3]
                         net (fo=1, unplaced)         0.000     2.799    USER_DESIGN_INST_1/main_0_139862644373840/result_reg[12]_i_10_n_0
                         CARRY4 (Prop_carry4_CI_CO[3])
                                                      0.117     2.916 r  USER_DESIGN_INST_1/main_0_139862644373840/result_reg[16]_i_8/CO[3]
                         net (fo=1, unplaced)         0.000     2.916    USER_DESIGN_INST_1/main_0_139862644373840/result_reg[16]_i_8_n_0
                         CARRY4 (Prop_carry4_CI_CO[3])
                                                      0.117     3.033 r  USER_DESIGN_INST_1/main_0_139862644373840/result_reg[27]_i_16/CO[3]
                         net (fo=1, unplaced)         0.000     3.033    USER_DESIGN_INST_1/main_0_139862644373840/result_reg[27]_i_16_n_0
                         CARRY4 (Prop_carry4_CI_O[1])
                                                      0.337     3.370 r  USER_DESIGN_INST_1/main_0_139862644373840/result_reg[27]_i_8/O[1]
                         net (fo=1, unplaced)         0.717     4.087    USER_DESIGN_INST_1/main_0_139862644373840/result_reg[27]_i_8_n_6
                         LUT4 (Prop_lut4_I0_O)        0.306     4.393 r  USER_DESIGN_INST_1/main_0_139862644373840/result[25]_i_6/O
                         net (fo=1, unplaced)         0.449     4.842    USER_DESIGN_INST_1/main_0_139862644373840/result[25]_i_6_n_0
                         LUT6 (Prop_lut6_I5_O)        0.124     4.966 r  USER_DESIGN_INST_1/main_0_139862644373840/result[25]_i_3/O
                         net (fo=1, unplaced)         0.449     5.415    USER_DESIGN_INST_1/main_0_139862644373840/result[25]_i_3_n_0
                         LUT6 (Prop_lut6_I1_O)        0.124     5.539 r  USER_DESIGN_INST_1/main_0_139862644373840/result[25]_i_1/O
                         net (fo=1, unplaced)         0.000     5.539    USER_DESIGN_INST_1/main_0_139862644373840/result[25]_i_1_n_0
                         FDRE                                         r  USER_DESIGN_INST_1/main_0_139862644373840/result_reg[25]/D
  -------------------------------------------------------------------    -------------------

                         (clock clkdv rise edge)     20.000    20.000 r  
    E3                                                0.000    20.000 r  CLK_IN (IN)
                         net (fo=0)                   0.000    20.000    CLK_IN
    E3                   IBUF (Prop_ibuf_I_O)         1.411    21.411 r  clkin1_buf/O
                         net (fo=1, unplaced)         0.763    22.174    CLKIN
                         MMCME2_ADV (Prop_mmcme2_adv_CLKIN1_CLKOUT4)
                                                     -5.705    16.469 r  dcm_sp_inst/CLKOUT4
                         net (fo=1, unplaced)         0.763    17.232    clkdv
                         BUFG (Prop_bufg_I_O)         0.091    17.323 r  BUFG_INST1/O
                         net (fo=1753, unplaced)      0.763    18.086    USER_DESIGN_INST_1/main_0_139862644373840/ETH_CLK_OBUF
                         FDRE                                         r  USER_DESIGN_INST_1/main_0_139862644373840/result_reg[25]/C
                         clock pessimism              0.531    18.617    
                         clock uncertainty           -0.089    18.528    
                         FDRE (Setup_fdre_C_D)        0.044    18.572    USER_DESIGN_INST_1/main_0_139862644373840/result_reg[25]
  -------------------------------------------------------------------
                         required time                         18.572    
                         arrival time                          -5.539    
  -------------------------------------------------------------------
                         slack                                 13.033    





Min Delay Paths
--------------------------------------------------------------------------------------
Slack (MET) :             0.176ns  (arrival time - required time)
  Source:                 ethernet_inst_1/RX_START_ADDRESS_reg[0]/C
                            (rising edge-triggered cell FDRE clocked by clkdv  {rise@0.000ns fall@10.000ns period=20.000ns})
  Destination:            ethernet_inst_1/RX_START_ADDRESS_BUFFER_reg_0_31_0_5/RAMA/I
                            (rising edge-triggered cell RAMD32 clocked by clkdv  {rise@0.000ns fall@10.000ns period=20.000ns})
  Path Group:             clkdv
  Path Type:              Hold (Min at Fast Process Corner)
  Requirement:            0.000ns  (clkdv rise@0.000ns - clkdv rise@0.000ns)
  Data Path Delay:        0.288ns  (logic 0.147ns (51.005%)  route 0.141ns (48.995%))
  Logic Levels:           0  
  Clock Path Skew:        0.018ns (DCD - SCD - CPR)
    Destination Clock Delay (DCD):    -0.973ns
    Source Clock Delay      (SCD):    -0.711ns
    Clock Pessimism Removal (CPR):    -0.280ns

    Location             Delay type                Incr(ns)  Path(ns)    Netlist Resource(s)
  -------------------------------------------------------------------    -------------------
                         (clock clkdv rise edge)      0.000     0.000 r  
    E3                                                0.000     0.000 r  CLK_IN (IN)
                         net (fo=0)                   0.000     0.000    CLK_IN
    E3                   IBUF (Prop_ibuf_I_O)         0.250     0.250 r  clkin1_buf/O
                         net (fo=1, unplaced)         0.338     0.588    CLKIN
                         MMCME2_ADV (Prop_mmcme2_adv_CLKIN1_CLKOUT4)
                                                     -2.002    -1.414 r  dcm_sp_inst/CLKOUT4
                         net (fo=1, unplaced)         0.338    -1.075    clkdv
                         BUFG (Prop_bufg_I_O)         0.026    -1.049 r  BUFG_INST1/O
                         net (fo=1753, unplaced)      0.338    -0.711    ethernet_inst_1/ETH_CLK_OBUF
                         FDRE                                         r  ethernet_inst_1/RX_START_ADDRESS_reg[0]/C
  -------------------------------------------------------------------    -------------------
                         FDRE (Prop_fdre_C_Q)         0.147    -0.564 r  ethernet_inst_1/RX_START_ADDRESS_reg[0]/Q
                         net (fo=1, unplaced)         0.141    -0.423    ethernet_inst_1/RX_START_ADDRESS_BUFFER_reg_0_31_0_5/DIA0
                         RAMD32                                       r  ethernet_inst_1/RX_START_ADDRESS_BUFFER_reg_0_31_0_5/RAMA/I
  -------------------------------------------------------------------    -------------------

                         (clock clkdv rise edge)      0.000     0.000 r  
    E3                                                0.000     0.000 r  CLK_IN (IN)
                         net (fo=0)                   0.000     0.000    CLK_IN
    E3                   IBUF (Prop_ibuf_I_O)         0.438     0.438 r  clkin1_buf/O
                         net (fo=1, unplaced)         0.356     0.794    CLKIN
                         MMCME2_ADV (Prop_mmcme2_adv_CLKIN1_CLKOUT4)
                                                     -2.509    -1.715 r  dcm_sp_inst/CLKOUT4
                         net (fo=1, unplaced)         0.356    -1.358    clkdv
                         BUFG (Prop_bufg_I_O)         0.029    -1.329 r  BUFG_INST1/O
                         net (fo=1753, unplaced)      0.356    -0.973    ethernet_inst_1/RX_START_ADDRESS_BUFFER_reg_0_31_0_5/WCLK
                         RAMD32                                       r  ethernet_inst_1/RX_START_ADDRESS_BUFFER_reg_0_31_0_5/RAMA/CLK
                         clock pessimism              0.280    -0.693    
                         RAMD32 (Hold_ramd32_CLK_I)
                                                      0.094    -0.599    ethernet_inst_1/RX_START_ADDRESS_BUFFER_reg_0_31_0_5/RAMA
  -------------------------------------------------------------------
                         required time                          0.599    
                         arrival time                          -0.423    
  -------------------------------------------------------------------
                         slack                                  0.176    





Pulse Width Checks
--------------------------------------------------------------------------------------
Clock Name:         clkdv
Waveform(ns):       { 0.000 10.000 }
Period(ns):         20.000
Sources:            { dcm_sp_inst/CLKOUT4 }

Check Type        Corner  Lib Pin             Reference Pin  Required(ns)  Actual(ns)  Slack(ns)  Location  Pin
Min Period        n/a     RAMB36E1/CLKARDCLK  n/a            2.576         20.000      17.424               CHARSVGA_INST_1/BRAM_INST_1/MEMORY_reg_0/CLKARDCLK
Max Period        n/a     MMCME2_ADV/CLKOUT4  n/a            213.360       20.000      193.360              dcm_sp_inst/CLKOUT4
Low Pulse Width   Slow    RAMD32/CLK          n/a            1.250         10.000      8.750                USER_DESIGN_INST_1/main_0_139862644373840/registers_reg_r1_0_15_0_5/RAMA/CLK
High Pulse Width  Fast    RAMD32/CLK          n/a            1.250         10.000      8.750                USER_DESIGN_INST_1/main_0_139862644373840/registers_reg_r1_0_15_0_5/RAMA/CLK



---------------------------------------------------------------------------------------------------
From Clock:  clkfx
  To Clock:  clkfx

Setup :           NA  Failing Endpoints,  Worst Slack           NA  ,  Total Violation           NA
Hold  :           NA  Failing Endpoints,  Worst Slack           NA  ,  Total Violation           NA
PW    :            0  Failing Endpoints,  Worst Slack        0.345ns,  Total Violation        0.000ns
---------------------------------------------------------------------------------------------------


Pulse Width Checks
--------------------------------------------------------------------------------------
Clock Name:         clkfx
Waveform(ns):       { 0.000 1.250 }
Period(ns):         2.500
Sources:            { dcm_sp_inst/CLKOUT0 }

Check Type  Corner  Lib Pin             Reference Pin  Required(ns)  Actual(ns)  Slack(ns)  Location  Pin
Min Period  n/a     BUFG/I              n/a            2.155         2.500       0.345                BUFG_INST3/I
Max Period  n/a     MMCME2_ADV/CLKOUT0  n/a            213.360       2.500       210.860              dcm_sp_inst/CLKOUT0



---------------------------------------------------------------------------------------------------
From Clock:  clkfx180
  To Clock:  clkfx180

Setup :           NA  Failing Endpoints,  Worst Slack           NA  ,  Total Violation           NA
Hold  :           NA  Failing Endpoints,  Worst Slack           NA  ,  Total Violation           NA
PW    :            0  Failing Endpoints,  Worst Slack        0.345ns,  Total Violation        0.000ns
---------------------------------------------------------------------------------------------------


Pulse Width Checks
--------------------------------------------------------------------------------------
Clock Name:         clkfx180
Waveform(ns):       { 1.250 2.500 }
Period(ns):         2.500
Sources:            { dcm_sp_inst/CLKOUT0B }

Check Type  Corner  Lib Pin              Reference Pin  Required(ns)  Actual(ns)  Slack(ns)  Location  Pin
Min Period  n/a     BUFG/I               n/a            2.155         2.500       0.345                BUFG_INST4/I
Max Period  n/a     MMCME2_ADV/CLKOUT0B  n/a            213.360       2.500       210.860              dcm_sp_inst/CLKOUT0B



