Copyright 1986-2015 Xilinx, Inc. All Rights Reserved.
------------------------------------------------------------------------------------
| Tool Version : Vivado v.2015.2 (lin64) Build 1266856 Fri Jun 26 16:35:25 MDT 2015
| Date         : Sun Jul 31 18:36:03 2016
| Host         : jon-GA-MA770T-ES3 running 64-bit Linux Mint 17.2 Rafaela
| Command      : report_timing_summary -file ./post_place_timing_summary.rpt
| Design       : BSP
| Device       : 7a100t-csg324
| Speed File   : -1  PRODUCTION 1.14 2014-09-11
------------------------------------------------------------------------------------

Timing Summary Report

------------------------------------------------------------------------------------------------
| Timer Settings
| --------------
------------------------------------------------------------------------------------------------

  Enable Multi Corner Analysis               :  Yes
  Enable Pessimism Removal                   :  Yes
  Pessimism Removal Resolution               :  Nearest Common Node
  Enable Input Delay Default Clock           :  No
  Enable Preset / Clear Arcs                 :  No
  Disable Flight Delays                      :  No

  Corner  Analyze    Analyze    
  Name    Max Paths  Min Paths  
  ------  ---------  ---------  
  Slow    Yes        Yes        
  Fast    Yes        Yes        



check_timing report

Table of Contents
-----------------
1. checking no_clock
2. checking constant_clock
3. checking pulse_width_clock
4. checking unconstrained_internal_endpoints
5. checking no_input_delay
6. checking no_output_delay
7. checking multiple_clock
8. checking generated_clocks
9. checking loops
10. checking partial_input_delay
11. checking partial_output_delay
12. checking latch_loops

1. checking no_clock
--------------------
 There are 0 register/latch pins with no clock.


2. checking constant_clock
--------------------------
 There are 0 register/latch pins with constant_clock.


3. checking pulse_width_clock
-----------------------------
 There are 0 register/latch pins which need pulse_width check


4. checking unconstrained_internal_endpoints
--------------------------------------------
 There are 0 pins that are not constrained for maximum delay.

 There are 0 pins that are not constrained for maximum delay due to constant clock.


5. checking no_input_delay
--------------------------
 There are 28 input ports with no input delay specified. (HIGH)

 There are 0 input ports with no input delay but user has a false path constraint.


6. checking no_output_delay
---------------------------
 There are 41 ports with no output delay specified. (HIGH)

 There are 0 ports with no output delay but user has a false path constraint

 There are 0 ports with no output delay but with a timing clock defined on it or propagating through it


7. checking multiple_clock
--------------------------
 There are 0 register/latch pins with multiple clocks.


8. checking generated_clocks
----------------------------
 There are 3 generated clocks that are not connected to a clock source. (HIGH)


9. checking loops
-----------------
 There are 0 combinational loops in the design.


10. checking partial_input_delay
--------------------------------
 There are 0 input ports with partial input delay specified.


11. checking partial_output_delay
---------------------------------
 There are 0 ports with partial output delay specified.


12. checking latch_loops
------------------------
 There are 0 combinational latch loops in the design through latch input



------------------------------------------------------------------------------------------------
| Design Timing Summary
| ---------------------
------------------------------------------------------------------------------------------------

    WNS(ns)      TNS(ns)  TNS Failing Endpoints  TNS Total Endpoints      WHS(ns)      THS(ns)  THS Failing Endpoints  THS Total Endpoints     WPWS(ns)     TPWS(ns)  TPWS Failing Endpoints  TPWS Total Endpoints  
    -------      -------  ---------------------  -------------------      -------      -------  ---------------------  -------------------     --------     --------  ----------------------  --------------------  
      8.530        0.000                      0                11322       -0.102       -2.085                     55                11322        3.000        0.000                       0                  2626  


Timing constraints are not met.


------------------------------------------------------------------------------------------------
| Clock Summary
| -------------
------------------------------------------------------------------------------------------------

Clock        Waveform(ns)         Period(ns)      Frequency(MHz)
-----        ------------         ----------      --------------
sys_clk_pin  {0.000 5.000}        10.000          100.000         
  clk0       {0.000 5.000}        10.000          100.000         
  clk2x      {0.000 2.500}        5.000           200.000         
  clkdv      {0.000 10.000}       20.000          50.000          
  clkfx      {0.000 1.250}        2.500           400.000         
  clkfx180   {1.250 2.500}        2.500           400.000         


------------------------------------------------------------------------------------------------
| Intra Clock Table
| -----------------
------------------------------------------------------------------------------------------------

Clock             WNS(ns)      TNS(ns)  TNS Failing Endpoints  TNS Total Endpoints      WHS(ns)      THS(ns)  THS Failing Endpoints  THS Total Endpoints     WPWS(ns)     TPWS(ns)  TPWS Failing Endpoints  TPWS Total Endpoints  
-----             -------      -------  ---------------------  -------------------      -------      -------  ---------------------  -------------------     --------     --------  ----------------------  --------------------  
sys_clk_pin                                                                                                                                                     3.000        0.000                       0                     1  
  clk0                                                                                                                                                          7.845        0.000                       0                     3  
  clkdv             8.530        0.000                      0                11322       -0.102       -2.085                     55                11322        8.750        0.000                       0                  2622  


------------------------------------------------------------------------------------------------
| Inter Clock Table
| -----------------
------------------------------------------------------------------------------------------------

From Clock    To Clock          WNS(ns)      TNS(ns)  TNS Failing Endpoints  TNS Total Endpoints      WHS(ns)      THS(ns)  THS Failing Endpoints  THS Total Endpoints  
----------    --------          -------      -------  ---------------------  -------------------      -------      -------  ---------------------  -------------------  


------------------------------------------------------------------------------------------------
| Other Path Groups Table
| -----------------------
------------------------------------------------------------------------------------------------

Path Group    From Clock    To Clock          WNS(ns)      TNS(ns)  TNS Failing Endpoints  TNS Total Endpoints      WHS(ns)      THS(ns)  THS Failing Endpoints  THS Total Endpoints  
----------    ----------    --------          -------      -------  ---------------------  -------------------      -------      -------  ---------------------  -------------------  


------------------------------------------------------------------------------------------------
| Timing Details
| --------------
------------------------------------------------------------------------------------------------


---------------------------------------------------------------------------------------------------
From Clock:  sys_clk_pin
  To Clock:  sys_clk_pin

Setup :           NA  Failing Endpoints,  Worst Slack           NA  ,  Total Violation           NA
Hold  :           NA  Failing Endpoints,  Worst Slack           NA  ,  Total Violation           NA
PW    :            0  Failing Endpoints,  Worst Slack        3.000ns,  Total Violation        0.000ns
---------------------------------------------------------------------------------------------------


Pulse Width Checks
--------------------------------------------------------------------------------------
Clock Name:         sys_clk_pin
Waveform(ns):       { 0.000 5.000 }
Period(ns):         10.000
Sources:            { CLK_IN }

Check Type        Corner  Lib Pin            Reference Pin  Required(ns)  Actual(ns)  Slack(ns)  Location         Pin
Min Period        n/a     MMCME2_ADV/CLKIN1  n/a            1.249         10.000      8.751      MMCME2_ADV_X1Y2  dcm_sp_inst/CLKIN1
Max Period        n/a     MMCME2_ADV/CLKIN1  n/a            100.000       10.000      90.000     MMCME2_ADV_X1Y2  dcm_sp_inst/CLKIN1
Low Pulse Width   Slow    MMCME2_ADV/CLKIN1  n/a            2.000         5.000       3.000      MMCME2_ADV_X1Y2  dcm_sp_inst/CLKIN1
High Pulse Width  Slow    MMCME2_ADV/CLKIN1  n/a            2.000         5.000       3.000      MMCME2_ADV_X1Y2  dcm_sp_inst/CLKIN1



---------------------------------------------------------------------------------------------------
From Clock:  clk0
  To Clock:  clk0

Setup :           NA  Failing Endpoints,  Worst Slack           NA  ,  Total Violation           NA
Hold  :           NA  Failing Endpoints,  Worst Slack           NA  ,  Total Violation           NA
PW    :            0  Failing Endpoints,  Worst Slack        7.845ns,  Total Violation        0.000ns
---------------------------------------------------------------------------------------------------


Pulse Width Checks
--------------------------------------------------------------------------------------
Clock Name:         clk0
Waveform(ns):       { 0.000 5.000 }
Period(ns):         10.000
Sources:            { dcm_sp_inst/CLKFBOUT }

Check Type  Corner  Lib Pin             Reference Pin  Required(ns)  Actual(ns)  Slack(ns)  Location         Pin
Min Period  n/a     BUFG/I              n/a            2.155         10.000      7.845      BUFGCTRL_X0Y17   BUFG_INST2/I
Max Period  n/a     MMCME2_ADV/CLKFBIN  n/a            100.000       10.000      90.000     MMCME2_ADV_X1Y2  dcm_sp_inst/CLKFBIN



---------------------------------------------------------------------------------------------------
From Clock:  clkdv
  To Clock:  clkdv

Setup :            0  Failing Endpoints,  Worst Slack        8.530ns,  Total Violation        0.000ns
Hold  :           55  Failing Endpoints,  Worst Slack       -0.102ns,  Total Violation       -2.085ns
PW    :            0  Failing Endpoints,  Worst Slack        8.750ns,  Total Violation        0.000ns
---------------------------------------------------------------------------------------------------


Max Delay Paths
--------------------------------------------------------------------------------------
Slack (MET) :             8.530ns  (required time - arrival time)
  Source:                 USER_DESIGN_INST_1/main_1_139862648885544/address_a_2_reg[1]/C
                            (rising edge-triggered cell FDRE clocked by clkdv  {rise@0.000ns fall@10.000ns period=20.000ns})
  Destination:            USER_DESIGN_INST_1/main_1_139862648885544/program_counter_reg_rep_7/ADDRARDADDR[2]
                            (rising edge-triggered cell RAMB18E1 clocked by clkdv  {rise@0.000ns fall@10.000ns period=20.000ns})
  Path Group:             clkdv
  Path Type:              Setup (Max at Slow Process Corner)
  Requirement:            20.000ns  (clkdv rise@20.000ns - clkdv rise@0.000ns)
  Data Path Delay:        10.800ns  (logic 1.988ns (18.407%)  route 8.812ns (81.593%))
  Logic Levels:           8  (LUT3=1 LUT6=6 RAMD32=1)
  Clock Path Skew:        -0.016ns (DCD - SCD + CPR)
    Destination Clock Delay (DCD):    -1.477ns = ( 18.523 - 20.000 ) 
    Source Clock Delay      (SCD):    -0.909ns
    Clock Pessimism Removal (CPR):    0.552ns
  Clock Uncertainty:      0.089ns  ((TSJ^2 + DJ^2)^1/2) / 2 + PE
    Total System Jitter     (TSJ):    0.071ns
    Discrete Jitter          (DJ):    0.163ns
    Phase Error              (PE):    0.000ns

    Location             Delay type                Incr(ns)  Path(ns)    Netlist Resource(s)
  -------------------------------------------------------------------    -------------------
                         (clock clkdv rise edge)      0.000     0.000 r  
    E3                                                0.000     0.000 r  CLK_IN (IN)
                         net (fo=0)                   0.000     0.000    CLK_IN
    E3                   IBUF (Prop_ibuf_I_O)         1.482     1.482 r  clkin1_buf/O
                         net (fo=1, estimated)        1.233     2.715    CLKIN
    MMCME2_ADV_X1Y2      MMCME2_ADV (Prop_mmcme2_adv_CLKIN1_CLKOUT4)
                                                     -7.154    -4.439 r  dcm_sp_inst/CLKOUT4
                         net (fo=1, estimated)        1.719    -2.720    clkdv
    BUFGCTRL_X0Y16       BUFG (Prop_bufg_I_O)         0.096    -2.624 r  BUFG_INST1/O
                         net (fo=2621, estimated)     1.715    -0.909    USER_DESIGN_INST_1/main_1_139862648885544/ETH_CLK_OBUF
    SLICE_X74Y90         FDRE                                         r  USER_DESIGN_INST_1/main_1_139862648885544/address_a_2_reg[1]/C
  -------------------------------------------------------------------    -------------------
    SLICE_X74Y90         FDRE (Prop_fdre_C_Q)         0.518    -0.391 r  USER_DESIGN_INST_1/main_1_139862648885544/address_a_2_reg[1]/Q
                         net (fo=37, estimated)       1.413     1.022    USER_DESIGN_INST_1/main_1_139862648885544/registers_reg_r2_0_15_24_29/ADDRB1
    SLICE_X80Y100        RAMD32 (Prop_ramd32_RADR1_O)
                                                      0.152     1.174 f  USER_DESIGN_INST_1/main_1_139862648885544/registers_reg_r2_0_15_24_29/RAMB/O
                         net (fo=11, estimated)       1.354     2.528    USER_DESIGN_INST_1/main_1_139862648885544/register_a[26]
    SLICE_X84Y98         LUT3 (Prop_lut3_I2_O)        0.370     2.898 f  USER_DESIGN_INST_1/main_1_139862648885544/write_output[26]_i_1/O
                         net (fo=12, estimated)       1.511     4.409    USER_DESIGN_INST_1/main_1_139862648885544/write_output[26]_i_1_n_0
    SLICE_X71Y95         LUT6 (Prop_lut6_I2_O)        0.328     4.737 f  USER_DESIGN_INST_1/main_1_139862648885544/state[2]_i_14/O
                         net (fo=1, estimated)        0.265     5.002    USER_DESIGN_INST_1/main_1_139862648885544/state[2]_i_14_n_0
    SLICE_X71Y95         LUT6 (Prop_lut6_I4_O)        0.124     5.126 f  USER_DESIGN_INST_1/main_1_139862648885544/state[2]_i_11/O
                         net (fo=1, estimated)        0.525     5.651    USER_DESIGN_INST_1/main_1_139862648885544/state[2]_i_11_n_0
    SLICE_X75Y95         LUT6 (Prop_lut6_I5_O)        0.124     5.775 r  USER_DESIGN_INST_1/main_1_139862648885544/state[2]_i_7/O
                         net (fo=17, estimated)       0.808     6.583    USER_DESIGN_INST_1/main_1_139862648885544/state[2]_i_7_n_0
    SLICE_X87Y93         LUT6 (Prop_lut6_I0_O)        0.124     6.707 f  USER_DESIGN_INST_1/main_1_139862648885544/program_counter[12]_i_4/O
                         net (fo=28, estimated)       0.665     7.372    USER_DESIGN_INST_1/main_1_139862648885544/program_counter[12]_i_4_n_0
    SLICE_X85Y90         LUT6 (Prop_lut6_I0_O)        0.124     7.496 f  USER_DESIGN_INST_1/main_1_139862648885544/program_counter[15]_i_3__0/O
                         net (fo=29, estimated)       0.651     8.147    USER_DESIGN_INST_1/main_1_139862648885544/program_counter[15]_i_3__0_n_0
    SLICE_X83Y86         LUT6 (Prop_lut6_I4_O)        0.124     8.271 r  USER_DESIGN_INST_1/main_1_139862648885544/program_counter_reg_rep_0_i_13/O
                         net (fo=8, estimated)        1.620     9.891    USER_DESIGN_INST_1/main_1_139862648885544/program_counter_reg_rep_0_i_13_n_0
    RAMB18_X2Y26         RAMB18E1                                     r  USER_DESIGN_INST_1/main_1_139862648885544/program_counter_reg_rep_7/ADDRARDADDR[2]
  -------------------------------------------------------------------    -------------------

                         (clock clkdv rise edge)     20.000    20.000 r  
    E3                                                0.000    20.000 r  CLK_IN (IN)
                         net (fo=0)                   0.000    20.000    CLK_IN
    E3                   IBUF (Prop_ibuf_I_O)         1.411    21.411 r  clkin1_buf/O
                         net (fo=1, estimated)        1.171    22.583    CLKIN
    MMCME2_ADV_X1Y2      MMCME2_ADV (Prop_mmcme2_adv_CLKIN1_CLKOUT4)
                                                     -7.404    15.179 r  dcm_sp_inst/CLKOUT4
                         net (fo=1, estimated)        1.633    16.812    clkdv
    BUFGCTRL_X0Y16       BUFG (Prop_bufg_I_O)         0.091    16.903 r  BUFG_INST1/O
                         net (fo=2621, estimated)     1.620    18.523    USER_DESIGN_INST_1/main_1_139862648885544/ETH_CLK_OBUF
    RAMB18_X2Y26         RAMB18E1                                     r  USER_DESIGN_INST_1/main_1_139862648885544/program_counter_reg_rep_7/CLKARDCLK
                         clock pessimism              0.552    19.075    
                         clock uncertainty           -0.089    18.986    
    RAMB18_X2Y26         RAMB18E1 (Setup_ramb18e1_CLKARDCLK_ADDRARDADDR[2])
                                                     -0.566    18.420    USER_DESIGN_INST_1/main_1_139862648885544/program_counter_reg_rep_7
  -------------------------------------------------------------------
                         required time                         18.420    
                         arrival time                          -9.891    
  -------------------------------------------------------------------
                         slack                                  8.530    





Min Delay Paths
--------------------------------------------------------------------------------------
Slack (VIOLATED) :        -0.102ns  (arrival time - required time)
  Source:                 ethernet_inst_1/RX_WRITE_DATA_reg[0]/C
                            (rising edge-triggered cell FDRE clocked by clkdv  {rise@0.000ns fall@10.000ns period=20.000ns})
  Destination:            ethernet_inst_1/RX_MEMORY_reg_1280_1343_0_2/RAMA/I
                            (rising edge-triggered cell RAMD64E clocked by clkdv  {rise@0.000ns fall@10.000ns period=20.000ns})
  Path Group:             clkdv
  Path Type:              Hold (Min at Fast Process Corner)
  Requirement:            0.000ns  (clkdv rise@0.000ns - clkdv rise@0.000ns)
  Data Path Delay:        0.321ns  (logic 0.141ns (43.869%)  route 0.180ns (56.131%))
  Logic Levels:           0  
  Clock Path Skew:        0.276ns (DCD - SCD - CPR)
    Destination Clock Delay (DCD):    -0.812ns
    Source Clock Delay      (SCD):    -0.564ns
    Clock Pessimism Removal (CPR):    -0.525ns

    Location             Delay type                Incr(ns)  Path(ns)    Netlist Resource(s)
  -------------------------------------------------------------------    -------------------
                         (clock clkdv rise edge)      0.000     0.000 r  
    E3                                                0.000     0.000 r  CLK_IN (IN)
                         net (fo=0)                   0.000     0.000    CLK_IN
    E3                   IBUF (Prop_ibuf_I_O)         0.250     0.250 r  clkin1_buf/O
                         net (fo=1, estimated)        0.520     0.769    CLKIN
    MMCME2_ADV_X1Y2      MMCME2_ADV (Prop_mmcme2_adv_CLKIN1_CLKOUT4)
                                                     -2.648    -1.878 r  dcm_sp_inst/CLKOUT4
                         net (fo=1, estimated)        0.725    -1.154    clkdv
    BUFGCTRL_X0Y16       BUFG (Prop_bufg_I_O)         0.026    -1.128 r  BUFG_INST1/O
                         net (fo=2621, estimated)     0.564    -0.564    ethernet_inst_1/ETH_CLK_OBUF
    SLICE_X36Y100        FDRE                                         r  ethernet_inst_1/RX_WRITE_DATA_reg[0]/C
  -------------------------------------------------------------------    -------------------
    SLICE_X36Y100        FDRE (Prop_fdre_C_Q)         0.141    -0.423 r  ethernet_inst_1/RX_WRITE_DATA_reg[0]/Q
                         net (fo=33, estimated)       0.180    -0.242    ethernet_inst_1/RX_MEMORY_reg_1280_1343_0_2/DIA
    SLICE_X38Y99         RAMD64E                                      r  ethernet_inst_1/RX_MEMORY_reg_1280_1343_0_2/RAMA/I
  -------------------------------------------------------------------    -------------------

                         (clock clkdv rise edge)      0.000     0.000 r  
    E3                                                0.000     0.000 r  CLK_IN (IN)
                         net (fo=0)                   0.000     0.000    CLK_IN
    E3                   IBUF (Prop_ibuf_I_O)         0.438     0.438 r  clkin1_buf/O
                         net (fo=1, estimated)        0.547     0.985    CLKIN
    MMCME2_ADV_X1Y2      MMCME2_ADV (Prop_mmcme2_adv_CLKIN1_CLKOUT4)
                                                     -3.429    -2.444 r  dcm_sp_inst/CLKOUT4
                         net (fo=1, estimated)        0.763    -1.681    clkdv
    BUFGCTRL_X0Y16       BUFG (Prop_bufg_I_O)         0.029    -1.652 r  BUFG_INST1/O
                         net (fo=2621, estimated)     0.840    -0.812    ethernet_inst_1/RX_MEMORY_reg_1280_1343_0_2/WCLK
    SLICE_X38Y99         RAMD64E                                      r  ethernet_inst_1/RX_MEMORY_reg_1280_1343_0_2/RAMA/CLK
                         clock pessimism              0.525    -0.288    
    SLICE_X38Y99         RAMD64E (Hold_ramd64e_CLK_I)
                                                      0.147    -0.141    ethernet_inst_1/RX_MEMORY_reg_1280_1343_0_2/RAMA
  -------------------------------------------------------------------
                         required time                          0.141    
                         arrival time                          -0.242    
  -------------------------------------------------------------------
                         slack                                 -0.102    





Pulse Width Checks
--------------------------------------------------------------------------------------
Clock Name:         clkdv
Waveform(ns):       { 0.000 10.000 }
Period(ns):         20.000
Sources:            { dcm_sp_inst/CLKOUT4 }

Check Type        Corner  Lib Pin             Reference Pin  Required(ns)  Actual(ns)  Slack(ns)  Location         Pin
Min Period        n/a     RAMB36E1/CLKARDCLK  n/a            2.576         20.000      17.424     RAMB36_X2Y26     CHARSVGA_INST_1/BRAM_INST_1/MEMORY_reg_0/CLKARDCLK
Max Period        n/a     MMCME2_ADV/CLKOUT4  n/a            213.360       20.000      193.360    MMCME2_ADV_X1Y2  dcm_sp_inst/CLKOUT4
Low Pulse Width   Slow    RAMD32/CLK          n/a            1.250         10.000      8.750      SLICE_X74Y109    USER_DESIGN_INST_1/main_0_139862652896896/registers_reg_r1_0_15_18_23/RAMA/CLK
High Pulse Width  Fast    RAMD32/CLK          n/a            1.250         10.000      8.750      SLICE_X74Y112    USER_DESIGN_INST_1/main_0_139862652896896/registers_reg_r1_0_15_24_29/RAMA/CLK



