Copyright 1986-2016 Xilinx, Inc. All Rights Reserved.
----------------------------------------------------------------------------------------
| Tool Version     : Vivado v.2016.3 (lin64) Build 1682563 Mon Oct 10 19:07:26 MDT 2016
| Date             : Thu Dec  1 21:04:54 2016
| Host             : jon-GA-MA770T-ES3 running 64-bit Linux Mint 17.2 Rafaela
| Command          : report_power -file ./post_route_power.rpt
| Design           : bsp
| Device           : xc7a15tcpg236-1
| Design State     : routed
| Grade            : commercial
| Process          : typical
| Characterization : Production
----------------------------------------------------------------------------------------

Power Report

Table of Contents
-----------------
1. Summary
1.1 On-Chip Components
1.2 Power Supply Summary
1.3 Confidence Level
2. Settings
2.1 Environment
2.2 Clock Constraints
3. Detailed Reports
3.1 By Hierarchy

1. Summary
----------

+--------------------------+-------+
| Total On-Chip Power (W)  | 0.417 |
| Dynamic (W)              | 0.344 |
| Device Static (W)        | 0.074 |
| Effective TJA (C/W)      | 5.0   |
| Max Ambient (C)          | 82.9  |
| Junction Temperature (C) | 27.1  |
| Confidence Level         | Low   |
| Setting File             | ---   |
| Simulation Activity File | ---   |
| Design Nets Matched      | NA    |
+--------------------------+-------+


1.1 On-Chip Components
----------------------

+--------------------------+-----------+----------+-----------+-----------------+
| On-Chip                  | Power (W) | Used     | Available | Utilization (%) |
+--------------------------+-----------+----------+-----------+-----------------+
| Clocks                   |     0.014 |        8 |       --- |             --- |
| Slice Logic              |     0.019 |     5822 |       --- |             --- |
|   LUT as Logic           |     0.016 |     2369 |     10400 |           22.78 |
|   Register               |     0.002 |     2602 |     20800 |           12.51 |
|   CARRY4                 |     0.002 |      331 |      8150 |            4.06 |
|   LUT as Distributed RAM |    <0.001 |       48 |      9600 |            0.50 |
|   LUT as Shift Register  |    <0.001 |        1 |      9600 |            0.01 |
|   F7/F8 Muxes            |    <0.001 |        1 |     32600 |           <0.01 |
|   Others                 |     0.000 |       57 |       --- |             --- |
| Signals                  |     0.031 |     5160 |       --- |             --- |
| Block RAM                |     0.049 |       22 |        25 |           88.00 |
| MMCM                     |     0.084 |        1 |         5 |           20.00 |
| PLL                      |     0.094 |        1 |         5 |           20.00 |
| DSPs                     |     0.018 |       19 |        45 |           42.22 |
| I/O                      |     0.034 |       19 |       106 |           17.92 |
| Static Power             |     0.074 |          |           |                 |
| Total                    |     0.417 |          |           |                 |
+--------------------------+-----------+----------+-----------+-----------------+


1.2 Power Supply Summary
------------------------

+-----------+-------------+-----------+-------------+------------+
| Source    | Voltage (V) | Total (A) | Dynamic (A) | Static (A) |
+-----------+-------------+-----------+-------------+------------+
| Vccint    |       1.000 |     0.146 |       0.135 |      0.011 |
| Vccaux    |       1.800 |     0.109 |       0.096 |      0.013 |
| Vcco33    |       3.300 |     0.011 |       0.010 |      0.001 |
| Vcco25    |       2.500 |     0.000 |       0.000 |      0.000 |
| Vcco18    |       1.800 |     0.000 |       0.000 |      0.000 |
| Vcco15    |       1.500 |     0.000 |       0.000 |      0.000 |
| Vcco135   |       1.350 |     0.000 |       0.000 |      0.000 |
| Vcco12    |       1.200 |     0.000 |       0.000 |      0.000 |
| Vccaux_io |       1.800 |     0.000 |       0.000 |      0.000 |
| Vccbram   |       1.000 |     0.005 |       0.004 |      0.001 |
| MGTAVcc   |       1.000 |     0.000 |       0.000 |      0.000 |
| MGTAVtt   |       1.200 |     0.000 |       0.000 |      0.000 |
| Vccadc    |       1.800 |     0.020 |       0.000 |      0.020 |
+-----------+-------------+-----------+-------------+------------+


1.3 Confidence Level
--------------------

+-----------------------------+------------+--------------------------------------------------------+------------------------------------------------------------------------------------------------------------+
| User Input Data             | Confidence | Details                                                | Action                                                                                                     |
+-----------------------------+------------+--------------------------------------------------------+------------------------------------------------------------------------------------------------------------+
| Design implementation state | High       | Design is routed                                       |                                                                                                            |
| Clock nodes activity        | High       | User specified more than 95% of clocks                 |                                                                                                            |
| I/O nodes activity          | Low        | More than 75% of inputs are missing user specification | Provide missing input activity with simulation results or by editing the "By Resource Type -> I/Os" view   |
| Internal nodes activity     | Medium     | User specified less than 25% of internal nodes         | Provide missing internal nodes activity with simulation results or by editing the "By Resource Type" views |
| Device models               | High       | Device models are Production                           |                                                                                                            |
|                             |            |                                                        |                                                                                                            |
| Overall confidence level    | Low        |                                                        |                                                                                                            |
+-----------------------------+------------+--------------------------------------------------------+------------------------------------------------------------------------------------------------------------+


2. Settings
-----------

2.1 Environment
---------------

+-----------------------+--------------------------+
| Ambient Temp (C)      | 25.0                     |
| ThetaJA (C/W)         | 5.0                      |
| Airflow (LFM)         | 250                      |
| Heat Sink             | medium (Medium Profile)  |
| ThetaSA (C/W)         | 4.6                      |
| Board Selection       | medium (10"x10")         |
| # of Board Layers     | 12to15 (12 to 15 Layers) |
| Board Temperature (C) | 25.0                     |
+-----------------------+--------------------------+


2.2 Clock Constraints
---------------------

+-------------+-----------------------------------------------------------------+-----------------+
| Clock       | Domain                                                          | Constraint (ns) |
+-------------+-----------------------------------------------------------------+-----------------+
| clk100      | clk100                                                          |            10.0 |
| clk_100_s   | transmitter_inst_1/dac_interface_inst_1/serdes_inst_1/clk_100_s |            10.0 |
| clk_400_s   | transmitter_inst_1/dac_interface_inst_1/serdes_inst_1/clk_400_s |             2.5 |
| clkfbout    | clkfbout                                                        |            83.3 |
| clkfbout_1  | transmitter_inst_1/dac_interface_inst_1/serdes_inst_1/clkfbout  |            10.0 |
| sys_clk_pin | clk_in                                                          |            83.3 |
+-------------+-----------------------------------------------------------------+-----------------+


3. Detailed Reports
-------------------

3.1 By Hierarchy
----------------

+-----------------------------------+-----------+
| Name                              | Power (W) |
+-----------------------------------+-----------+
| bsp                               |     0.344 |
|   pps1                            |    <0.001 |
|   serial_input_inst_1             |     0.008 |
|     fifo_1                        |     0.008 |
|   serial_input_inst_2             |     0.007 |
|     fifo_1                        |     0.006 |
|   serial_output_inst_1            |    <0.001 |
|   serial_output_inst_2            |    <0.001 |
|   transmitter_inst_1              |     0.166 |
|     dac_interface_inst_1          |     0.112 |
|       lfsr_0                      |     0.002 |
|       lfsr_1                      |     0.002 |
|       lfsr_2                      |     0.002 |
|       lfsr_3                      |     0.002 |
|       lfsr_4                      |     0.002 |
|       lfsr_5                      |     0.002 |
|       lfsr_6                      |     0.002 |
|       lfsr_7                      |     0.002 |
|       serdes_inst_1               |     0.097 |
|     interpolate_inst_1            |     0.005 |
|     interpolate_inst_2            |     0.005 |
|     nco_inst_1                    |     0.026 |
|   user_design_inst_1              |     0.041 |
|     main_0_139976662531104        |     0.041 |
|       registers_reg_r1_0_15_0_5   |    <0.001 |
|       registers_reg_r1_0_15_12_17 |    <0.001 |
|       registers_reg_r1_0_15_18_23 |    <0.001 |
|       registers_reg_r1_0_15_24_29 |    <0.001 |
|       registers_reg_r1_0_15_30_31 |    <0.001 |
|       registers_reg_r1_0_15_6_11  |    <0.001 |
|       registers_reg_r2_0_15_0_5   |    <0.001 |
|       registers_reg_r2_0_15_12_17 |    <0.001 |
|       registers_reg_r2_0_15_18_23 |    <0.001 |
|       registers_reg_r2_0_15_24_29 |    <0.001 |
|       registers_reg_r2_0_15_30_31 |    <0.001 |
|       registers_reg_r2_0_15_6_11  |    <0.001 |
+-----------------------------------+-----------+


