#
# An unexpected error has occurred (11)
#
Stack:
/lib/x86_64-linux-gnu/libc.so.6(+0x36d40) [0x7fa91c2d2d40]
/home/storage/Xilinx/Vivado/2015.2/lib/lnx64.o/librdi_device.so(HDDMSiteType::~HDDMSiteType()+0x42a) [0x7fa903af64fa]
/home/storage/Xilinx/Vivado/2015.2/lib/lnx64.o/librdi_device.so(HDDMDevice::~HDDMDevice()+0x3d1) [0x7fa903a8f131]
/home/storage/Xilinx/Vivado/2015.2/lib/lnx64.o/librdi_device.so(HDDMDeviceCache::flushCache()+0x29) [0x7fa903a8fc29]
/lib/x86_64-linux-gnu/libc.so.6(+0x3c259) [0x7fa91c2d8259]
/lib/x86_64-linux-gnu/libc.so.6(+0x3c2a5) [0x7fa91c2d82a5]
/home/storage/Xilinx/Vivado/2015.2/lib/lnx64.o/libtcl8.5.so(+0x74371) [0x7fa918387371]
/home/storage/Xilinx/Vivado/2015.2/lib/lnx64.o/libtcl8.5.so(+0x3b7ef) [0x7fa91834e7ef]
/home/storage/Xilinx/Vivado/2015.2/lib/lnx64.o/libtcl8.5.so(+0x331f5) [0x7fa9183461f5]
/home/storage/Xilinx/Vivado/2015.2/lib/lnx64.o/libtcl8.5.so(+0x34d6b) [0x7fa918347d6b]
/home/storage/Xilinx/Vivado/2015.2/lib/lnx64.o/libtcl8.5.so(Tcl_EvalEx+0x16) [0x7fa918348276]
/home/storage/Xilinx/Vivado/2015.2/lib/lnx64.o/libtcl8.5.so(Tcl_Eval+0x15) [0x7fa918348295]
/home/storage/Xilinx/Vivado/2015.2/lib/lnx64.o/librdi_commontasks.so(+0x30ddf3) [0x7fa9145f3df3]
/home/storage/Xilinx/Vivado/2015.2/lib/lnx64.o/librdi_commontasks.so(+0x3078e3) [0x7fa9145ed8e3]
/home/storage/Xilinx/Vivado/2015.2/lib/lnx64.o/librdi_common.so(+0x62104f) [0x7fa91d3a604f]
/home/storage/Xilinx/Vivado/2015.2/lib/lnx64.o/libtcl8.5.so(+0x331f5) [0x7fa9183461f5]
/home/storage/Xilinx/Vivado/2015.2/lib/lnx64.o/libtcl8.5.so(Tcl_EvalObjv+0x32) [0x7fa9183467e2]
/home/storage/Xilinx/Vivado/2015.2/lib/lnx64.o/libtcl8.5.so(TclEvalObjEx+0x322) [0x7fa9183485d2]
/home/storage/Xilinx/Vivado/2015.2/lib/lnx64.o/librdi_commonmain.so(+0x7110) [0x7fa91cb80110]
/home/storage/Xilinx/Vivado/2015.2/lib/lnx64.o/libtcl8.5.so(Tcl_Main+0x1d5) [0x7fa9183b3175]
/home/storage/Xilinx/Vivado/2015.2/lib/lnx64.o/librdi_common.so(+0x659c89) [0x7fa91d3dec89]
/lib/x86_64-linux-gnu/libpthread.so.0(+0x8182) [0x7fa91bd80182]
/lib/x86_64-linux-gnu/libc.so.6(clone+0x6d) [0x7fa91c39647d]
