#
# An unexpected error has occurred (11)
#
Stack:
/lib/x86_64-linux-gnu/libc.so.6(+0x36d40) [0x7f8d19c13d40]
/home/storage/Xilinx/Vivado/2015.2/lib/lnx64.o/librdi_device.so(HDNTStringConstant::~HDNTStringConstant()+0x143) [0x7f8d015d8553]
/home/storage/Xilinx/Vivado/2015.2/lib/lnx64.o/librdi_device.so(HDNTFunctionCall::~HDNTFunctionCall()+0x46) [0x7f8d015ca7d6]
/home/storage/Xilinx/Vivado/2015.2/lib/lnx64.o/librdi_device.so(HDNTFunctionCall::~HDNTFunctionCall()+0x9) [0x7f8d015ca829]
/home/storage/Xilinx/Vivado/2015.2/lib/lnx64.o/librdi_device.so(HDNTAssignProperty::~HDNTAssignProperty()+0x21) [0x7f8d015ca721]
/home/storage/Xilinx/Vivado/2015.2/lib/lnx64.o/librdi_device.so(HDNTAssignBlockProperty::~HDNTAssignBlockProperty()+0x17) [0x7f8d015cd607]
/home/storage/Xilinx/Vivado/2015.2/lib/lnx64.o/librdi_device.so(HDNTNetlist::~HDNTNetlist()+0x12e) [0x7f8d015ca36e]
/home/storage/Xilinx/Vivado/2015.2/lib/lnx64.o/librdi_device.so(HDNTNetlist::~HDNTNetlist()+0x9) [0x7f8d015ca569]
/home/storage/Xilinx/Vivado/2015.2/lib/lnx64.o/librdi_device.so(HDNTBlock::~HDNTBlock()+0xa6) [0x7f8d015b8e66]
/home/storage/Xilinx/Vivado/2015.2/lib/lnx64.o/librdi_device.so(HDNTBlock::~HDNTBlock()+0x9) [0x7f8d015b9539]
/home/storage/Xilinx/Vivado/2015.2/lib/lnx64.o/librdi_device.so(HDNTLibrary::~HDNTLibrary()+0x3e) [0x7f8d015c1a6e]
/home/storage/Xilinx/Vivado/2015.2/lib/lnx64.o/librdi_device.so(HDNTLibrary::~HDNTLibrary()+0x9) [0x7f8d015c1cb9]
/home/storage/Xilinx/Vivado/2015.2/lib/lnx64.o/librdi_device.so(HDNTLibraryMgr::~HDNTLibraryMgr()+0x37) [0x7f8d015c38f7]
/lib/x86_64-linux-gnu/libc.so.6(+0x3c259) [0x7f8d19c19259]
/lib/x86_64-linux-gnu/libc.so.6(+0x3c2a5) [0x7f8d19c192a5]
/home/storage/Xilinx/Vivado/2015.2/lib/lnx64.o/libtcl8.5.so(+0x74371) [0x7f8d15cc8371]
/home/storage/Xilinx/Vivado/2015.2/lib/lnx64.o/libtcl8.5.so(+0x3b7ef) [0x7f8d15c8f7ef]
/home/storage/Xilinx/Vivado/2015.2/lib/lnx64.o/libtcl8.5.so(+0x331f5) [0x7f8d15c871f5]
/home/storage/Xilinx/Vivado/2015.2/lib/lnx64.o/libtcl8.5.so(+0x34d6b) [0x7f8d15c88d6b]
/home/storage/Xilinx/Vivado/2015.2/lib/lnx64.o/libtcl8.5.so(Tcl_EvalEx+0x16) [0x7f8d15c89276]
/home/storage/Xilinx/Vivado/2015.2/lib/lnx64.o/libtcl8.5.so(Tcl_Eval+0x15) [0x7f8d15c89295]
/home/storage/Xilinx/Vivado/2015.2/lib/lnx64.o/librdi_commontasks.so(+0x30ddf3) [0x7f8d11f34df3]
/home/storage/Xilinx/Vivado/2015.2/lib/lnx64.o/librdi_commontasks.so(+0x3078e3) [0x7f8d11f2e8e3]
/home/storage/Xilinx/Vivado/2015.2/lib/lnx64.o/librdi_common.so(+0x62104f) [0x7f8d1ace704f]
/home/storage/Xilinx/Vivado/2015.2/lib/lnx64.o/libtcl8.5.so(+0x331f5) [0x7f8d15c871f5]
/home/storage/Xilinx/Vivado/2015.2/lib/lnx64.o/libtcl8.5.so(Tcl_EvalObjv+0x32) [0x7f8d15c877e2]
/home/storage/Xilinx/Vivado/2015.2/lib/lnx64.o/libtcl8.5.so(TclEvalObjEx+0x322) [0x7f8d15c895d2]
/home/storage/Xilinx/Vivado/2015.2/lib/lnx64.o/librdi_commonmain.so(+0x7110) [0x7f8d1a4c1110]
/home/storage/Xilinx/Vivado/2015.2/lib/lnx64.o/libtcl8.5.so(Tcl_Main+0x1d5) [0x7f8d15cf4175]
/home/storage/Xilinx/Vivado/2015.2/lib/lnx64.o/librdi_common.so(+0x659c89) [0x7f8d1ad1fc89]
/lib/x86_64-linux-gnu/libpthread.so.0(+0x8182) [0x7f8d196c1182]
/lib/x86_64-linux-gnu/libc.so.6(clone+0x6d) [0x7f8d19cd747d]
