#
# An unexpected error has occurred (11)
#
Stack:
/lib/x86_64-linux-gnu/libc.so.6(+0x36d40) [0x7f9bb40dad40]
/home/storage/Xilinx/Vivado/2015.2/lib/lnx64.o/librdi_synth.so(ConstProp::propagate(bool, bool, bool, bool, bool, bool, bool, bool, bool, int)+0xdc0) [0x7f9b8cc5ede0]
/home/storage/Xilinx/Vivado/2015.2/lib/lnx64.o/librdi_synth.so(HARTNDb::constProp()+0x38e) [0x7f9b8c5ff9de]
/home/storage/Xilinx/Vivado/2015.2/lib/lnx64.o/librdi_synth.so(+0xbe4cff) [0x7f9b8c790cff]
/home/storage/Xilinx/Vivado/2015.2/lib/lnx64.o/librdi_synth.so(+0xaeff45) [0x7f9b8c69bf45]
/home/storage/Xilinx/Vivado/2015.2/lib/lnx64.o/libtcl8.5.so(+0x331f5) [0x7f9bb014e1f5]
/home/storage/Xilinx/Vivado/2015.2/lib/lnx64.o/libtcl8.5.so(+0x34d6b) [0x7f9bb014fd6b]
/home/storage/Xilinx/Vivado/2015.2/lib/lnx64.o/libtcl8.5.so(Tcl_EvalEx+0x16) [0x7f9bb0150276]
/home/storage/Xilinx/Vivado/2015.2/lib/lnx64.o/libtcl8.5.so(TclEvalObjEx+0x213) [0x7f9bb01504c3]
/home/storage/Xilinx/Vivado/2015.2/lib/lnx64.o/libtcl8.5.so(+0x3b745) [0x7f9bb0156745]
/home/storage/Xilinx/Vivado/2015.2/lib/lnx64.o/libtcl8.5.so(+0x331f5) [0x7f9bb014e1f5]
/home/storage/Xilinx/Vivado/2015.2/lib/lnx64.o/libtcl8.5.so(+0x76bbe) [0x7f9bb0191bbe]
/home/storage/Xilinx/Vivado/2015.2/lib/lnx64.o/libtcl8.5.so(+0x7e767) [0x7f9bb0199767]
/home/storage/Xilinx/Vivado/2015.2/lib/lnx64.o/libtcl8.5.so(TclEvalObjEx+0x77) [0x7f9bb0150327]
/home/storage/Xilinx/Vivado/2015.2/lib/lnx64.o/librdi_commontasks.so(+0x2d3057) [0x7f9bac3c1057]
/home/storage/Xilinx/Vivado/2015.2/lib/lnx64.o/libtcl8.5.so(+0x331f5) [0x7f9bb014e1f5]
/home/storage/Xilinx/Vivado/2015.2/lib/lnx64.o/libtcl8.5.so(+0x76bbe) [0x7f9bb0191bbe]
/home/storage/Xilinx/Vivado/2015.2/lib/lnx64.o/libtcl8.5.so(TclObjInterpProcCore+0x2fb) [0x7f9bb01d2b8b]
/home/storage/Xilinx/Vivado/2015.2/lib/lnx64.o/libtcl8.5.so(+0x331f5) [0x7f9bb014e1f5]
/home/storage/Xilinx/Vivado/2015.2/lib/lnx64.o/libtcl8.5.so(+0x76bbe) [0x7f9bb0191bbe]
/home/storage/Xilinx/Vivado/2015.2/lib/lnx64.o/libtcl8.5.so(+0x7e767) [0x7f9bb0199767]
/home/storage/Xilinx/Vivado/2015.2/lib/lnx64.o/libtcl8.5.so(TclEvalObjEx+0x77) [0x7f9bb0150327]
/home/storage/Xilinx/Vivado/2015.2/lib/lnx64.o/librdi_commontasks.so(+0x2d3057) [0x7f9bac3c1057]
/home/storage/Xilinx/Vivado/2015.2/lib/lnx64.o/libtcl8.5.so(+0x331f5) [0x7f9bb014e1f5]
/home/storage/Xilinx/Vivado/2015.2/lib/lnx64.o/libtcl8.5.so(+0x76bbe) [0x7f9bb0191bbe]
/home/storage/Xilinx/Vivado/2015.2/lib/lnx64.o/libtcl8.5.so(Tcl_ExprObj+0xfb) [0x7f9bb019933b]
/home/storage/Xilinx/Vivado/2015.2/lib/lnx64.o/libtcl8.5.so(Tcl_ExprBooleanObj+0x16) [0x7f9bb014f0c6]
/home/storage/Xilinx/Vivado/2015.2/lib/lnx64.o/libtcl8.5.so(+0x3eae8) [0x7f9bb0159ae8]
/home/storage/Xilinx/Vivado/2015.2/lib/lnx64.o/libtcl8.5.so(+0x331f5) [0x7f9bb014e1f5]
/home/storage/Xilinx/Vivado/2015.2/lib/lnx64.o/libtcl8.5.so(+0x34d6b) [0x7f9bb014fd6b]
/home/storage/Xilinx/Vivado/2015.2/lib/lnx64.o/libtcl8.5.so(Tcl_EvalEx+0x16) [0x7f9bb0150276]
/home/storage/Xilinx/Vivado/2015.2/lib/lnx64.o/libtcl8.5.so(Tcl_FSEvalFileEx+0x1d2) [0x7f9bb01b4d02]
/home/storage/Xilinx/Vivado/2015.2/lib/lnx64.o/librdi_commontasks.so(+0x2f0425) [0x7f9bac3de425]
/home/storage/Xilinx/Vivado/2015.2/lib/lnx64.o/librdi_common.so(+0x62104f) [0x7f9bb51ae04f]
/home/storage/Xilinx/Vivado/2015.2/lib/lnx64.o/libtcl8.5.so(+0x331f5) [0x7f9bb014e1f5]
/home/storage/Xilinx/Vivado/2015.2/lib/lnx64.o/libtcl8.5.so(+0x76bbe) [0x7f9bb0191bbe]
/home/storage/Xilinx/Vivado/2015.2/lib/lnx64.o/libtcl8.5.so(+0x7e767) [0x7f9bb0199767]
/home/storage/Xilinx/Vivado/2015.2/lib/lnx64.o/libtcl8.5.so(TclEvalObjEx+0x77) [0x7f9bb0150327]
/home/storage/Xilinx/Vivado/2015.2/lib/lnx64.o/libtcl8.5.so(+0xb740f) [0x7f9bb01d240f]
/home/storage/Xilinx/Vivado/2015.2/lib/lnx64.o/libtcl8.5.so(+0x331f5) [0x7f9bb014e1f5]
/home/storage/Xilinx/Vivado/2015.2/lib/lnx64.o/libtcl8.5.so(+0x76bbe) [0x7f9bb0191bbe]
/home/storage/Xilinx/Vivado/2015.2/lib/lnx64.o/libtcl8.5.so(+0x7e767) [0x7f9bb0199767]
/home/storage/Xilinx/Vivado/2015.2/lib/lnx64.o/libtcl8.5.so(TclEvalObjEx+0x77) [0x7f9bb0150327]
/home/storage/Xilinx/Vivado/2015.2/lib/lnx64.o/librdi_commontasks.so(+0x2d30f4) [0x7f9bac3c10f4]
/home/storage/Xilinx/Vivado/2015.2/lib/lnx64.o/libtcl8.5.so(+0x331f5) [0x7f9bb014e1f5]
/home/storage/Xilinx/Vivado/2015.2/lib/lnx64.o/libtcl8.5.so(+0x34d6b) [0x7f9bb014fd6b]
/home/storage/Xilinx/Vivado/2015.2/lib/lnx64.o/libtcl8.5.so(+0xad531) [0x7f9bb01c8531]
/home/storage/Xilinx/Vivado/2015.2/lib/lnx64.o/libtcl8.5.so(+0x3491c) [0x7f9bb014f91c]
/home/storage/Xilinx/Vivado/2015.2/lib/lnx64.o/libtcl8.5.so(Tcl_EvalEx+0x16) [0x7f9bb0150276]
/home/storage/Xilinx/Vivado/2015.2/lib/lnx64.o/libtcl8.5.so(Tcl_FSEvalFileEx+0x1d2) [0x7f9bb01b4d02]
/home/storage/Xilinx/Vivado/2015.2/lib/lnx64.o/librdi_commontasks.so(+0x2f0425) [0x7f9bac3de425]
/home/storage/Xilinx/Vivado/2015.2/lib/lnx64.o/librdi_common.so(+0x62104f) [0x7f9bb51ae04f]
/home/storage/Xilinx/Vivado/2015.2/lib/lnx64.o/libtcl8.5.so(+0x331f5) [0x7f9bb014e1f5]
/home/storage/Xilinx/Vivado/2015.2/lib/lnx64.o/libtcl8.5.so(Tcl_EvalObjv+0x32) [0x7f9bb014e7e2]
/home/storage/Xilinx/Vivado/2015.2/lib/lnx64.o/libtcl8.5.so(TclEvalObjEx+0x322) [0x7f9bb01505d2]
/home/storage/Xilinx/Vivado/2015.2/lib/lnx64.o/librdi_common.so(hdi::tcltasks::task_manager::eval_in_tcl(Tcl_Interp*, Tcl_Obj*, char const*, bool)+0x84d) [0x7f9bb51afa8d]
/home/storage/Xilinx/Vivado/2015.2/lib/lnx64.o/librdi_designutils.so(HRTInvoker::inProcessLaunch(HDGUIStatus&)+0x1c9) [0x7f9ba2121a89]
/home/storage/Xilinx/Vivado/2015.2/lib/lnx64.o/librdi_designutils.so(HRTInvoker::launch(HDGUIStatus&)+0x4b5) [0x7f9ba21227d5]
/home/storage/Xilinx/Vivado/2015.2/lib/lnx64.o/librdi_vivadotasks.so(+0x1fa5f8) [0x7f9b8662f5f8]
/home/storage/Xilinx/Vivado/2015.2/lib/lnx64.o/librdi_vivadotasks.so(+0x2013d0) [0x7f9b866363d0]
/home/storage/Xilinx/Vivado/2015.2/lib/lnx64.o/librdi_common.so(+0x62104f) [0x7f9bb51ae04f]
/home/storage/Xilinx/Vivado/2015.2/lib/lnx64.o/libtcl8.5.so(+0x331f5) [0x7f9bb014e1f5]
/home/storage/Xilinx/Vivado/2015.2/lib/lnx64.o/libtcl8.5.so(+0x34d6b) [0x7f9bb014fd6b]
/home/storage/Xilinx/Vivado/2015.2/lib/lnx64.o/libtcl8.5.so(Tcl_EvalEx+0x16) [0x7f9bb0150276]
/home/storage/Xilinx/Vivado/2015.2/lib/lnx64.o/libtcl8.5.so(Tcl_FSEvalFileEx+0x1d2) [0x7f9bb01b4d02]
/home/storage/Xilinx/Vivado/2015.2/lib/lnx64.o/librdi_commontasks.so(+0x2f0425) [0x7f9bac3de425]
/home/storage/Xilinx/Vivado/2015.2/lib/lnx64.o/librdi_common.so(+0x62104f) [0x7f9bb51ae04f]
/home/storage/Xilinx/Vivado/2015.2/lib/lnx64.o/libtcl8.5.so(+0x331f5) [0x7f9bb014e1f5]
/home/storage/Xilinx/Vivado/2015.2/lib/lnx64.o/libtcl8.5.so(Tcl_EvalObjv+0x32) [0x7f9bb014e7e2]
/home/storage/Xilinx/Vivado/2015.2/lib/lnx64.o/libtcl8.5.so(TclEvalObjEx+0x322) [0x7f9bb01505d2]
/home/storage/Xilinx/Vivado/2015.2/lib/lnx64.o/librdi_commontasks.so(+0x3074a2) [0x7f9bac3f54a2]
/home/storage/Xilinx/Vivado/2015.2/lib/lnx64.o/librdi_commontasks.so(+0x30dd9d) [0x7f9bac3fbd9d]
/home/storage/Xilinx/Vivado/2015.2/lib/lnx64.o/librdi_commontasks.so(+0x3078e3) [0x7f9bac3f58e3]
/home/storage/Xilinx/Vivado/2015.2/lib/lnx64.o/librdi_common.so(+0x62104f) [0x7f9bb51ae04f]
/home/storage/Xilinx/Vivado/2015.2/lib/lnx64.o/libtcl8.5.so(+0x331f5) [0x7f9bb014e1f5]
/home/storage/Xilinx/Vivado/2015.2/lib/lnx64.o/libtcl8.5.so(Tcl_EvalObjv+0x32) [0x7f9bb014e7e2]
/home/storage/Xilinx/Vivado/2015.2/lib/lnx64.o/libtcl8.5.so(TclEvalObjEx+0x322) [0x7f9bb01505d2]
/home/storage/Xilinx/Vivado/2015.2/lib/lnx64.o/librdi_commonmain.so(+0x7110) [0x7f9bb4988110]
/home/storage/Xilinx/Vivado/2015.2/lib/lnx64.o/libtcl8.5.so(Tcl_Main+0x1d5) [0x7f9bb01bb175]
/home/storage/Xilinx/Vivado/2015.2/lib/lnx64.o/librdi_common.so(+0x659c89) [0x7f9bb51e6c89]
/lib/x86_64-linux-gnu/libpthread.so.0(+0x8182) [0x7f9bb3b88182]
/lib/x86_64-linux-gnu/libc.so.6(clone+0x6d) [0x7f9bb419e47d]
