#
# An unexpected error has occurred (11)
#
Stack:
/lib/x86_64-linux-gnu/libc.so.6(+0x36d40) [0x7ff3c607ad40]
/home/storage/Xilinx/Vivado/2015.2/lib/lnx64.o/librdi_device.so(HDNTFunctionCall::~HDNTFunctionCall()+0x43) [0x7ff3ada317d3]
/home/storage/Xilinx/Vivado/2015.2/lib/lnx64.o/librdi_device.so(HDNTFunctionCall::~HDNTFunctionCall()+0x9) [0x7ff3ada31829]
/home/storage/Xilinx/Vivado/2015.2/lib/lnx64.o/librdi_device.so(HDNTAssignProperty::~HDNTAssignProperty()+0x21) [0x7ff3ada31721]
/home/storage/Xilinx/Vivado/2015.2/lib/lnx64.o/librdi_device.so(HDNTAssignBlockProperty::~HDNTAssignBlockProperty()+0x17) [0x7ff3ada34607]
/home/storage/Xilinx/Vivado/2015.2/lib/lnx64.o/librdi_device.so(HDNTNetlist::~HDNTNetlist()+0x12e) [0x7ff3ada3136e]
/home/storage/Xilinx/Vivado/2015.2/lib/lnx64.o/librdi_device.so(HDNTNetlist::~HDNTNetlist()+0x9) [0x7ff3ada31569]
/home/storage/Xilinx/Vivado/2015.2/lib/lnx64.o/librdi_device.so(HDNTBlock::~HDNTBlock()+0xa6) [0x7ff3ada1fe66]
/home/storage/Xilinx/Vivado/2015.2/lib/lnx64.o/librdi_device.so(HDNTBlock::~HDNTBlock()+0x9) [0x7ff3ada20539]
/home/storage/Xilinx/Vivado/2015.2/lib/lnx64.o/librdi_device.so(HDNTLibrary::~HDNTLibrary()+0x3e) [0x7ff3ada28a6e]
/home/storage/Xilinx/Vivado/2015.2/lib/lnx64.o/librdi_device.so(HDNTLibrary::~HDNTLibrary()+0x9) [0x7ff3ada28cb9]
/home/storage/Xilinx/Vivado/2015.2/lib/lnx64.o/librdi_device.so(HDNTLibraryMgr::~HDNTLibraryMgr()+0x37) [0x7ff3ada2a8f7]
/lib/x86_64-linux-gnu/libc.so.6(+0x3c259) [0x7ff3c6080259]
/lib/x86_64-linux-gnu/libc.so.6(+0x3c2a5) [0x7ff3c60802a5]
/home/storage/Xilinx/Vivado/2015.2/lib/lnx64.o/libtcl8.5.so(+0x74371) [0x7ff3c212f371]
/home/storage/Xilinx/Vivado/2015.2/lib/lnx64.o/libtcl8.5.so(+0x3b7ef) [0x7ff3c20f67ef]
/home/storage/Xilinx/Vivado/2015.2/lib/lnx64.o/libtcl8.5.so(+0x331f5) [0x7ff3c20ee1f5]
/home/storage/Xilinx/Vivado/2015.2/lib/lnx64.o/libtcl8.5.so(+0x34d6b) [0x7ff3c20efd6b]
/home/storage/Xilinx/Vivado/2015.2/lib/lnx64.o/libtcl8.5.so(Tcl_EvalEx+0x16) [0x7ff3c20f0276]
/home/storage/Xilinx/Vivado/2015.2/lib/lnx64.o/libtcl8.5.so(Tcl_Eval+0x15) [0x7ff3c20f0295]
/home/storage/Xilinx/Vivado/2015.2/lib/lnx64.o/librdi_commontasks.so(+0x30ddf3) [0x7ff3be39bdf3]
/home/storage/Xilinx/Vivado/2015.2/lib/lnx64.o/librdi_commontasks.so(+0x3078e3) [0x7ff3be3958e3]
/home/storage/Xilinx/Vivado/2015.2/lib/lnx64.o/librdi_common.so(+0x62104f) [0x7ff3c714e04f]
/home/storage/Xilinx/Vivado/2015.2/lib/lnx64.o/libtcl8.5.so(+0x331f5) [0x7ff3c20ee1f5]
/home/storage/Xilinx/Vivado/2015.2/lib/lnx64.o/libtcl8.5.so(Tcl_EvalObjv+0x32) [0x7ff3c20ee7e2]
/home/storage/Xilinx/Vivado/2015.2/lib/lnx64.o/libtcl8.5.so(TclEvalObjEx+0x322) [0x7ff3c20f05d2]
/home/storage/Xilinx/Vivado/2015.2/lib/lnx64.o/librdi_commonmain.so(+0x7110) [0x7ff3c6928110]
/home/storage/Xilinx/Vivado/2015.2/lib/lnx64.o/libtcl8.5.so(Tcl_Main+0x1d5) [0x7ff3c215b175]
/home/storage/Xilinx/Vivado/2015.2/lib/lnx64.o/librdi_common.so(+0x659c89) [0x7ff3c7186c89]
/lib/x86_64-linux-gnu/libpthread.so.0(+0x8182) [0x7ff3c5b28182]
/lib/x86_64-linux-gnu/libc.so.6(clone+0x6d) [0x7ff3c613e47d]
