#
# An unexpected error has occurred (11)
#
Stack:
/lib/x86_64-linux-gnu/libc.so.6(+0x36d40) [0x7efc85de7d40]
/home/storage/Xilinx/Vivado/2015.2/lib/lnx64.o/librdiconfig.so(libconfig::Config::ConfigDestructor(void*)+0x8) [0x7efc82377f88]
/home/storage/Xilinx/Vivado/2015.2/lib/lnx64.o/librdiconfig.so(+0xc9ed) [0x7efc8237c9ed]
/home/storage/Xilinx/Vivado/2015.2/lib/lnx64.o/librdiconfig.so(+0xc910) [0x7efc8237c910]
/home/storage/Xilinx/Vivado/2015.2/lib/lnx64.o/librdiconfig.so(config_destroy+0x12) [0x7efc8237cb02]
/home/storage/Xilinx/Vivado/2015.2/lib/lnx64.o/librdiconfig.so(libconfig::Config::~Config()+0x1b) [0x7efc823780bb]
/home/storage/Xilinx/Vivado/2015.2/lib/lnx64.o/librdiconfig.so(libconfig::Config::~Config()+0x9) [0x7efc823780d9]
/home/storage/Xilinx/Vivado/2015.2/lib/lnx64.o/librdi_device.so(HDConfig::~HDConfig()+0x2c) [0x7efc6d45070c]
/home/storage/Xilinx/Vivado/2015.2/lib/lnx64.o/librdi_bitstream.so(Bs_Bitfile::~Bs_Bitfile()+0x2c) [0x7efc63b7171c]
/home/storage/Xilinx/Vivado/2015.2/lib/lnx64.o/librdi_bitstream.so(Bs_FujiBitfile::~Bs_FujiBitfile()+0xc6) [0x7efc63b8c436]
/home/storage/Xilinx/Vivado/2015.2/lib/lnx64.o/librdi_bitstream.so(Bs_FujiBitfile::~Bs_FujiBitfile()+0x9) [0x7efc63b8c4f9]
/home/storage/Xilinx/Vivado/2015.2/lib/lnx64.o/librdi_designutils.so(Bg_Bitgen::~Bg_Bitgen()+0x26) [0x7efc7359b0e6]
/home/storage/Xilinx/Vivado/2015.2/lib/lnx64.o/librdi_designutils.so(Bg_FujiBitgen::~Bg_FujiBitgen()+0x9) [0x7efc735ee4b9]
/home/storage/Xilinx/Vivado/2015.2/lib/lnx64.o/librdi_tcltasks.so(+0xa6204f) [0x7efc59fd904f]
/home/storage/Xilinx/Vivado/2015.2/lib/lnx64.o/librdi_common.so(+0x62104f) [0x7efc86ebb04f]
/home/storage/Xilinx/Vivado/2015.2/lib/lnx64.o/libtcl8.5.so(+0x331f5) [0x7efc81e5b1f5]
/home/storage/Xilinx/Vivado/2015.2/lib/lnx64.o/libtcl8.5.so(+0x34d6b) [0x7efc81e5cd6b]
/home/storage/Xilinx/Vivado/2015.2/lib/lnx64.o/libtcl8.5.so(Tcl_EvalEx+0x16) [0x7efc81e5d276]
/home/storage/Xilinx/Vivado/2015.2/lib/lnx64.o/libtcl8.5.so(Tcl_FSEvalFileEx+0x1d2) [0x7efc81ec1d02]
/home/storage/Xilinx/Vivado/2015.2/lib/lnx64.o/librdi_commontasks.so(+0x2f0425) [0x7efc7e0eb425]
/home/storage/Xilinx/Vivado/2015.2/lib/lnx64.o/librdi_common.so(+0x62104f) [0x7efc86ebb04f]
/home/storage/Xilinx/Vivado/2015.2/lib/lnx64.o/libtcl8.5.so(+0x331f5) [0x7efc81e5b1f5]
/home/storage/Xilinx/Vivado/2015.2/lib/lnx64.o/libtcl8.5.so(Tcl_EvalObjv+0x32) [0x7efc81e5b7e2]
/home/storage/Xilinx/Vivado/2015.2/lib/lnx64.o/libtcl8.5.so(TclEvalObjEx+0x322) [0x7efc81e5d5d2]
/home/storage/Xilinx/Vivado/2015.2/lib/lnx64.o/librdi_commontasks.so(+0x3074a2) [0x7efc7e1024a2]
/home/storage/Xilinx/Vivado/2015.2/lib/lnx64.o/librdi_commontasks.so(+0x30dd9d) [0x7efc7e108d9d]
/home/storage/Xilinx/Vivado/2015.2/lib/lnx64.o/librdi_commontasks.so(+0x3078e3) [0x7efc7e1028e3]
/home/storage/Xilinx/Vivado/2015.2/lib/lnx64.o/librdi_common.so(+0x62104f) [0x7efc86ebb04f]
/home/storage/Xilinx/Vivado/2015.2/lib/lnx64.o/libtcl8.5.so(+0x331f5) [0x7efc81e5b1f5]
/home/storage/Xilinx/Vivado/2015.2/lib/lnx64.o/libtcl8.5.so(Tcl_EvalObjv+0x32) [0x7efc81e5b7e2]
/home/storage/Xilinx/Vivado/2015.2/lib/lnx64.o/libtcl8.5.so(TclEvalObjEx+0x322) [0x7efc81e5d5d2]
/home/storage/Xilinx/Vivado/2015.2/lib/lnx64.o/librdi_commonmain.so(+0x7110) [0x7efc86695110]
/home/storage/Xilinx/Vivado/2015.2/lib/lnx64.o/libtcl8.5.so(Tcl_Main+0x1d5) [0x7efc81ec8175]
/home/storage/Xilinx/Vivado/2015.2/lib/lnx64.o/librdi_common.so(+0x659c89) [0x7efc86ef3c89]
/lib/x86_64-linux-gnu/libpthread.so.0(+0x8182) [0x7efc85895182]
/lib/x86_64-linux-gnu/libc.so.6(clone+0x6d) [0x7efc85eab47d]
