#
# An unexpected error has occurred (11)
#
Stack:
/lib/x86_64-linux-gnu/libc.so.6(+0x36d40) [0x7f0783b1bd40]
/home/storage/Xilinx/Vivado/2015.2/lib/lnx64.o/librdi_common.so(std::_Rb_tree<std::string, std::pair<std::string const, int>, std::_Select1st<std::pair<std::string const, int> >, std::less<std::string>, std::allocator<std::pair<std::string const, int> > >::_M_erase(std::_Rb_tree_node<std::pair<std::string const, int> >*)+0x35) [0x7f0784a21ce5]
/home/storage/Xilinx/Vivado/2015.2/lib/lnx64.o/librdi_device.so(std::map<std::string, int, std::less<std::string>, std::allocator<std::pair<std::string const, int> > >::~map()+0x3f) [0x7f076b259acf]
/lib/x86_64-linux-gnu/libc.so.6(+0x3c259) [0x7f0783b21259]
/lib/x86_64-linux-gnu/libc.so.6(+0x3c2a5) [0x7f0783b212a5]
/home/storage/Xilinx/Vivado/2015.2/lib/lnx64.o/libtcl8.5.so(+0x74371) [0x7f077fbd0371]
/home/storage/Xilinx/Vivado/2015.2/lib/lnx64.o/libtcl8.5.so(+0x3b7ef) [0x7f077fb977ef]
/home/storage/Xilinx/Vivado/2015.2/lib/lnx64.o/libtcl8.5.so(+0x331f5) [0x7f077fb8f1f5]
/home/storage/Xilinx/Vivado/2015.2/lib/lnx64.o/libtcl8.5.so(+0x34d6b) [0x7f077fb90d6b]
/home/storage/Xilinx/Vivado/2015.2/lib/lnx64.o/libtcl8.5.so(Tcl_EvalEx+0x16) [0x7f077fb91276]
/home/storage/Xilinx/Vivado/2015.2/lib/lnx64.o/libtcl8.5.so(Tcl_Eval+0x15) [0x7f077fb91295]
/home/storage/Xilinx/Vivado/2015.2/lib/lnx64.o/librdi_commontasks.so(+0x30ddf3) [0x7f077be3cdf3]
/home/storage/Xilinx/Vivado/2015.2/lib/lnx64.o/librdi_commontasks.so(+0x3078e3) [0x7f077be368e3]
/home/storage/Xilinx/Vivado/2015.2/lib/lnx64.o/librdi_common.so(+0x62104f) [0x7f0784bef04f]
/home/storage/Xilinx/Vivado/2015.2/lib/lnx64.o/libtcl8.5.so(+0x331f5) [0x7f077fb8f1f5]
/home/storage/Xilinx/Vivado/2015.2/lib/lnx64.o/libtcl8.5.so(Tcl_EvalObjv+0x32) [0x7f077fb8f7e2]
/home/storage/Xilinx/Vivado/2015.2/lib/lnx64.o/libtcl8.5.so(TclEvalObjEx+0x322) [0x7f077fb915d2]
/home/storage/Xilinx/Vivado/2015.2/lib/lnx64.o/librdi_commonmain.so(+0x7110) [0x7f07843c9110]
/home/storage/Xilinx/Vivado/2015.2/lib/lnx64.o/libtcl8.5.so(Tcl_Main+0x1d5) [0x7f077fbfc175]
/home/storage/Xilinx/Vivado/2015.2/lib/lnx64.o/librdi_common.so(+0x659c89) [0x7f0784c27c89]
/lib/x86_64-linux-gnu/libpthread.so.0(+0x8182) [0x7f07835c9182]
/lib/x86_64-linux-gnu/libc.so.6(clone+0x6d) [0x7f0783bdf47d]
