#
# An unexpected error has occurred (11)
#
Stack:
/lib/x86_64-linux-gnu/libc.so.6(+0x36d40) [0x7fe15614ed40]
/home/storage/Xilinx/Vivado/2015.2/lib/lnx64.o/librdi_dlyest.so(HADE4UnplacedPinMapperCache::getSiteFromCache(HDLHInstance const&, HDDMSite const&, bool) const+0xd3) [0x7fe1323d4603]
/home/storage/Xilinx/Vivado/2015.2/lib/lnx64.o/librdi_dlyest.so(HADE4UnplacedPinMapperV7::getLocNearSite(HDLHInstance const&, HDDMSite const&, int, bool, bool) const+0x159) [0x7fe1323d6909]
/home/storage/Xilinx/Vivado/2015.2/lib/lnx64.o/librdi_place.so(HAPLFPhyPinMapper::getLocNearSite(HDLHInstance const&, HDDMSite const&, int, bool, bool) const+0x48) [0x7fe139e608f8]
/home/storage/Xilinx/Vivado/2015.2/lib/lnx64.o/librdi_dlyest.so(HADEPinMapper::getLocs(HDLHInstance const&, HDLHInstance const&, HDPLLoc&, HDPLLoc&, int, bool, HDLHInstTerm const&) const+0x28d) [0x7fe1323d820d]
/home/storage/Xilinx/Vivado/2015.2/lib/lnx64.o/librdi_dlyest.so(HADEPinMapper::getPhyPins(HDLHInstTerm const&, HDLHInstTerm const&, HSTVector<HDPLPhyPin, std::allocator<HDPLPhyPin> >&, HSTVector<HDPLPhyPin, std::allocator<HDPLPhyPin> >&, bool&, bool&, bool, bool&) const+0x1b6) [0x7fe1323d9e36]
/home/storage/Xilinx/Vivado/2015.2/lib/lnx64.o/librdi_dlyest.so(HADE4WireDlyCalc::getDelay(HDLHElement const&, HDLHElement const&, bool, bool, bool, bool, bool, int) const+0xbb7) [0x7fe132435a97]
/home/storage/Xilinx/Vivado/2015.2/lib/lnx64.o/librdi_dlyest.so(HADE4WireDlyCalc::getDelay(HDLHElement const&, HDLHElement const&, int, bool, bool, bool, bool) const+0x74) [0x7fe132438984]
/home/storage/Xilinx/Vivado/2015.2/lib/lnx64.o/librdi_dlyest.so(HADE4WireDlyCalc::getDelay(HDLHElement const&, HDLHElement const&, int) const+0x391) [0x7fe132432471]
/home/storage/Xilinx/Vivado/2015.2/lib/lnx64.o/librdi_dlyest.so(HADE4WireDlyCalc::getDelay(HDLHElement const&, HDLHElement const&, sta::TimingArc const*, int) const+0xc) [0x7fe13243253c]
/home/storage/Xilinx/Vivado/2015.2/lib/lnx64.o/librdi_dlyest.so(HADEDlyMediator::fallBackWireDlyCalc(HDLHNet const*, HDLHInstTerm const*, int, std::vector<HADEDlyMediatorPacket, std::allocator<HADEDlyMediatorPacket> >&, HADEDlyMediatorPacket::HADEDLYMED_DLYTYPE) const+0x112) [0x7fe132450c42]
/home/storage/Xilinx/Vivado/2015.2/lib/lnx64.o/librdi_dlyest.so(HADEDlyMediator::oldGetDelay(HDLHNet const*, HDLHInstTerm const*, std::vector<HADEDlyMediatorPacket, std::allocator<HADEDlyMediatorPacket> >&, int) const+0x3f6) [0x7fe13246e6a6]
/home/storage/Xilinx/Vivado/2015.2/lib/lnx64.o/librdi_dlyest.so(HADEDlyMediator::getDelay(HDLHNet const*, HDLHInstTerm const*, std::vector<HADEDlyMediatorPacket, std::allocator<HADEDlyMediatorPacket> >&, int) const+0x464) [0x7fe132468634]
/home/storage/Xilinx/Vivado/2015.2/lib/lnx64.o/librdi_timing.so(HAST3Sta::setWireDelayOnVertex(sta::Vertex*, HSTVector<sta::Edge*, std::allocator<sta::Edge*> > const*, HAST3TimingParams const&)+0x64c) [0x7fe136645f0c]
/home/storage/Xilinx/Vivado/2015.2/lib/lnx64.o/librdi_timing.so(void* HCTThreadUtils::forEachStart<__gnu_cxx::__normal_iterator<std::pair<sta::Vertex*, unsigned int>*, std::vector<std::pair<sta::Vertex*, unsigned int>, std::allocator<std::pair<sta::Vertex*, unsigned int> > > >, boost::function<void (std::pair<sta::Vertex*, unsigned int>&)> >(void*)+0x91) [0x7fe13664e601]
/home/storage/Xilinx/Vivado/2015.2/lib/lnx64.o/librdi_timing.so(void HCTThreadUtils::forEach<__gnu_cxx::__normal_iterator<std::pair<sta::Vertex*, unsigned int>*, std::vector<std::pair<sta::Vertex*, unsigned int>, std::allocator<std::pair<sta::Vertex*, unsigned int> > > >, boost::function<void (std::pair<sta::Vertex*, unsigned int>&)> >(__gnu_cxx::__normal_iterator<std::pair<sta::Vertex*, unsigned int>*, std::vector<std::pair<sta::Vertex*, unsigned int>, std::allocator<std::pair<sta::Vertex*, unsigned int> > > >, __gnu_cxx::__normal_iterator<std::pair<sta::Vertex*, unsigned int>*, std::vector<std::pair<sta::Vertex*, unsigned int>, std::allocator<std::pair<sta::Vertex*, unsigned int> > > >, boost::function<void (std::pair<sta::Vertex*, unsigned int>&)>&, int, int)+0x10a) [0x7fe13664f00a]
/home/storage/Xilinx/Vivado/2015.2/lib/lnx64.o/librdi_timing.so(void HAST3Sta::executeInMT<std::vector<std::pair<sta::Vertex*, unsigned int>, std::allocator<std::pair<sta::Vertex*, unsigned int> > >, boost::function<void (std::pair<sta::Vertex*, unsigned int>&)> >(std::vector<std::pair<sta::Vertex*, unsigned int>, std::allocator<std::pair<sta::Vertex*, unsigned int> > >&, boost::function<void (std::pair<sta::Vertex*, unsigned int>&)>&, int, char const*)+0xfa) [0x7fe13664f19a]
/home/storage/Xilinx/Vivado/2015.2/lib/lnx64.o/librdi_timing.so(HAST3Sta::setWireDelaysNetByNet(HAST3TimingParams const&)+0x33c) [0x7fe136640a7c]
/home/storage/Xilinx/Vivado/2015.2/lib/lnx64.o/librdi_timing.so(HAST3Sta::setDelays(HAST3TimingParams const&)+0x5e6) [0x7fe13664b256]
/home/storage/Xilinx/Vivado/2015.2/lib/lnx64.o/librdi_timing.so(HAST3TimeAhead::setDelays()+0x3d) [0x7fe13665740d]
/home/storage/Xilinx/Vivado/2015.2/lib/lnx64.o/librdi_timing.so(HAST3TimeAhead::updateDelays(HDGUIStatus*, HASTUpdateTimingParams const&)+0x2ec) [0x7fe13666ddec]
/home/storage/Xilinx/Vivado/2015.2/lib/lnx64.o/librdi_timing.so(HAST3TimeAhead::updateTiming1(HASTUpdateTimingParams const&, HDGUIStatus*)+0x1c0) [0x7fe136670b10]
/home/storage/Xilinx/Vivado/2015.2/lib/lnx64.o/librdi_timing.so(HAST3TimeAhead::updateTiming(HASTUpdateTimingParams const&, HDGUIStatus*)+0x536) [0x7fe136671526]
/home/storage/Xilinx/Vivado/2015.2/lib/lnx64.o/librdi_place.so(HAPLFTiming::updateTimingTa(HASTUpdateTimingParams const&)+0x351) [0x7fe139f44dd1]
/home/storage/Xilinx/Vivado/2015.2/lib/lnx64.o/librdi_place.so(HAPLFTiming::updateTimingAll(bool)+0x95) [0x7fe139f548a5]
/home/storage/Xilinx/Vivado/2015.2/lib/lnx64.o/librdi_place.so(HAPLFTimingHelper::updateTimingAndCritPaths(double, bool, bool, bool, bool, std::string const&, bool, bool)+0xc9) [0x7fe139f6d699]
/home/storage/Xilinx/Vivado/2015.2/lib/lnx64.o/librdi_place.so(HAPLFFlowInitializer::placeInitDesign(bool, bool, HSTDList<HDPLUndoInfo, std::allocator<HDPLUndoInfo> >*, bool)+0x48b) [0x7fe139dda3db]
/home/storage/Xilinx/Vivado/2015.2/lib/lnx64.o/librdi_place.so(HAPLFFlowInitializer::placeInitPart2(bool&)+0x50) [0x7fe139dda7f0]
/home/storage/Xilinx/Vivado/2015.2/lib/lnx64.o/librdi_place.so(HAPLFFlowInitializer::placeIOClockAndInit()+0x32a) [0x7fe139ddb74a]
/home/storage/Xilinx/Vivado/2015.2/lib/lnx64.o/librdi_place.so(HAPLFFlowInitializer::run()+0xaf) [0x7fe139ddc19f]
/home/storage/Xilinx/Vivado/2015.2/lib/lnx64.o/librdi_implflow.so(HAPLFFastPlace3::initialize(HAPLPlaceApi&, HFLFloorplan&, HDPLTask&, HAPLFFastFlowParam const&)+0x53) [0x7fe127f12a63]
/home/storage/Xilinx/Vivado/2015.2/lib/lnx64.o/librdi_implflow.so(HAPLFFastPlace3::place(HAPLPlaceApi&, HFLFloorplan&, HAPLFFastFlowParam const&, HDPLTask&)+0x25) [0x7fe127f2a685]
/home/storage/Xilinx/Vivado/2015.2/lib/lnx64.o/librdi_implflow.so(HAPLFFastFlow3::place(HAPLFFastFlowParam const&)+0x7db) [0x7fe127f0419b]
/home/storage/Xilinx/Vivado/2015.2/lib/lnx64.o/librdi_vivadotasks.so(+0x1bb4f3) [0x7fe1286644f3]
/home/storage/Xilinx/Vivado/2015.2/lib/lnx64.o/librdi_vivadotasks.so(+0x1bead3) [0x7fe128667ad3]
/home/storage/Xilinx/Vivado/2015.2/lib/lnx64.o/librdi_common.so(+0x62104f) [0x7fe15722204f]
/home/storage/Xilinx/Vivado/2015.2/lib/lnx64.o/libtcl8.5.so(+0x331f5) [0x7fe1521c21f5]
/home/storage/Xilinx/Vivado/2015.2/lib/lnx64.o/libtcl8.5.so(+0x34d6b) [0x7fe1521c3d6b]
/home/storage/Xilinx/Vivado/2015.2/lib/lnx64.o/libtcl8.5.so(Tcl_EvalEx+0x16) [0x7fe1521c4276]
/home/storage/Xilinx/Vivado/2015.2/lib/lnx64.o/libtcl8.5.so(Tcl_FSEvalFileEx+0x1d2) [0x7fe152228d02]
/home/storage/Xilinx/Vivado/2015.2/lib/lnx64.o/librdi_commontasks.so(+0x2f0425) [0x7fe14e452425]
/home/storage/Xilinx/Vivado/2015.2/lib/lnx64.o/librdi_common.so(+0x62104f) [0x7fe15722204f]
/home/storage/Xilinx/Vivado/2015.2/lib/lnx64.o/libtcl8.5.so(+0x331f5) [0x7fe1521c21f5]
/home/storage/Xilinx/Vivado/2015.2/lib/lnx64.o/libtcl8.5.so(Tcl_EvalObjv+0x32) [0x7fe1521c27e2]
/home/storage/Xilinx/Vivado/2015.2/lib/lnx64.o/libtcl8.5.so(TclEvalObjEx+0x322) [0x7fe1521c45d2]
/home/storage/Xilinx/Vivado/2015.2/lib/lnx64.o/librdi_commontasks.so(+0x3074a2) [0x7fe14e4694a2]
/home/storage/Xilinx/Vivado/2015.2/lib/lnx64.o/librdi_commontasks.so(+0x30dd9d) [0x7fe14e46fd9d]
/home/storage/Xilinx/Vivado/2015.2/lib/lnx64.o/librdi_commontasks.so(+0x3078e3) [0x7fe14e4698e3]
/home/storage/Xilinx/Vivado/2015.2/lib/lnx64.o/librdi_common.so(+0x62104f) [0x7fe15722204f]
/home/storage/Xilinx/Vivado/2015.2/lib/lnx64.o/libtcl8.5.so(+0x331f5) [0x7fe1521c21f5]
/home/storage/Xilinx/Vivado/2015.2/lib/lnx64.o/libtcl8.5.so(Tcl_EvalObjv+0x32) [0x7fe1521c27e2]
/home/storage/Xilinx/Vivado/2015.2/lib/lnx64.o/libtcl8.5.so(TclEvalObjEx+0x322) [0x7fe1521c45d2]
/home/storage/Xilinx/Vivado/2015.2/lib/lnx64.o/librdi_commonmain.so(+0x7110) [0x7fe1569fc110]
/home/storage/Xilinx/Vivado/2015.2/lib/lnx64.o/libtcl8.5.so(Tcl_Main+0x1d5) [0x7fe15222f175]
/home/storage/Xilinx/Vivado/2015.2/lib/lnx64.o/librdi_common.so(+0x659c89) [0x7fe15725ac89]
/lib/x86_64-linux-gnu/libpthread.so.0(+0x8182) [0x7fe155bfc182]
/lib/x86_64-linux-gnu/libc.so.6(clone+0x6d) [0x7fe15621247d]
