#
# An unexpected error has occurred (11)
#
Stack:
/lib/x86_64-linux-gnu/libc.so.6(+0x36d40) [0x7f7bfca06d40]
/home/storage/Xilinx/Vivado/2015.2/lib/lnx64.o/librdi_synth.so(DFDup::dupAttributes(DFObject*, DFObject*)+0x145c) [0x7f7bd5b53adc]
/home/storage/Xilinx/Vivado/2015.2/lib/lnx64.o/librdi_synth.so(DFDup::dupNodePins(DFNode*, DFNode*)+0x119) [0x7f7bd5b54619]
/home/storage/Xilinx/Vivado/2015.2/lib/lnx64.o/librdi_synth.so(DFDup::dupGraphNodes(DFGraph*, DFGraph*, bool, bool)+0x156) [0x7f7bd5b55d36]
/home/storage/Xilinx/Vivado/2015.2/lib/lnx64.o/librdi_synth.so(DFDup::_dupGraph(DFGraph*, DFGraph*, bool, bool)+0x2af) [0x7f7bd5b54a1f]
/home/storage/Xilinx/Vivado/2015.2/lib/lnx64.o/librdi_synth.so(DFDup::copyGraph(DFGraph*, DFGraph*)+0xb3) [0x7f7bd5b54d43]
/home/storage/Xilinx/Vivado/2015.2/lib/lnx64.o/librdi_synth.so(DFGraph::copySelf(UString const&)+0x4a) [0x7f7bd5b58a8a]
/home/storage/Xilinx/Vivado/2015.2/lib/lnx64.o/librdi_synth.so(HOptRestructDfg::copyGraph(DFGraph*)+0x31) [0x7f7bd583cd81]
/home/storage/Xilinx/Vivado/2015.2/lib/lnx64.o/librdi_synth.so(HOptRestructDfg::createHierarchyAndGraph(UList<NInstC*, UListNode<NInstC*>, NInstC*, UEValue<NInstC*, UListNode<NInstC*> > > const&, UHashMap<DFGraph*, NRealModC*, DFGraph*, UEKey<DFGraph*> >&)+0xa73) [0x7f7bd584c393]
/home/storage/Xilinx/Vivado/2015.2/lib/lnx64.o/librdi_synth.so(HOptRestructDfg::createHierarchyAndGraph(UList<NInstC*, UListNode<NInstC*>, NInstC*, UEValue<NInstC*, UListNode<NInstC*> > > const&)+0x79) [0x7f7bd584dd79]
/home/storage/Xilinx/Vivado/2015.2/lib/lnx64.o/librdi_synth.so(Optimize1::mergePartitions(NRealMod, unsigned long long, unsigned long long)+0x851) [0x7f7bd5897501]
/home/storage/Xilinx/Vivado/2015.2/lib/lnx64.o/librdi_synth.so(Optimize1::mergePartitions()+0x176) [0x7f7bd5897bb6]
/home/storage/Xilinx/Vivado/2015.2/lib/lnx64.o/librdi_synth.so(Optimize1::optimize(OptActions, NEqPinArray)+0xc0) [0x7f7bd5898780]
/home/storage/Xilinx/Vivado/2015.2/lib/lnx64.o/librdi_synth.so(Optimize1::Optimize1(NDes, bool, bool, bool, bool, OptActions, NEqPinArray)+0x9d) [0x7f7bd5899ccd]
/home/storage/Xilinx/Vivado/2015.2/lib/lnx64.o/librdi_synth.so(Optimize2::areaOpt(bool, bool, bool, bool)+0x49) [0x7f7bd589dfd9]
/home/storage/Xilinx/Vivado/2015.2/lib/lnx64.o/librdi_synth.so(Optimize2::Optimize2(NDes, bool, bool, bool, bool, bool, float, TTime, bool, bool)+0xbdc) [0x7f7bd58c21ac]
/home/storage/Xilinx/Vivado/2015.2/lib/lnx64.o/librdi_synth.so(NDes::optimize(bool, bool, bool, bool, bool, float, TTime, bool, bool)+0x155) [0x7f7bd5892fe5]
/home/storage/Xilinx/Vivado/2015.2/lib/lnx64.o/librdi_synth.so(+0xb4be22) [0x7f7bd5023e22]
/home/storage/Xilinx/Vivado/2015.2/lib/lnx64.o/librdi_synth.so(+0xaeff45) [0x7f7bd4fc7f45]
/home/storage/Xilinx/Vivado/2015.2/lib/lnx64.o/libtcl8.5.so(+0x331f5) [0x7f7bf8a7a1f5]
/home/storage/Xilinx/Vivado/2015.2/lib/lnx64.o/libtcl8.5.so(+0x76bbe) [0x7f7bf8abdbbe]
/home/storage/Xilinx/Vivado/2015.2/lib/lnx64.o/libtcl8.5.so(TclObjInterpProcCore+0x2fb) [0x7f7bf8afeb8b]
/home/storage/Xilinx/Vivado/2015.2/lib/lnx64.o/libtcl8.5.so(+0x331f5) [0x7f7bf8a7a1f5]
/home/storage/Xilinx/Vivado/2015.2/lib/lnx64.o/libtcl8.5.so(+0x34d6b) [0x7f7bf8a7bd6b]
/home/storage/Xilinx/Vivado/2015.2/lib/lnx64.o/libtcl8.5.so(Tcl_EvalEx+0x16) [0x7f7bf8a7c276]
/home/storage/Xilinx/Vivado/2015.2/lib/lnx64.o/libtcl8.5.so(TclEvalObjEx+0x213) [0x7f7bf8a7c4c3]
/home/storage/Xilinx/Vivado/2015.2/lib/lnx64.o/libtcl8.5.so(+0x3b745) [0x7f7bf8a82745]
/home/storage/Xilinx/Vivado/2015.2/lib/lnx64.o/libtcl8.5.so(+0x331f5) [0x7f7bf8a7a1f5]
/home/storage/Xilinx/Vivado/2015.2/lib/lnx64.o/libtcl8.5.so(+0x76bbe) [0x7f7bf8abdbbe]
/home/storage/Xilinx/Vivado/2015.2/lib/lnx64.o/libtcl8.5.so(+0x7e767) [0x7f7bf8ac5767]
/home/storage/Xilinx/Vivado/2015.2/lib/lnx64.o/libtcl8.5.so(TclEvalObjEx+0x77) [0x7f7bf8a7c327]
/home/storage/Xilinx/Vivado/2015.2/lib/lnx64.o/librdi_commontasks.so(+0x2d3057) [0x7f7bf4ced057]
/home/storage/Xilinx/Vivado/2015.2/lib/lnx64.o/libtcl8.5.so(+0x331f5) [0x7f7bf8a7a1f5]
/home/storage/Xilinx/Vivado/2015.2/lib/lnx64.o/libtcl8.5.so(+0x76bbe) [0x7f7bf8abdbbe]
/home/storage/Xilinx/Vivado/2015.2/lib/lnx64.o/libtcl8.5.so(TclObjInterpProcCore+0x2fb) [0x7f7bf8afeb8b]
/home/storage/Xilinx/Vivado/2015.2/lib/lnx64.o/libtcl8.5.so(+0x331f5) [0x7f7bf8a7a1f5]
/home/storage/Xilinx/Vivado/2015.2/lib/lnx64.o/libtcl8.5.so(+0x76bbe) [0x7f7bf8abdbbe]
/home/storage/Xilinx/Vivado/2015.2/lib/lnx64.o/libtcl8.5.so(TclObjInterpProcCore+0x2fb) [0x7f7bf8afeb8b]
/home/storage/Xilinx/Vivado/2015.2/lib/lnx64.o/libtcl8.5.so(+0x331f5) [0x7f7bf8a7a1f5]
/home/storage/Xilinx/Vivado/2015.2/lib/lnx64.o/libtcl8.5.so(+0x76bbe) [0x7f7bf8abdbbe]
/home/storage/Xilinx/Vivado/2015.2/lib/lnx64.o/libtcl8.5.so(+0x7e767) [0x7f7bf8ac5767]
/home/storage/Xilinx/Vivado/2015.2/lib/lnx64.o/libtcl8.5.so(TclEvalObjEx+0x77) [0x7f7bf8a7c327]
/home/storage/Xilinx/Vivado/2015.2/lib/lnx64.o/libtcl8.5.so(+0x3eabc) [0x7f7bf8a85abc]
/home/storage/Xilinx/Vivado/2015.2/lib/lnx64.o/libtcl8.5.so(+0x331f5) [0x7f7bf8a7a1f5]
/home/storage/Xilinx/Vivado/2015.2/lib/lnx64.o/libtcl8.5.so(+0x76bbe) [0x7f7bf8abdbbe]
/home/storage/Xilinx/Vivado/2015.2/lib/lnx64.o/libtcl8.5.so(+0x7e767) [0x7f7bf8ac5767]
/home/storage/Xilinx/Vivado/2015.2/lib/lnx64.o/libtcl8.5.so(TclEvalObjEx+0x77) [0x7f7bf8a7c327]
/home/storage/Xilinx/Vivado/2015.2/lib/lnx64.o/librdi_commontasks.so(+0x2d3057) [0x7f7bf4ced057]
/home/storage/Xilinx/Vivado/2015.2/lib/lnx64.o/libtcl8.5.so(+0x331f5) [0x7f7bf8a7a1f5]
/home/storage/Xilinx/Vivado/2015.2/lib/lnx64.o/libtcl8.5.so(+0x76bbe) [0x7f7bf8abdbbe]
/home/storage/Xilinx/Vivado/2015.2/lib/lnx64.o/libtcl8.5.so(Tcl_ExprObj+0xfb) [0x7f7bf8ac533b]
/home/storage/Xilinx/Vivado/2015.2/lib/lnx64.o/libtcl8.5.so(Tcl_ExprBooleanObj+0x16) [0x7f7bf8a7b0c6]
/home/storage/Xilinx/Vivado/2015.2/lib/lnx64.o/libtcl8.5.so(+0x3eae8) [0x7f7bf8a85ae8]
/home/storage/Xilinx/Vivado/2015.2/lib/lnx64.o/libtcl8.5.so(+0x331f5) [0x7f7bf8a7a1f5]
/home/storage/Xilinx/Vivado/2015.2/lib/lnx64.o/libtcl8.5.so(+0x34d6b) [0x7f7bf8a7bd6b]
/home/storage/Xilinx/Vivado/2015.2/lib/lnx64.o/libtcl8.5.so(Tcl_EvalEx+0x16) [0x7f7bf8a7c276]
/home/storage/Xilinx/Vivado/2015.2/lib/lnx64.o/libtcl8.5.so(Tcl_FSEvalFileEx+0x1d2) [0x7f7bf8ae0d02]
/home/storage/Xilinx/Vivado/2015.2/lib/lnx64.o/librdi_commontasks.so(+0x2f0425) [0x7f7bf4d0a425]
/home/storage/Xilinx/Vivado/2015.2/lib/lnx64.o/librdi_common.so(+0x62104f) [0x7f7bfdada04f]
/home/storage/Xilinx/Vivado/2015.2/lib/lnx64.o/libtcl8.5.so(+0x331f5) [0x7f7bf8a7a1f5]
/home/storage/Xilinx/Vivado/2015.2/lib/lnx64.o/libtcl8.5.so(+0x76bbe) [0x7f7bf8abdbbe]
/home/storage/Xilinx/Vivado/2015.2/lib/lnx64.o/libtcl8.5.so(+0x7e767) [0x7f7bf8ac5767]
/home/storage/Xilinx/Vivado/2015.2/lib/lnx64.o/libtcl8.5.so(TclEvalObjEx+0x77) [0x7f7bf8a7c327]
/home/storage/Xilinx/Vivado/2015.2/lib/lnx64.o/libtcl8.5.so(+0xb740f) [0x7f7bf8afe40f]
/home/storage/Xilinx/Vivado/2015.2/lib/lnx64.o/libtcl8.5.so(+0x331f5) [0x7f7bf8a7a1f5]
/home/storage/Xilinx/Vivado/2015.2/lib/lnx64.o/libtcl8.5.so(+0x76bbe) [0x7f7bf8abdbbe]
/home/storage/Xilinx/Vivado/2015.2/lib/lnx64.o/libtcl8.5.so(+0x7e767) [0x7f7bf8ac5767]
/home/storage/Xilinx/Vivado/2015.2/lib/lnx64.o/libtcl8.5.so(TclEvalObjEx+0x77) [0x7f7bf8a7c327]
/home/storage/Xilinx/Vivado/2015.2/lib/lnx64.o/librdi_commontasks.so(+0x2d30f4) [0x7f7bf4ced0f4]
/home/storage/Xilinx/Vivado/2015.2/lib/lnx64.o/libtcl8.5.so(+0x331f5) [0x7f7bf8a7a1f5]
/home/storage/Xilinx/Vivado/2015.2/lib/lnx64.o/libtcl8.5.so(+0x34d6b) [0x7f7bf8a7bd6b]
/home/storage/Xilinx/Vivado/2015.2/lib/lnx64.o/libtcl8.5.so(+0xad531) [0x7f7bf8af4531]
/home/storage/Xilinx/Vivado/2015.2/lib/lnx64.o/libtcl8.5.so(+0x3491c) [0x7f7bf8a7b91c]
/home/storage/Xilinx/Vivado/2015.2/lib/lnx64.o/libtcl8.5.so(Tcl_EvalEx+0x16) [0x7f7bf8a7c276]
/home/storage/Xilinx/Vivado/2015.2/lib/lnx64.o/libtcl8.5.so(Tcl_FSEvalFileEx+0x1d2) [0x7f7bf8ae0d02]
/home/storage/Xilinx/Vivado/2015.2/lib/lnx64.o/librdi_commontasks.so(+0x2f0425) [0x7f7bf4d0a425]
/home/storage/Xilinx/Vivado/2015.2/lib/lnx64.o/librdi_common.so(+0x62104f) [0x7f7bfdada04f]
/home/storage/Xilinx/Vivado/2015.2/lib/lnx64.o/libtcl8.5.so(+0x331f5) [0x7f7bf8a7a1f5]
/home/storage/Xilinx/Vivado/2015.2/lib/lnx64.o/libtcl8.5.so(Tcl_EvalObjv+0x32) [0x7f7bf8a7a7e2]
/home/storage/Xilinx/Vivado/2015.2/lib/lnx64.o/libtcl8.5.so(TclEvalObjEx+0x322) [0x7f7bf8a7c5d2]
/home/storage/Xilinx/Vivado/2015.2/lib/lnx64.o/librdi_common.so(hdi::tcltasks::task_manager::eval_in_tcl(Tcl_Interp*, Tcl_Obj*, char const*, bool)+0x84d) [0x7f7bfdadba8d]
/home/storage/Xilinx/Vivado/2015.2/lib/lnx64.o/librdi_designutils.so(HRTInvoker::inProcessLaunch(HDGUIStatus&)+0x1c9) [0x7f7beaa4da89]
/home/storage/Xilinx/Vivado/2015.2/lib/lnx64.o/librdi_designutils.so(HRTInvoker::launch(HDGUIStatus&)+0x4b5) [0x7f7beaa4e7d5]
/home/storage/Xilinx/Vivado/2015.2/lib/lnx64.o/librdi_vivadotasks.so(+0x1fa5f8) [0x7f7bcef5b5f8]
/home/storage/Xilinx/Vivado/2015.2/lib/lnx64.o/librdi_vivadotasks.so(+0x2013d0) [0x7f7bcef623d0]
/home/storage/Xilinx/Vivado/2015.2/lib/lnx64.o/librdi_common.so(+0x62104f) [0x7f7bfdada04f]
/home/storage/Xilinx/Vivado/2015.2/lib/lnx64.o/libtcl8.5.so(+0x331f5) [0x7f7bf8a7a1f5]
/home/storage/Xilinx/Vivado/2015.2/lib/lnx64.o/libtcl8.5.so(+0x34d6b) [0x7f7bf8a7bd6b]
/home/storage/Xilinx/Vivado/2015.2/lib/lnx64.o/libtcl8.5.so(Tcl_EvalEx+0x16) [0x7f7bf8a7c276]
/home/storage/Xilinx/Vivado/2015.2/lib/lnx64.o/libtcl8.5.so(Tcl_FSEvalFileEx+0x1d2) [0x7f7bf8ae0d02]
/home/storage/Xilinx/Vivado/2015.2/lib/lnx64.o/librdi_commontasks.so(+0x2f0425) [0x7f7bf4d0a425]
/home/storage/Xilinx/Vivado/2015.2/lib/lnx64.o/librdi_common.so(+0x62104f) [0x7f7bfdada04f]
/home/storage/Xilinx/Vivado/2015.2/lib/lnx64.o/libtcl8.5.so(+0x331f5) [0x7f7bf8a7a1f5]
/home/storage/Xilinx/Vivado/2015.2/lib/lnx64.o/libtcl8.5.so(Tcl_EvalObjv+0x32) [0x7f7bf8a7a7e2]
/home/storage/Xilinx/Vivado/2015.2/lib/lnx64.o/libtcl8.5.so(TclEvalObjEx+0x322) [0x7f7bf8a7c5d2]
/home/storage/Xilinx/Vivado/2015.2/lib/lnx64.o/librdi_commontasks.so(+0x3074a2) [0x7f7bf4d214a2]
/home/storage/Xilinx/Vivado/2015.2/lib/lnx64.o/librdi_commontasks.so(+0x30dd9d) [0x7f7bf4d27d9d]
/home/storage/Xilinx/Vivado/2015.2/lib/lnx64.o/librdi_commontasks.so(+0x3078e3) [0x7f7bf4d218e3]
/home/storage/Xilinx/Vivado/2015.2/lib/lnx64.o/librdi_common.so(+0x62104f) [0x7f7bfdada04f]
/home/storage/Xilinx/Vivado/2015.2/lib/lnx64.o/libtcl8.5.so(+0x331f5) [0x7f7bf8a7a1f5]
/home/storage/Xilinx/Vivado/2015.2/lib/lnx64.o/libtcl8.5.so(Tcl_EvalObjv+0x32) [0x7f7bf8a7a7e2]
/home/storage/Xilinx/Vivado/2015.2/lib/lnx64.o/libtcl8.5.so(TclEvalObjEx+0x322) [0x7f7bf8a7c5d2]
/home/storage/Xilinx/Vivado/2015.2/lib/lnx64.o/librdi_commonmain.so(+0x7110) [0x7f7bfd2b4110]
/home/storage/Xilinx/Vivado/2015.2/lib/lnx64.o/libtcl8.5.so(Tcl_Main+0x1d5) [0x7f7bf8ae7175]
/home/storage/Xilinx/Vivado/2015.2/lib/lnx64.o/librdi_common.so(+0x659c89) [0x7f7bfdb12c89]
/lib/x86_64-linux-gnu/libpthread.so.0(+0x8182) [0x7f7bfc4b4182]
/lib/x86_64-linux-gnu/libc.so.6(clone+0x6d) [0x7f7bfcaca47d]
