Copyright 1986-2016 Xilinx, Inc. All Rights Reserved.
----------------------------------------------------------------------------------------
| Tool Version     : Vivado v.2016.3 (lin64) Build 1682563 Mon Oct 10 19:07:26 MDT 2016
| Date             : Sat Oct 15 16:59:04 2016
| Host             : jon-GA-MA770T-ES3 running 64-bit Linux Mint 17.2 Rafaela
| Command          : report_power -file ./post_route_power.rpt
| Design           : BSP
| Device           : xc7a100tcsg324-1
| Design State     : routed
| Grade            : commercial
| Process          : typical
| Characterization : Production
----------------------------------------------------------------------------------------

Power Report

Table of Contents
-----------------
1. Summary
1.1 On-Chip Components
1.2 Power Supply Summary
1.3 Confidence Level
2. Settings
2.1 Environment
2.2 Clock Constraints
3. Detailed Reports
3.1 By Hierarchy

1. Summary
----------

+--------------------------+-------+
| Total On-Chip Power (W)  | 0.876 |
| Dynamic (W)              | 0.766 |
| Device Static (W)        | 0.110 |
| Effective TJA (C/W)      | 4.6   |
| Max Ambient (C)          | 81.0  |
| Junction Temperature (C) | 29.0  |
| Confidence Level         | Low   |
| Setting File             | ---   |
| Simulation Activity File | ---   |
| Design Nets Matched      | NA    |
+--------------------------+-------+


1.1 On-Chip Components
----------------------

+--------------------------+-----------+----------+-----------+-----------------+
| On-Chip                  | Power (W) | Used     | Available | Utilization (%) |
+--------------------------+-----------+----------+-----------+-----------------+
| Clocks                   |     0.054 |        9 |       --- |             --- |
| Slice Logic              |     0.214 |    39185 |       --- |             --- |
|   LUT as Logic           |     0.182 |    19930 |     63400 |           31.44 |
|   CARRY4                 |     0.023 |     4148 |     15850 |           26.17 |
|   Register               |     0.008 |    10814 |    126800 |            8.53 |
|   F7/F8 Muxes            |    <0.001 |      355 |     63400 |            0.56 |
|   LUT as Distributed RAM |    <0.001 |      768 |     19000 |            4.04 |
|   LUT as Shift Register  |    <0.001 |        6 |     19000 |            0.03 |
|   Others                 |     0.000 |       49 |       --- |             --- |
| Signals                  |     0.237 |    25375 |       --- |             --- |
| Block RAM                |     0.037 |     14.5 |       135 |           10.74 |
| MMCM                     |     0.095 |        1 |         6 |           16.67 |
| PLL                      |     0.094 |        1 |         6 |           16.67 |
| DSPs                     |     0.020 |       27 |       240 |           11.25 |
| I/O                      |     0.013 |       71 |       210 |           33.81 |
| Static Power             |     0.110 |          |           |                 |
| Total                    |     0.876 |          |           |                 |
+--------------------------+-----------+----------+-----------+-----------------+


1.2 Power Supply Summary
------------------------

+-----------+-------------+-----------+-------------+------------+
| Source    | Voltage (V) | Total (A) | Dynamic (A) | Static (A) |
+-----------+-------------+-----------+-------------+------------+
| Vccint    |       1.000 |     0.586 |       0.568 |      0.018 |
| Vccaux    |       1.800 |     0.121 |       0.103 |      0.018 |
| Vcco33    |       3.300 |     0.007 |       0.003 |      0.004 |
| Vcco25    |       2.500 |     0.004 |       0.000 |      0.004 |
| Vcco18    |       1.800 |     0.000 |       0.000 |      0.000 |
| Vcco15    |       1.500 |     0.000 |       0.000 |      0.000 |
| Vcco135   |       1.350 |     0.000 |       0.000 |      0.000 |
| Vcco12    |       1.200 |     0.000 |       0.000 |      0.000 |
| Vccaux_io |       1.800 |     0.000 |       0.000 |      0.000 |
| Vccbram   |       1.000 |     0.004 |       0.003 |      0.001 |
| MGTAVcc   |       1.000 |     0.000 |       0.000 |      0.000 |
| MGTAVtt   |       1.200 |     0.000 |       0.000 |      0.000 |
| Vccadc    |       1.800 |     0.020 |       0.000 |      0.020 |
+-----------+-------------+-----------+-------------+------------+


1.3 Confidence Level
--------------------

+-----------------------------+------------+--------------------------------------------------------+------------------------------------------------------------------------------------------------------------+
| User Input Data             | Confidence | Details                                                | Action                                                                                                     |
+-----------------------------+------------+--------------------------------------------------------+------------------------------------------------------------------------------------------------------------+
| Design implementation state | High       | Design is routed                                       |                                                                                                            |
| Clock nodes activity        | High       | User specified more than 95% of clocks                 |                                                                                                            |
| I/O nodes activity          | Low        | More than 75% of inputs are missing user specification | Provide missing input activity with simulation results or by editing the "By Resource Type -> I/Os" view   |
| Internal nodes activity     | Medium     | User specified less than 25% of internal nodes         | Provide missing internal nodes activity with simulation results or by editing the "By Resource Type" views |
| Device models               | High       | Device models are Production                           |                                                                                                            |
|                             |            |                                                        |                                                                                                            |
| Overall confidence level    | Low        |                                                        |                                                                                                            |
+-----------------------------+------------+--------------------------------------------------------+------------------------------------------------------------------------------------------------------------+


2. Settings
-----------

2.1 Environment
---------------

+-----------------------+--------------------------+
| Ambient Temp (C)      | 25.0                     |
| ThetaJA (C/W)         | 4.6                      |
| Airflow (LFM)         | 250                      |
| Heat Sink             | medium (Medium Profile)  |
| ThetaSA (C/W)         | 4.6                      |
| Board Selection       | medium (10"x10")         |
| # of Board Layers     | 12to15 (12 to 15 Layers) |
| Board Temperature (C) | 25.0                     |
+-----------------------+--------------------------+


2.2 Clock Constraints
---------------------

+-------------+--------------------------+-----------------+
| Clock       | Domain                   | Constraint (ns) |
+-------------+--------------------------+-----------------+
| CLKFBOUT    | radio_inst_1/CLKFBOUT    |            10.0 |
| CLK_100_s   | radio_inst_1/CLK_100_s   |            10.0 |
| CLK_400_N_s | radio_inst_1/CLK_400_N_s |             2.5 |
| CLK_400_s   | radio_inst_1/CLK_400_s   |             2.5 |
| clk0        | clk0                     |            10.0 |
| clkdv       | clkdv                    |            20.0 |
| sys_clk_pin | CLK_IN                   |            10.0 |
+-------------+--------------------------+-----------------+


3. Detailed Reports
-------------------

3.1 By Hierarchy
----------------

+-------------------------------------------+-----------+
| Name                                      | Power (W) |
+-------------------------------------------+-----------+
| BSP                                       |     0.765 |
|   CHARSVGA_INST_1                         |     0.002 |
|     BRAM_INST_1                           |     0.002 |
|     TIMEING1                              |    <0.001 |
|   I2C_INST_1                              |    <0.001 |
|   PWM_INST_1                              |    <0.001 |
|   PWM_INST_2                              |    <0.001 |
|   PWM_INST_3                              |    <0.001 |
|   SCL_IOBUF_inst                          |     0.000 |
|   SDA_IOBUF_inst                          |     0.000 |
|   SERIAL_INPUT_INST_1                     |    <0.001 |
|   SERIAL_OUTPUT_INST_1                    |    <0.001 |
|   USER_DESIGN_INST_1                      |     0.070 |
|     main_0_140242267076080                |     0.070 |
|       double_divider_inst                 |     0.011 |
|       double_to_long_inst                 |     0.003 |
|       long_to_double_inst                 |     0.003 |
|       registers_reg_r1_0_15_0_5           |    <0.001 |
|       registers_reg_r1_0_15_12_17         |    <0.001 |
|       registers_reg_r1_0_15_18_23         |    <0.001 |
|       registers_reg_r1_0_15_24_29         |    <0.001 |
|       registers_reg_r1_0_15_30_31         |    <0.001 |
|       registers_reg_r1_0_15_6_11          |    <0.001 |
|       registers_reg_r2_0_15_0_5           |    <0.001 |
|       registers_reg_r2_0_15_12_17         |    <0.001 |
|       registers_reg_r2_0_15_18_23         |    <0.001 |
|       registers_reg_r2_0_15_24_29         |    <0.001 |
|       registers_reg_r2_0_15_30_31         |    <0.001 |
|       registers_reg_r2_0_15_6_11          |    <0.001 |
|   ethernet_inst_1                         |     0.011 |
|     RX_MEMORY_reg_0_63_0_2                |    <0.001 |
|     RX_MEMORY_reg_0_63_12_14              |    <0.001 |
|     RX_MEMORY_reg_0_63_15_15              |    <0.001 |
|     RX_MEMORY_reg_0_63_3_5                |    <0.001 |
|     RX_MEMORY_reg_0_63_6_8                |    <0.001 |
|     RX_MEMORY_reg_0_63_9_11               |    <0.001 |
|     RX_MEMORY_reg_1024_1087_0_2           |    <0.001 |
|     RX_MEMORY_reg_1024_1087_12_14         |    <0.001 |
|     RX_MEMORY_reg_1024_1087_15_15         |    <0.001 |
|     RX_MEMORY_reg_1024_1087_3_5           |    <0.001 |
|     RX_MEMORY_reg_1024_1087_6_8           |    <0.001 |
|     RX_MEMORY_reg_1024_1087_9_11          |    <0.001 |
|     RX_MEMORY_reg_1088_1151_0_2           |    <0.001 |
|     RX_MEMORY_reg_1088_1151_12_14         |    <0.001 |
|     RX_MEMORY_reg_1088_1151_15_15         |    <0.001 |
|     RX_MEMORY_reg_1088_1151_3_5           |    <0.001 |
|     RX_MEMORY_reg_1088_1151_6_8           |    <0.001 |
|     RX_MEMORY_reg_1088_1151_9_11          |    <0.001 |
|     RX_MEMORY_reg_1152_1215_0_2           |    <0.001 |
|     RX_MEMORY_reg_1152_1215_12_14         |    <0.001 |
|     RX_MEMORY_reg_1152_1215_15_15         |    <0.001 |
|     RX_MEMORY_reg_1152_1215_3_5           |    <0.001 |
|     RX_MEMORY_reg_1152_1215_6_8           |    <0.001 |
|     RX_MEMORY_reg_1152_1215_9_11          |    <0.001 |
|     RX_MEMORY_reg_1216_1279_0_2           |    <0.001 |
|     RX_MEMORY_reg_1216_1279_12_14         |    <0.001 |
|     RX_MEMORY_reg_1216_1279_15_15         |    <0.001 |
|     RX_MEMORY_reg_1216_1279_3_5           |    <0.001 |
|     RX_MEMORY_reg_1216_1279_6_8           |    <0.001 |
|     RX_MEMORY_reg_1216_1279_9_11          |    <0.001 |
|     RX_MEMORY_reg_1280_1343_0_2           |    <0.001 |
|     RX_MEMORY_reg_1280_1343_12_14         |    <0.001 |
|     RX_MEMORY_reg_1280_1343_15_15         |    <0.001 |
|     RX_MEMORY_reg_1280_1343_3_5           |    <0.001 |
|     RX_MEMORY_reg_1280_1343_6_8           |    <0.001 |
|     RX_MEMORY_reg_1280_1343_9_11          |    <0.001 |
|     RX_MEMORY_reg_128_191_0_2             |    <0.001 |
|     RX_MEMORY_reg_128_191_12_14           |    <0.001 |
|     RX_MEMORY_reg_128_191_15_15           |    <0.001 |
|     RX_MEMORY_reg_128_191_3_5             |    <0.001 |
|     RX_MEMORY_reg_128_191_6_8             |    <0.001 |
|     RX_MEMORY_reg_128_191_9_11            |    <0.001 |
|     RX_MEMORY_reg_1344_1407_0_2           |    <0.001 |
|     RX_MEMORY_reg_1344_1407_12_14         |    <0.001 |
|     RX_MEMORY_reg_1344_1407_15_15         |    <0.001 |
|     RX_MEMORY_reg_1344_1407_3_5           |    <0.001 |
|     RX_MEMORY_reg_1344_1407_6_8           |    <0.001 |
|     RX_MEMORY_reg_1344_1407_9_11          |    <0.001 |
|     RX_MEMORY_reg_1408_1471_0_2           |    <0.001 |
|     RX_MEMORY_reg_1408_1471_12_14         |    <0.001 |
|     RX_MEMORY_reg_1408_1471_15_15         |    <0.001 |
|     RX_MEMORY_reg_1408_1471_3_5           |    <0.001 |
|     RX_MEMORY_reg_1408_1471_6_8           |    <0.001 |
|     RX_MEMORY_reg_1408_1471_9_11          |    <0.001 |
|     RX_MEMORY_reg_1472_1535_0_2           |    <0.001 |
|     RX_MEMORY_reg_1472_1535_12_14         |    <0.001 |
|     RX_MEMORY_reg_1472_1535_15_15         |    <0.001 |
|     RX_MEMORY_reg_1472_1535_3_5           |    <0.001 |
|     RX_MEMORY_reg_1472_1535_6_8           |    <0.001 |
|     RX_MEMORY_reg_1472_1535_9_11          |    <0.001 |
|     RX_MEMORY_reg_1536_1599_0_2           |    <0.001 |
|     RX_MEMORY_reg_1536_1599_12_14         |    <0.001 |
|     RX_MEMORY_reg_1536_1599_15_15         |    <0.001 |
|     RX_MEMORY_reg_1536_1599_3_5           |    <0.001 |
|     RX_MEMORY_reg_1536_1599_6_8           |    <0.001 |
|     RX_MEMORY_reg_1536_1599_9_11          |    <0.001 |
|     RX_MEMORY_reg_1600_1663_0_2           |    <0.001 |
|     RX_MEMORY_reg_1600_1663_12_14         |    <0.001 |
|     RX_MEMORY_reg_1600_1663_15_15         |    <0.001 |
|     RX_MEMORY_reg_1600_1663_3_5           |    <0.001 |
|     RX_MEMORY_reg_1600_1663_6_8           |    <0.001 |
|     RX_MEMORY_reg_1600_1663_9_11          |    <0.001 |
|     RX_MEMORY_reg_1664_1727_0_2           |    <0.001 |
|     RX_MEMORY_reg_1664_1727_12_14         |    <0.001 |
|     RX_MEMORY_reg_1664_1727_15_15         |    <0.001 |
|     RX_MEMORY_reg_1664_1727_3_5           |    <0.001 |
|     RX_MEMORY_reg_1664_1727_6_8           |    <0.001 |
|     RX_MEMORY_reg_1664_1727_9_11          |    <0.001 |
|     RX_MEMORY_reg_1728_1791_0_2           |    <0.001 |
|     RX_MEMORY_reg_1728_1791_12_14         |    <0.001 |
|     RX_MEMORY_reg_1728_1791_15_15         |    <0.001 |
|     RX_MEMORY_reg_1728_1791_3_5           |    <0.001 |
|     RX_MEMORY_reg_1728_1791_6_8           |    <0.001 |
|     RX_MEMORY_reg_1728_1791_9_11          |    <0.001 |
|     RX_MEMORY_reg_1792_1855_0_2           |    <0.001 |
|     RX_MEMORY_reg_1792_1855_12_14         |    <0.001 |
|     RX_MEMORY_reg_1792_1855_15_15         |    <0.001 |
|     RX_MEMORY_reg_1792_1855_3_5           |    <0.001 |
|     RX_MEMORY_reg_1792_1855_6_8           |    <0.001 |
|     RX_MEMORY_reg_1792_1855_9_11          |    <0.001 |
|     RX_MEMORY_reg_1856_1919_0_2           |    <0.001 |
|     RX_MEMORY_reg_1856_1919_12_14         |    <0.001 |
|     RX_MEMORY_reg_1856_1919_15_15         |    <0.001 |
|     RX_MEMORY_reg_1856_1919_3_5           |    <0.001 |
|     RX_MEMORY_reg_1856_1919_6_8           |    <0.001 |
|     RX_MEMORY_reg_1856_1919_9_11          |    <0.001 |
|     RX_MEMORY_reg_1920_1983_0_2           |    <0.001 |
|     RX_MEMORY_reg_1920_1983_12_14         |    <0.001 |
|     RX_MEMORY_reg_1920_1983_15_15         |    <0.001 |
|     RX_MEMORY_reg_1920_1983_3_5           |    <0.001 |
|     RX_MEMORY_reg_1920_1983_6_8           |    <0.001 |
|     RX_MEMORY_reg_1920_1983_9_11          |    <0.001 |
|     RX_MEMORY_reg_192_255_0_2             |    <0.001 |
|     RX_MEMORY_reg_192_255_12_14           |    <0.001 |
|     RX_MEMORY_reg_192_255_15_15           |    <0.001 |
|     RX_MEMORY_reg_192_255_3_5             |    <0.001 |
|     RX_MEMORY_reg_192_255_6_8             |    <0.001 |
|     RX_MEMORY_reg_192_255_9_11            |    <0.001 |
|     RX_MEMORY_reg_1984_2047_0_2           |    <0.001 |
|     RX_MEMORY_reg_1984_2047_12_14         |    <0.001 |
|     RX_MEMORY_reg_1984_2047_15_15         |    <0.001 |
|     RX_MEMORY_reg_1984_2047_3_5           |    <0.001 |
|     RX_MEMORY_reg_1984_2047_6_8           |    <0.001 |
|     RX_MEMORY_reg_1984_2047_9_11          |    <0.001 |
|     RX_MEMORY_reg_256_319_0_2             |    <0.001 |
|     RX_MEMORY_reg_256_319_12_14           |    <0.001 |
|     RX_MEMORY_reg_256_319_15_15           |    <0.001 |
|     RX_MEMORY_reg_256_319_3_5             |    <0.001 |
|     RX_MEMORY_reg_256_319_6_8             |    <0.001 |
|     RX_MEMORY_reg_256_319_9_11            |    <0.001 |
|     RX_MEMORY_reg_320_383_0_2             |    <0.001 |
|     RX_MEMORY_reg_320_383_12_14           |    <0.001 |
|     RX_MEMORY_reg_320_383_15_15           |    <0.001 |
|     RX_MEMORY_reg_320_383_3_5             |    <0.001 |
|     RX_MEMORY_reg_320_383_6_8             |    <0.001 |
|     RX_MEMORY_reg_320_383_9_11            |    <0.001 |
|     RX_MEMORY_reg_384_447_0_2             |    <0.001 |
|     RX_MEMORY_reg_384_447_12_14           |    <0.001 |
|     RX_MEMORY_reg_384_447_15_15           |    <0.001 |
|     RX_MEMORY_reg_384_447_3_5             |    <0.001 |
|     RX_MEMORY_reg_384_447_6_8             |    <0.001 |
|     RX_MEMORY_reg_384_447_9_11            |    <0.001 |
|     RX_MEMORY_reg_448_511_0_2             |    <0.001 |
|     RX_MEMORY_reg_448_511_12_14           |    <0.001 |
|     RX_MEMORY_reg_448_511_15_15           |    <0.001 |
|     RX_MEMORY_reg_448_511_3_5             |    <0.001 |
|     RX_MEMORY_reg_448_511_6_8             |    <0.001 |
|     RX_MEMORY_reg_448_511_9_11            |    <0.001 |
|     RX_MEMORY_reg_512_575_0_2             |    <0.001 |
|     RX_MEMORY_reg_512_575_12_14           |    <0.001 |
|     RX_MEMORY_reg_512_575_15_15           |    <0.001 |
|     RX_MEMORY_reg_512_575_3_5             |    <0.001 |
|     RX_MEMORY_reg_512_575_6_8             |    <0.001 |
|     RX_MEMORY_reg_512_575_9_11            |    <0.001 |
|     RX_MEMORY_reg_576_639_0_2             |    <0.001 |
|     RX_MEMORY_reg_576_639_12_14           |    <0.001 |
|     RX_MEMORY_reg_576_639_15_15           |    <0.001 |
|     RX_MEMORY_reg_576_639_3_5             |    <0.001 |
|     RX_MEMORY_reg_576_639_6_8             |    <0.001 |
|     RX_MEMORY_reg_576_639_9_11            |    <0.001 |
|     RX_MEMORY_reg_640_703_0_2             |    <0.001 |
|     RX_MEMORY_reg_640_703_12_14           |    <0.001 |
|     RX_MEMORY_reg_640_703_15_15           |    <0.001 |
|     RX_MEMORY_reg_640_703_3_5             |    <0.001 |
|     RX_MEMORY_reg_640_703_6_8             |    <0.001 |
|     RX_MEMORY_reg_640_703_9_11            |    <0.001 |
|     RX_MEMORY_reg_64_127_0_2              |    <0.001 |
|     RX_MEMORY_reg_64_127_12_14            |    <0.001 |
|     RX_MEMORY_reg_64_127_15_15            |    <0.001 |
|     RX_MEMORY_reg_64_127_3_5              |    <0.001 |
|     RX_MEMORY_reg_64_127_6_8              |    <0.001 |
|     RX_MEMORY_reg_64_127_9_11             |    <0.001 |
|     RX_MEMORY_reg_704_767_0_2             |    <0.001 |
|     RX_MEMORY_reg_704_767_12_14           |    <0.001 |
|     RX_MEMORY_reg_704_767_15_15           |    <0.001 |
|     RX_MEMORY_reg_704_767_3_5             |    <0.001 |
|     RX_MEMORY_reg_704_767_6_8             |    <0.001 |
|     RX_MEMORY_reg_704_767_9_11            |    <0.001 |
|     RX_MEMORY_reg_768_831_0_2             |    <0.001 |
|     RX_MEMORY_reg_768_831_12_14           |    <0.001 |
|     RX_MEMORY_reg_768_831_15_15           |    <0.001 |
|     RX_MEMORY_reg_768_831_3_5             |    <0.001 |
|     RX_MEMORY_reg_768_831_6_8             |    <0.001 |
|     RX_MEMORY_reg_768_831_9_11            |    <0.001 |
|     RX_MEMORY_reg_832_895_0_2             |    <0.001 |
|     RX_MEMORY_reg_832_895_12_14           |    <0.001 |
|     RX_MEMORY_reg_832_895_15_15           |    <0.001 |
|     RX_MEMORY_reg_832_895_3_5             |    <0.001 |
|     RX_MEMORY_reg_832_895_6_8             |    <0.001 |
|     RX_MEMORY_reg_832_895_9_11            |    <0.001 |
|     RX_MEMORY_reg_896_959_0_2             |    <0.001 |
|     RX_MEMORY_reg_896_959_12_14           |    <0.001 |
|     RX_MEMORY_reg_896_959_15_15           |    <0.001 |
|     RX_MEMORY_reg_896_959_3_5             |    <0.001 |
|     RX_MEMORY_reg_896_959_6_8             |    <0.001 |
|     RX_MEMORY_reg_896_959_9_11            |    <0.001 |
|     RX_MEMORY_reg_960_1023_0_2            |    <0.001 |
|     RX_MEMORY_reg_960_1023_12_14          |    <0.001 |
|     RX_MEMORY_reg_960_1023_15_15          |    <0.001 |
|     RX_MEMORY_reg_960_1023_3_5            |    <0.001 |
|     RX_MEMORY_reg_960_1023_6_8            |    <0.001 |
|     RX_MEMORY_reg_960_1023_9_11           |    <0.001 |
|     RX_PACKET_LENGTH_BUFFER_reg_0_31_0_5  |    <0.001 |
|     RX_PACKET_LENGTH_BUFFER_reg_0_31_6_10 |    <0.001 |
|     RX_START_ADDRESS_BUFFER_reg_0_31_0_5  |    <0.001 |
|     RX_START_ADDRESS_BUFFER_reg_0_31_6_10 |    <0.001 |
|   pwm_audio_inst_1                        |    <0.001 |
|   radio_inst_1                            |     0.572 |
|     cic_filter_inst_i                     |     0.008 |
|     cic_filter_inst_q                     |     0.008 |
|     rectangular_to_polar_inst_1           |     0.401 |
+-------------------------------------------+-----------+


