Copyright 1986-2015 Xilinx, Inc. All Rights Reserved.
------------------------------------------------------------------------------------
| Tool Version : Vivado v.2015.2 (lin64) Build 1266856 Fri Jun 26 16:35:25 MDT 2015
| Date         : Tue Dec 22 19:03:31 2015
| Host         : jon-GA-MA770T-ES3 running 64-bit Linux Mint 17.2 Rafaela
| Command      : report_timing_summary -file ./post_route_timing_summary.rpt
| Design       : BSP
| Device       : 7a100t-csg324
| Speed File   : -1  PRODUCTION 1.14 2014-09-11
------------------------------------------------------------------------------------

Timing Summary Report

------------------------------------------------------------------------------------------------
| Timer Settings
| --------------
------------------------------------------------------------------------------------------------

  Enable Multi Corner Analysis               :  Yes
  Enable Pessimism Removal                   :  Yes
  Pessimism Removal Resolution               :  Nearest Common Node
  Enable Input Delay Default Clock           :  No
  Enable Preset / Clear Arcs                 :  No
  Disable Flight Delays                      :  No

  Corner  Analyze    Analyze    
  Name    Max Paths  Min Paths  
  ------  ---------  ---------  
  Slow    Yes        Yes        
  Fast    Yes        Yes        



check_timing report

Table of Contents
-----------------
1. checking no_clock
2. checking constant_clock
3. checking pulse_width_clock
4. checking unconstrained_internal_endpoints
5. checking no_input_delay
6. checking no_output_delay
7. checking multiple_clock
8. checking generated_clocks
9. checking loops
10. checking partial_input_delay
11. checking partial_output_delay
12. checking latch_loops

1. checking no_clock
--------------------
 There are 0 register/latch pins with no clock.


2. checking constant_clock
--------------------------
 There are 0 register/latch pins with constant_clock.


3. checking pulse_width_clock
-----------------------------
 There are 0 register/latch pins which need pulse_width check


4. checking unconstrained_internal_endpoints
--------------------------------------------
 There are 0 pins that are not constrained for maximum delay.

 There are 0 pins that are not constrained for maximum delay due to constant clock.


5. checking no_input_delay
--------------------------
 There are 2 input ports with no input delay specified. (HIGH)

 There are 0 input ports with no input delay but user has a false path constraint.


6. checking no_output_delay
---------------------------
 There are 40 ports with no output delay specified. (HIGH)

 There are 0 ports with no output delay but user has a false path constraint

 There are 0 ports with no output delay but with a timing clock defined on it or propagating through it


7. checking multiple_clock
--------------------------
 There are 0 register/latch pins with multiple clocks.


8. checking generated_clocks
----------------------------
 There are 3 generated clocks that are not connected to a clock source. (HIGH)


9. checking loops
-----------------
 There are 0 combinational loops in the design.


10. checking partial_input_delay
--------------------------------
 There are 0 input ports with partial input delay specified.


11. checking partial_output_delay
---------------------------------
 There are 0 ports with partial output delay specified.


12. checking latch_loops
------------------------
 There are 0 combinational latch loops in the design through latch input



------------------------------------------------------------------------------------------------
| Design Timing Summary
| ---------------------
------------------------------------------------------------------------------------------------

    WNS(ns)      TNS(ns)  TNS Failing Endpoints  TNS Total Endpoints      WHS(ns)      THS(ns)  THS Failing Endpoints  THS Total Endpoints     WPWS(ns)     TPWS(ns)  TPWS Failing Endpoints  TPWS Total Endpoints  
    -------      -------  ---------------------  -------------------      -------      -------  ---------------------  -------------------     --------     --------  ----------------------  --------------------  
      8.559        0.000                      0                 3388        0.063        0.000                      0                 3388        3.000        0.000                       0                  1078  


All user specified timing constraints are met.


------------------------------------------------------------------------------------------------
| Clock Summary
| -------------
------------------------------------------------------------------------------------------------

Clock        Waveform(ns)         Period(ns)      Frequency(MHz)
-----        ------------         ----------      --------------
sys_clk_pin  {0.000 5.000}        10.000          100.000         
  clk0       {0.000 5.000}        10.000          100.000         
  clk2x      {0.000 2.500}        5.000           200.000         
  clkdv      {0.000 10.000}       20.000          50.000          
  clkfx      {0.000 1.250}        2.500           400.000         
  clkfx180   {1.250 2.500}        2.500           400.000         


------------------------------------------------------------------------------------------------
| Intra Clock Table
| -----------------
------------------------------------------------------------------------------------------------

Clock             WNS(ns)      TNS(ns)  TNS Failing Endpoints  TNS Total Endpoints      WHS(ns)      THS(ns)  THS Failing Endpoints  THS Total Endpoints     WPWS(ns)     TPWS(ns)  TPWS Failing Endpoints  TPWS Total Endpoints  
-----             -------      -------  ---------------------  -------------------      -------      -------  ---------------------  -------------------     --------     --------  ----------------------  --------------------  
sys_clk_pin                                                                                                                                                     3.000        0.000                       0                     1  
  clk0                                                                                                                                                          7.845        0.000                       0                     3  
  clkdv             8.559        0.000                      0                 3388        0.063        0.000                      0                 3388        8.750        0.000                       0                  1074  


------------------------------------------------------------------------------------------------
| Inter Clock Table
| -----------------
------------------------------------------------------------------------------------------------

From Clock    To Clock          WNS(ns)      TNS(ns)  TNS Failing Endpoints  TNS Total Endpoints      WHS(ns)      THS(ns)  THS Failing Endpoints  THS Total Endpoints  
----------    --------          -------      -------  ---------------------  -------------------      -------      -------  ---------------------  -------------------  


------------------------------------------------------------------------------------------------
| Other Path Groups Table
| -----------------------
------------------------------------------------------------------------------------------------

Path Group    From Clock    To Clock          WNS(ns)      TNS(ns)  TNS Failing Endpoints  TNS Total Endpoints      WHS(ns)      THS(ns)  THS Failing Endpoints  THS Total Endpoints  
----------    ----------    --------          -------      -------  ---------------------  -------------------      -------      -------  ---------------------  -------------------  


------------------------------------------------------------------------------------------------
| Timing Details
| --------------
------------------------------------------------------------------------------------------------


---------------------------------------------------------------------------------------------------
From Clock:  sys_clk_pin
  To Clock:  sys_clk_pin

Setup :           NA  Failing Endpoints,  Worst Slack           NA  ,  Total Violation           NA
Hold  :           NA  Failing Endpoints,  Worst Slack           NA  ,  Total Violation           NA
PW    :            0  Failing Endpoints,  Worst Slack        3.000ns,  Total Violation        0.000ns
---------------------------------------------------------------------------------------------------


Pulse Width Checks
--------------------------------------------------------------------------------------
Clock Name:         sys_clk_pin
Waveform(ns):       { 0.000 5.000 }
Period(ns):         10.000
Sources:            { CLK_IN }

Check Type        Corner  Lib Pin            Reference Pin  Required(ns)  Actual(ns)  Slack(ns)  Location         Pin
Min Period        n/a     MMCME2_ADV/CLKIN1  n/a            1.249         10.000      8.751      MMCME2_ADV_X1Y2  dcm_sp_inst/CLKIN1
Max Period        n/a     MMCME2_ADV/CLKIN1  n/a            100.000       10.000      90.000     MMCME2_ADV_X1Y2  dcm_sp_inst/CLKIN1
Low Pulse Width   Slow    MMCME2_ADV/CLKIN1  n/a            2.000         5.000       3.000      MMCME2_ADV_X1Y2  dcm_sp_inst/CLKIN1
High Pulse Width  Fast    MMCME2_ADV/CLKIN1  n/a            2.000         5.000       3.000      MMCME2_ADV_X1Y2  dcm_sp_inst/CLKIN1



---------------------------------------------------------------------------------------------------
From Clock:  clk0
  To Clock:  clk0

Setup :           NA  Failing Endpoints,  Worst Slack           NA  ,  Total Violation           NA
Hold  :           NA  Failing Endpoints,  Worst Slack           NA  ,  Total Violation           NA
PW    :            0  Failing Endpoints,  Worst Slack        7.845ns,  Total Violation        0.000ns
---------------------------------------------------------------------------------------------------


Pulse Width Checks
--------------------------------------------------------------------------------------
Clock Name:         clk0
Waveform(ns):       { 0.000 5.000 }
Period(ns):         10.000
Sources:            { dcm_sp_inst/CLKFBOUT }

Check Type  Corner  Lib Pin             Reference Pin  Required(ns)  Actual(ns)  Slack(ns)  Location         Pin
Min Period  n/a     BUFG/I              n/a            2.155         10.000      7.845      BUFGCTRL_X0Y17   BUFG_INST2/I
Max Period  n/a     MMCME2_ADV/CLKFBIN  n/a            100.000       10.000      90.000     MMCME2_ADV_X1Y2  dcm_sp_inst/CLKFBIN



---------------------------------------------------------------------------------------------------
From Clock:  clkdv
  To Clock:  clkdv

Setup :            0  Failing Endpoints,  Worst Slack        8.559ns,  Total Violation        0.000ns
Hold  :            0  Failing Endpoints,  Worst Slack        0.063ns,  Total Violation        0.000ns
PW    :            0  Failing Endpoints,  Worst Slack        8.750ns,  Total Violation        0.000ns
---------------------------------------------------------------------------------------------------


Max Delay Paths
--------------------------------------------------------------------------------------
Slack (MET) :             8.559ns  (required time - arrival time)
  Source:                 USER_DESIGN_INST_1/main_1_139931279302312/address_b_2_reg[0]/C
                            (rising edge-triggered cell FDRE clocked by clkdv  {rise@0.000ns fall@10.000ns period=20.000ns})
  Destination:            USER_DESIGN_INST_1/main_1_139931279302312/result_reg[11]/D
                            (rising edge-triggered cell FDRE clocked by clkdv  {rise@0.000ns fall@10.000ns period=20.000ns})
  Path Group:             clkdv
  Path Type:              Setup (Max at Slow Process Corner)
  Requirement:            20.000ns  (clkdv rise@20.000ns - clkdv rise@0.000ns)
  Data Path Delay:        11.332ns  (logic 1.572ns (13.872%)  route 9.760ns (86.128%))
  Logic Levels:           9  (LUT5=2 LUT6=6 RAMD32=1)
  Clock Path Skew:        -0.049ns (DCD - SCD + CPR)
    Destination Clock Delay (DCD):    -1.432ns = ( 18.568 - 20.000 ) 
    Source Clock Delay      (SCD):    -0.824ns
    Clock Pessimism Removal (CPR):    0.559ns
  Clock Uncertainty:      0.089ns  ((TSJ^2 + DJ^2)^1/2) / 2 + PE
    Total System Jitter     (TSJ):    0.071ns
    Discrete Jitter          (DJ):    0.163ns
    Phase Error              (PE):    0.000ns

    Location             Delay type                Incr(ns)  Path(ns)    Netlist Resource(s)
  -------------------------------------------------------------------    -------------------
                         (clock clkdv rise edge)      0.000     0.000 r  
    E3                                                0.000     0.000 r  CLK_IN (IN)
                         net (fo=0)                   0.000     0.000    CLK_IN
    E3                   IBUF (Prop_ibuf_I_O)         1.482     1.482 r  clkin1_buf/O
                         net (fo=1, routed)           1.233     2.715    CLKIN
    MMCME2_ADV_X1Y2      MMCME2_ADV (Prop_mmcme2_adv_CLKIN1_CLKOUT4)
                                                     -6.826    -4.111 r  dcm_sp_inst/CLKOUT4
                         net (fo=1, routed)           1.475    -2.636    clkdv
    BUFGCTRL_X0Y16       BUFG (Prop_bufg_I_O)         0.096    -2.540 r  BUFG_INST1/O
                         net (fo=1073, routed)        1.716    -0.824    USER_DESIGN_INST_1/main_1_139931279302312/ETH_CLK_OBUF
    SLICE_X83Y78         FDRE                                         r  USER_DESIGN_INST_1/main_1_139931279302312/address_b_2_reg[0]/C
  -------------------------------------------------------------------    -------------------
    SLICE_X83Y78         FDRE (Prop_fdre_C_Q)         0.456    -0.368 r  USER_DESIGN_INST_1/main_1_139931279302312/address_b_2_reg[0]/Q
                         net (fo=43, routed)          2.475     2.107    USER_DESIGN_INST_1/main_1_139931279302312/registers_reg_r1_0_15_24_29/ADDRB0
    SLICE_X66Y89         RAMD32 (Prop_ramd32_RADR0_O)
                                                      0.124     2.231 r  USER_DESIGN_INST_1/main_1_139931279302312/registers_reg_r1_0_15_24_29/RAMB_D1/O
                         net (fo=8, routed)           1.467     3.699    USER_DESIGN_INST_1/main_1_139931279302312/register_b[27]
    SLICE_X75Y92         LUT5 (Prop_lut5_I4_O)        0.124     3.823 r  USER_DESIGN_INST_1/main_1_139931279302312/memory_reg_6_i_1/O
                         net (fo=3, routed)           1.017     4.840    USER_DESIGN_INST_1/main_1_139931279302312/store_data[27]
    SLICE_X72Y87         LUT6 (Prop_lut6_I1_O)        0.124     4.964 r  USER_DESIGN_INST_1/main_1_139931279302312/result[1]_i_15/O
                         net (fo=1, routed)           0.767     5.731    USER_DESIGN_INST_1/main_1_139931279302312/result[1]_i_15_n_0
    SLICE_X74Y91         LUT6 (Prop_lut6_I0_O)        0.124     5.855 r  USER_DESIGN_INST_1/main_1_139931279302312/result[1]_i_12/O
                         net (fo=25, routed)          0.853     6.708    USER_DESIGN_INST_1/main_1_139931279302312/result[1]_i_12_n_0
    SLICE_X80Y91         LUT5 (Prop_lut5_I3_O)        0.124     6.832 f  USER_DESIGN_INST_1/main_1_139931279302312/result[12]_i_19/O
                         net (fo=2, routed)           0.600     7.432    USER_DESIGN_INST_1/main_1_139931279302312/result[12]_i_19_n_0
    SLICE_X80Y92         LUT6 (Prop_lut6_I5_O)        0.124     7.556 f  USER_DESIGN_INST_1/main_1_139931279302312/result[12]_i_13/O
                         net (fo=4, routed)           1.124     8.680    USER_DESIGN_INST_1/main_1_139931279302312/result[12]_i_13_n_0
    SLICE_X78Y89         LUT6 (Prop_lut6_I1_O)        0.124     8.804 f  USER_DESIGN_INST_1/main_1_139931279302312/result[11]_i_8__0/O
                         net (fo=1, routed)           0.811     9.616    USER_DESIGN_INST_1/main_1_139931279302312/result[11]_i_8__0_n_0
    SLICE_X74Y83         LUT6 (Prop_lut6_I3_O)        0.124     9.740 f  USER_DESIGN_INST_1/main_1_139931279302312/result[11]_i_2__0/O
                         net (fo=1, routed)           0.645    10.385    USER_DESIGN_INST_1/main_1_139931279302312/result[11]_i_2__0_n_0
    SLICE_X73Y83         LUT6 (Prop_lut6_I0_O)        0.124    10.509 r  USER_DESIGN_INST_1/main_1_139931279302312/result[11]_i_1/O
                         net (fo=1, routed)           0.000    10.509    USER_DESIGN_INST_1/main_1_139931279302312/result[11]_i_1_n_0
    SLICE_X73Y83         FDRE                                         r  USER_DESIGN_INST_1/main_1_139931279302312/result_reg[11]/D
  -------------------------------------------------------------------    -------------------

                         (clock clkdv rise edge)     20.000    20.000 r  
    E3                                                0.000    20.000 r  CLK_IN (IN)
                         net (fo=0)                   0.000    20.000    CLK_IN
    E3                   IBUF (Prop_ibuf_I_O)         1.411    21.411 r  clkin1_buf/O
                         net (fo=1, routed)           1.162    22.573    CLKIN
    MMCME2_ADV_X1Y2      MMCME2_ADV (Prop_mmcme2_adv_CLKIN1_CLKOUT4)
                                                     -7.087    15.486 r  dcm_sp_inst/CLKOUT4
                         net (fo=1, routed)           1.402    16.888    clkdv
    BUFGCTRL_X0Y16       BUFG (Prop_bufg_I_O)         0.091    16.979 r  BUFG_INST1/O
                         net (fo=1073, routed)        1.588    18.568    USER_DESIGN_INST_1/main_1_139931279302312/ETH_CLK_OBUF
    SLICE_X73Y83         FDRE                                         r  USER_DESIGN_INST_1/main_1_139931279302312/result_reg[11]/C
                         clock pessimism              0.559    19.127    
                         clock uncertainty           -0.089    19.039    
    SLICE_X73Y83         FDRE (Setup_fdre_C_D)        0.029    19.068    USER_DESIGN_INST_1/main_1_139931279302312/result_reg[11]
  -------------------------------------------------------------------
                         required time                         19.068    
                         arrival time                         -10.509    
  -------------------------------------------------------------------
                         slack                                  8.559    





Min Delay Paths
--------------------------------------------------------------------------------------
Slack (MET) :             0.063ns  (arrival time - required time)
  Source:                 CHARSVGA_INST_1/TIMEING1/INTHSYNCH_reg/C
                            (rising edge-triggered cell FDRE clocked by clkdv  {rise@0.000ns fall@10.000ns period=20.000ns})
  Destination:            CHARSVGA_INST_1/HSYNCH_DEL_reg/D
                            (rising edge-triggered cell FDRE clocked by clkdv  {rise@0.000ns fall@10.000ns period=20.000ns})
  Path Group:             clkdv
  Path Type:              Hold (Min at Fast Process Corner)
  Requirement:            0.000ns  (clkdv rise@0.000ns - clkdv rise@0.000ns)
  Data Path Delay:        0.319ns  (logic 0.141ns (44.242%)  route 0.178ns (55.758%))
  Logic Levels:           0  
  Clock Path Skew:        0.185ns (DCD - SCD - CPR)
    Destination Clock Delay (DCD):    -0.801ns
    Source Clock Delay      (SCD):    -0.483ns
    Clock Pessimism Removal (CPR):    -0.504ns

    Location             Delay type                Incr(ns)  Path(ns)    Netlist Resource(s)
  -------------------------------------------------------------------    -------------------
                         (clock clkdv rise edge)      0.000     0.000 r  
    E3                                                0.000     0.000 r  CLK_IN (IN)
                         net (fo=0)                   0.000     0.000    CLK_IN
    E3                   IBUF (Prop_ibuf_I_O)         0.250     0.250 r  clkin1_buf/O
                         net (fo=1, routed)           0.440     0.690    CLKIN
    MMCME2_ADV_X1Y2      MMCME2_ADV (Prop_mmcme2_adv_CLKIN1_CLKOUT4)
                                                     -2.293    -1.603 r  dcm_sp_inst/CLKOUT4
                         net (fo=1, routed)           0.413    -1.190    clkdv
    BUFGCTRL_X0Y16       BUFG (Prop_bufg_I_O)         0.026    -1.164 r  BUFG_INST1/O
                         net (fo=1073, routed)        0.681    -0.483    CHARSVGA_INST_1/TIMEING1/ETH_CLK_OBUF
    SLICE_X3Y150         FDRE                                         r  CHARSVGA_INST_1/TIMEING1/INTHSYNCH_reg/C
  -------------------------------------------------------------------    -------------------
    SLICE_X3Y150         FDRE (Prop_fdre_C_Q)         0.141    -0.342 r  CHARSVGA_INST_1/TIMEING1/INTHSYNCH_reg/Q
                         net (fo=2, routed)           0.178    -0.164    CHARSVGA_INST_1/TIMEING1_n_19
    SLICE_X0Y149         FDRE                                         r  CHARSVGA_INST_1/HSYNCH_DEL_reg/D
  -------------------------------------------------------------------    -------------------

                         (clock clkdv rise edge)      0.000     0.000 r  
    E3                                                0.000     0.000 r  CLK_IN (IN)
                         net (fo=0)                   0.000     0.000    CLK_IN
    E3                   IBUF (Prop_ibuf_I_O)         0.438     0.438 r  clkin1_buf/O
                         net (fo=1, routed)           0.480     0.918    CLKIN
    MMCME2_ADV_X1Y2      MMCME2_ADV (Prop_mmcme2_adv_CLKIN1_CLKOUT4)
                                                     -3.067    -2.149 r  dcm_sp_inst/CLKOUT4
                         net (fo=1, routed)           0.448    -1.702    clkdv
    BUFGCTRL_X0Y16       BUFG (Prop_bufg_I_O)         0.029    -1.673 r  BUFG_INST1/O
                         net (fo=1073, routed)        0.871    -0.801    CHARSVGA_INST_1/ETH_CLK_OBUF
    SLICE_X0Y149         FDRE                                         r  CHARSVGA_INST_1/HSYNCH_DEL_reg/C
                         clock pessimism              0.504    -0.297    
    SLICE_X0Y149         FDRE (Hold_fdre_C_D)         0.070    -0.227    CHARSVGA_INST_1/HSYNCH_DEL_reg
  -------------------------------------------------------------------
                         required time                          0.227    
                         arrival time                          -0.164    
  -------------------------------------------------------------------
                         slack                                  0.063    





Pulse Width Checks
--------------------------------------------------------------------------------------
Clock Name:         clkdv
Waveform(ns):       { 0.000 10.000 }
Period(ns):         20.000
Sources:            { dcm_sp_inst/CLKOUT4 }

Check Type        Corner  Lib Pin             Reference Pin  Required(ns)  Actual(ns)  Slack(ns)  Location         Pin
Min Period        n/a     RAMB36E1/CLKARDCLK  n/a            2.576         20.000      17.424     RAMB36_X0Y30     CHARSVGA_INST_1/BRAM_INST_1/MEMORY_reg_0/CLKARDCLK
Max Period        n/a     MMCME2_ADV/CLKOUT4  n/a            213.360       20.000      193.360    MMCME2_ADV_X1Y2  dcm_sp_inst/CLKOUT4
Low Pulse Width   Slow    RAMD32/CLK          n/a            1.250         10.000      8.750      SLICE_X74Y89     USER_DESIGN_INST_1/main_1_139931279302312/registers_reg_r1_0_15_18_23/RAMA/CLK
High Pulse Width  Slow    RAMD32/CLK          n/a            1.250         10.000      8.750      SLICE_X70Y63     USER_DESIGN_INST_1/main_0_139931282298208/registers_reg_r1_0_15_12_17/RAMA/CLK



