Copyright 1986-2015 Xilinx, Inc. All Rights Reserved.
------------------------------------------------------------------------------------
| Tool Version : Vivado v.2015.2 (lin64) Build 1266856 Fri Jun 26 16:35:25 MDT 2015
| Date         : Tue Dec 22 19:00:43 2015
| Host         : jon-GA-MA770T-ES3 running 64-bit Linux Mint 17.2 Rafaela
| Command      : report_timing_summary -file ./post_route_timing_summary.rpt
| Design       : BSP
| Device       : 7a100t-csg324
| Speed File   : -1  PRODUCTION 1.14 2014-09-11
------------------------------------------------------------------------------------

Timing Summary Report

------------------------------------------------------------------------------------------------
| Timer Settings
| --------------
------------------------------------------------------------------------------------------------

  Enable Multi Corner Analysis               :  Yes
  Enable Pessimism Removal                   :  Yes
  Pessimism Removal Resolution               :  Nearest Common Node
  Enable Input Delay Default Clock           :  No
  Enable Preset / Clear Arcs                 :  No
  Disable Flight Delays                      :  No

  Corner  Analyze    Analyze    
  Name    Max Paths  Min Paths  
  ------  ---------  ---------  
  Slow    Yes        Yes        
  Fast    Yes        Yes        



check_timing report

Table of Contents
-----------------
1. checking no_clock
2. checking constant_clock
3. checking pulse_width_clock
4. checking unconstrained_internal_endpoints
5. checking no_input_delay
6. checking no_output_delay
7. checking multiple_clock
8. checking generated_clocks
9. checking loops
10. checking partial_input_delay
11. checking partial_output_delay
12. checking latch_loops

1. checking no_clock
--------------------
 There are 0 register/latch pins with no clock.


2. checking constant_clock
--------------------------
 There are 0 register/latch pins with constant_clock.


3. checking pulse_width_clock
-----------------------------
 There are 0 register/latch pins which need pulse_width check


4. checking unconstrained_internal_endpoints
--------------------------------------------
 There are 0 pins that are not constrained for maximum delay.

 There are 0 pins that are not constrained for maximum delay due to constant clock.


5. checking no_input_delay
--------------------------
 There are 6 input ports with no input delay specified. (HIGH)

 There are 0 input ports with no input delay but user has a false path constraint.


6. checking no_output_delay
---------------------------
 There are 25 ports with no output delay specified. (HIGH)

 There are 0 ports with no output delay but user has a false path constraint

 There are 0 ports with no output delay but with a timing clock defined on it or propagating through it


7. checking multiple_clock
--------------------------
 There are 0 register/latch pins with multiple clocks.


8. checking generated_clocks
----------------------------
 There are 3 generated clocks that are not connected to a clock source. (HIGH)


9. checking loops
-----------------
 There are 0 combinational loops in the design.


10. checking partial_input_delay
--------------------------------
 There are 0 input ports with partial input delay specified.


11. checking partial_output_delay
---------------------------------
 There are 0 ports with partial output delay specified.


12. checking latch_loops
------------------------
 There are 0 combinational latch loops in the design through latch input



------------------------------------------------------------------------------------------------
| Design Timing Summary
| ---------------------
------------------------------------------------------------------------------------------------

    WNS(ns)      TNS(ns)  TNS Failing Endpoints  TNS Total Endpoints      WHS(ns)      THS(ns)  THS Failing Endpoints  THS Total Endpoints     WPWS(ns)     TPWS(ns)  TPWS Failing Endpoints  TPWS Total Endpoints  
    -------      -------  ---------------------  -------------------      -------      -------  ---------------------  -------------------     --------     --------  ----------------------  --------------------  
      9.255        0.000                      0                 8263        0.037        0.000                      0                 8263        3.000        0.000                       0                  1715  


All user specified timing constraints are met.


------------------------------------------------------------------------------------------------
| Clock Summary
| -------------
------------------------------------------------------------------------------------------------

Clock        Waveform(ns)         Period(ns)      Frequency(MHz)
-----        ------------         ----------      --------------
sys_clk_pin  {0.000 5.000}        10.000          100.000         
  clk0       {0.000 5.000}        10.000          100.000         
  clk2x      {0.000 2.500}        5.000           200.000         
  clkdv      {0.000 10.000}       20.000          50.000          
  clkfx      {0.000 1.250}        2.500           400.000         
  clkfx180   {1.250 2.500}        2.500           400.000         


------------------------------------------------------------------------------------------------
| Intra Clock Table
| -----------------
------------------------------------------------------------------------------------------------

Clock             WNS(ns)      TNS(ns)  TNS Failing Endpoints  TNS Total Endpoints      WHS(ns)      THS(ns)  THS Failing Endpoints  THS Total Endpoints     WPWS(ns)     TPWS(ns)  TPWS Failing Endpoints  TPWS Total Endpoints  
-----             -------      -------  ---------------------  -------------------      -------      -------  ---------------------  -------------------     --------     --------  ----------------------  --------------------  
sys_clk_pin                                                                                                                                                     3.000        0.000                       0                     1  
  clk0                                                                                                                                                          7.845        0.000                       0                     3  
  clkdv             9.255        0.000                      0                 8263        0.037        0.000                      0                 8263        8.750        0.000                       0                  1711  


------------------------------------------------------------------------------------------------
| Inter Clock Table
| -----------------
------------------------------------------------------------------------------------------------

From Clock    To Clock          WNS(ns)      TNS(ns)  TNS Failing Endpoints  TNS Total Endpoints      WHS(ns)      THS(ns)  THS Failing Endpoints  THS Total Endpoints  
----------    --------          -------      -------  ---------------------  -------------------      -------      -------  ---------------------  -------------------  


------------------------------------------------------------------------------------------------
| Other Path Groups Table
| -----------------------
------------------------------------------------------------------------------------------------

Path Group    From Clock    To Clock          WNS(ns)      TNS(ns)  TNS Failing Endpoints  TNS Total Endpoints      WHS(ns)      THS(ns)  THS Failing Endpoints  THS Total Endpoints  
----------    ----------    --------          -------      -------  ---------------------  -------------------      -------      -------  ---------------------  -------------------  


------------------------------------------------------------------------------------------------
| Timing Details
| --------------
------------------------------------------------------------------------------------------------


---------------------------------------------------------------------------------------------------
From Clock:  sys_clk_pin
  To Clock:  sys_clk_pin

Setup :           NA  Failing Endpoints,  Worst Slack           NA  ,  Total Violation           NA
Hold  :           NA  Failing Endpoints,  Worst Slack           NA  ,  Total Violation           NA
PW    :            0  Failing Endpoints,  Worst Slack        3.000ns,  Total Violation        0.000ns
---------------------------------------------------------------------------------------------------


Pulse Width Checks
--------------------------------------------------------------------------------------
Clock Name:         sys_clk_pin
Waveform(ns):       { 0.000 5.000 }
Period(ns):         10.000
Sources:            { CLK_IN }

Check Type        Corner  Lib Pin            Reference Pin  Required(ns)  Actual(ns)  Slack(ns)  Location         Pin
Min Period        n/a     MMCME2_ADV/CLKIN1  n/a            1.249         10.000      8.751      MMCME2_ADV_X1Y2  dcm_sp_inst/CLKIN1
Max Period        n/a     MMCME2_ADV/CLKIN1  n/a            100.000       10.000      90.000     MMCME2_ADV_X1Y2  dcm_sp_inst/CLKIN1
Low Pulse Width   Slow    MMCME2_ADV/CLKIN1  n/a            2.000         5.000       3.000      MMCME2_ADV_X1Y2  dcm_sp_inst/CLKIN1
High Pulse Width  Fast    MMCME2_ADV/CLKIN1  n/a            2.000         5.000       3.000      MMCME2_ADV_X1Y2  dcm_sp_inst/CLKIN1



---------------------------------------------------------------------------------------------------
From Clock:  clk0
  To Clock:  clk0

Setup :           NA  Failing Endpoints,  Worst Slack           NA  ,  Total Violation           NA
Hold  :           NA  Failing Endpoints,  Worst Slack           NA  ,  Total Violation           NA
PW    :            0  Failing Endpoints,  Worst Slack        7.845ns,  Total Violation        0.000ns
---------------------------------------------------------------------------------------------------


Pulse Width Checks
--------------------------------------------------------------------------------------
Clock Name:         clk0
Waveform(ns):       { 0.000 5.000 }
Period(ns):         10.000
Sources:            { dcm_sp_inst/CLKFBOUT }

Check Type  Corner  Lib Pin             Reference Pin  Required(ns)  Actual(ns)  Slack(ns)  Location         Pin
Min Period  n/a     BUFG/I              n/a            2.155         10.000      7.845      BUFGCTRL_X0Y17   BUFG_INST2/I
Max Period  n/a     MMCME2_ADV/CLKFBIN  n/a            100.000       10.000      90.000     MMCME2_ADV_X1Y2  dcm_sp_inst/CLKFBIN



---------------------------------------------------------------------------------------------------
From Clock:  clkdv
  To Clock:  clkdv

Setup :            0  Failing Endpoints,  Worst Slack        9.255ns,  Total Violation        0.000ns
Hold  :            0  Failing Endpoints,  Worst Slack        0.037ns,  Total Violation        0.000ns
PW    :            0  Failing Endpoints,  Worst Slack        8.750ns,  Total Violation        0.000ns
---------------------------------------------------------------------------------------------------


Max Delay Paths
--------------------------------------------------------------------------------------
Slack (MET) :             9.255ns  (required time - arrival time)
  Source:                 USER_DESIGN_INST_1/main_0_139931284189480/address_a_2_reg[0]/C
                            (rising edge-triggered cell FDRE clocked by clkdv  {rise@0.000ns fall@10.000ns period=20.000ns})
  Destination:            USER_DESIGN_INST_1/main_0_139931284189480/memory_reg_6/ENARDEN
                            (rising edge-triggered cell RAMB36E1 clocked by clkdv  {rise@0.000ns fall@10.000ns period=20.000ns})
  Path Group:             clkdv
  Path Type:              Setup (Max at Slow Process Corner)
  Requirement:            20.000ns  (clkdv rise@20.000ns - clkdv rise@0.000ns)
  Data Path Delay:        10.217ns  (logic 1.576ns (15.425%)  route 8.641ns (84.575%))
  Logic Levels:           7  (LUT4=1 LUT5=1 LUT6=4 RAMD32=1)
  Clock Path Skew:        0.003ns (DCD - SCD + CPR)
    Destination Clock Delay (DCD):    -1.300ns = ( 18.700 - 20.000 ) 
    Source Clock Delay      (SCD):    -0.735ns
    Clock Pessimism Removal (CPR):    0.569ns
  Clock Uncertainty:      0.089ns  ((TSJ^2 + DJ^2)^1/2) / 2 + PE
    Total System Jitter     (TSJ):    0.071ns
    Discrete Jitter          (DJ):    0.163ns
    Phase Error              (PE):    0.000ns

    Location             Delay type                Incr(ns)  Path(ns)    Netlist Resource(s)
  -------------------------------------------------------------------    -------------------
                         (clock clkdv rise edge)      0.000     0.000 r  
    E3                                                0.000     0.000 r  CLK_IN (IN)
                         net (fo=0)                   0.000     0.000    CLK_IN
    E3                   IBUF (Prop_ibuf_I_O)         1.482     1.482 r  clkin1_buf/O
                         net (fo=1, routed)           1.233     2.715    CLKIN
    MMCME2_ADV_X1Y2      MMCME2_ADV (Prop_mmcme2_adv_CLKIN1_CLKOUT4)
                                                     -6.826    -4.111 r  dcm_sp_inst/CLKOUT4
                         net (fo=1, routed)           1.475    -2.636    clkdv
    BUFGCTRL_X0Y16       BUFG (Prop_bufg_I_O)         0.096    -2.540 r  BUFG_INST1/O
                         net (fo=1710, routed)        1.805    -0.735    USER_DESIGN_INST_1/main_0_139931284189480/ETH_CLK_OBUF
    SLICE_X36Y159        FDRE                                         r  USER_DESIGN_INST_1/main_0_139931284189480/address_a_2_reg[0]/C
  -------------------------------------------------------------------    -------------------
    SLICE_X36Y159        FDRE (Prop_fdre_C_Q)         0.456    -0.279 r  USER_DESIGN_INST_1/main_0_139931284189480/address_a_2_reg[0]/Q
                         net (fo=38, routed)          1.894     1.615    USER_DESIGN_INST_1/main_0_139931284189480/registers_reg_r2_0_15_24_29/ADDRB0
    SLICE_X12Y155        RAMD32 (Prop_ramd32_RADR0_O)
                                                      0.152     1.767 f  USER_DESIGN_INST_1/main_0_139931284189480/registers_reg_r2_0_15_24_29/RAMB/O
                         net (fo=7, routed)           1.434     3.201    USER_DESIGN_INST_1/main_0_139931284189480/register_a[26]
    SLICE_X5Y157         LUT5 (Prop_lut5_I4_O)        0.348     3.549 f  USER_DESIGN_INST_1/main_0_139931284189480/write_output[26]_i_1/O
                         net (fo=9, routed)           1.491     5.040    USER_DESIGN_INST_1/main_0_139931284189480/write_output[26]_i_1_n_0
    SLICE_X17Y152        LUT6 (Prop_lut6_I1_O)        0.124     5.164 f  USER_DESIGN_INST_1/main_0_139931284189480/program_counter_rep[8]_i_11/O
                         net (fo=1, routed)           0.415     5.579    USER_DESIGN_INST_1/main_0_139931284189480/program_counter_rep[8]_i_11_n_0
    SLICE_X16Y152        LUT6 (Prop_lut6_I3_O)        0.124     5.703 f  USER_DESIGN_INST_1/main_0_139931284189480/program_counter_rep[8]_i_4/O
                         net (fo=28, routed)          0.823     6.526    USER_DESIGN_INST_1/main_0_139931284189480/program_counter_rep[8]_i_4_n_0
    SLICE_X22Y159        LUT6 (Prop_lut6_I1_O)        0.124     6.650 r  USER_DESIGN_INST_1/main_0_139931284189480/state[2]_i_3/O
                         net (fo=3, routed)           0.432     7.082    USER_DESIGN_INST_1/main_0_139931284189480/state[2]_i_3_n_0
    SLICE_X21Y160        LUT6 (Prop_lut6_I4_O)        0.124     7.206 f  USER_DESIGN_INST_1/main_0_139931284189480/state[0]_i_1/O
                         net (fo=7, routed)           1.418     8.624    USER_DESIGN_INST_1/main_0_139931284189480/state[0]_i_1_n_0
    SLICE_X11Y177        LUT4 (Prop_lut4_I1_O)        0.124     8.748 r  USER_DESIGN_INST_1/main_0_139931284189480/memory_reg_6_ENARDEN_cooolgate_en_gate_9/O
                         net (fo=1, routed)           0.734     9.482    USER_DESIGN_INST_1/main_0_139931284189480/memory_reg_6_ENARDEN_cooolgate_en_sig_5
    RAMB36_X0Y36         RAMB36E1                                     r  USER_DESIGN_INST_1/main_0_139931284189480/memory_reg_6/ENARDEN
  -------------------------------------------------------------------    -------------------

                         (clock clkdv rise edge)     20.000    20.000 r  
    E3                                                0.000    20.000 r  CLK_IN (IN)
                         net (fo=0)                   0.000    20.000    CLK_IN
    E3                   IBUF (Prop_ibuf_I_O)         1.411    21.411 r  clkin1_buf/O
                         net (fo=1, routed)           1.162    22.573    CLKIN
    MMCME2_ADV_X1Y2      MMCME2_ADV (Prop_mmcme2_adv_CLKIN1_CLKOUT4)
                                                     -7.087    15.486 r  dcm_sp_inst/CLKOUT4
                         net (fo=1, routed)           1.402    16.888    clkdv
    BUFGCTRL_X0Y16       BUFG (Prop_bufg_I_O)         0.091    16.979 r  BUFG_INST1/O
                         net (fo=1710, routed)        1.721    18.700    USER_DESIGN_INST_1/main_0_139931284189480/ETH_CLK_OBUF
    RAMB36_X0Y36         RAMB36E1                                     r  USER_DESIGN_INST_1/main_0_139931284189480/memory_reg_6/CLKARDCLK
                         clock pessimism              0.569    19.269    
                         clock uncertainty           -0.089    19.180    
    RAMB36_X0Y36         RAMB36E1 (Setup_ramb36e1_CLKARDCLK_ENARDEN)
                                                     -0.443    18.737    USER_DESIGN_INST_1/main_0_139931284189480/memory_reg_6
  -------------------------------------------------------------------
                         required time                         18.737    
                         arrival time                          -9.482    
  -------------------------------------------------------------------
                         slack                                  9.255    





Min Delay Paths
--------------------------------------------------------------------------------------
Slack (MET) :             0.037ns  (arrival time - required time)
  Source:                 ethernet_inst_1/RX_START_ADDRESS_reg[6]/C
                            (rising edge-triggered cell FDRE clocked by clkdv  {rise@0.000ns fall@10.000ns period=20.000ns})
  Destination:            ethernet_inst_1/RX_START_ADDRESS_BUFFER_reg_0_31_6_10/RAMA/I
                            (rising edge-triggered cell RAMD32 clocked by clkdv  {rise@0.000ns fall@10.000ns period=20.000ns})
  Path Group:             clkdv
  Path Type:              Hold (Min at Fast Process Corner)
  Requirement:            0.000ns  (clkdv rise@0.000ns - clkdv rise@0.000ns)
  Data Path Delay:        0.197ns  (logic 0.141ns (71.611%)  route 0.056ns (28.389%))
  Logic Levels:           0  
  Clock Path Skew:        0.013ns (DCD - SCD - CPR)
    Destination Clock Delay (DCD):    -0.755ns
    Source Clock Delay      (SCD):    -0.519ns
    Clock Pessimism Removal (CPR):    -0.249ns

    Location             Delay type                Incr(ns)  Path(ns)    Netlist Resource(s)
  -------------------------------------------------------------------    -------------------
                         (clock clkdv rise edge)      0.000     0.000 r  
    E3                                                0.000     0.000 r  CLK_IN (IN)
                         net (fo=0)                   0.000     0.000    CLK_IN
    E3                   IBUF (Prop_ibuf_I_O)         0.250     0.250 r  clkin1_buf/O
                         net (fo=1, routed)           0.440     0.690    CLKIN
    MMCME2_ADV_X1Y2      MMCME2_ADV (Prop_mmcme2_adv_CLKIN1_CLKOUT4)
                                                     -2.293    -1.603 r  dcm_sp_inst/CLKOUT4
                         net (fo=1, routed)           0.413    -1.190    clkdv
    BUFGCTRL_X0Y16       BUFG (Prop_bufg_I_O)         0.026    -1.164 r  BUFG_INST1/O
                         net (fo=1710, routed)        0.645    -0.519    ethernet_inst_1/ETH_CLK_OBUF
    SLICE_X15Y182        FDRE                                         r  ethernet_inst_1/RX_START_ADDRESS_reg[6]/C
  -------------------------------------------------------------------    -------------------
    SLICE_X15Y182        FDRE (Prop_fdre_C_Q)         0.141    -0.378 r  ethernet_inst_1/RX_START_ADDRESS_reg[6]/Q
                         net (fo=1, routed)           0.056    -0.322    ethernet_inst_1/RX_START_ADDRESS_BUFFER_reg_0_31_6_10/DIA0
    SLICE_X14Y182        RAMD32                                       r  ethernet_inst_1/RX_START_ADDRESS_BUFFER_reg_0_31_6_10/RAMA/I
  -------------------------------------------------------------------    -------------------

                         (clock clkdv rise edge)      0.000     0.000 r  
    E3                                                0.000     0.000 r  CLK_IN (IN)
                         net (fo=0)                   0.000     0.000    CLK_IN
    E3                   IBUF (Prop_ibuf_I_O)         0.438     0.438 r  clkin1_buf/O
                         net (fo=1, routed)           0.480     0.918    CLKIN
    MMCME2_ADV_X1Y2      MMCME2_ADV (Prop_mmcme2_adv_CLKIN1_CLKOUT4)
                                                     -3.067    -2.149 r  dcm_sp_inst/CLKOUT4
                         net (fo=1, routed)           0.448    -1.702    clkdv
    BUFGCTRL_X0Y16       BUFG (Prop_bufg_I_O)         0.029    -1.673 r  BUFG_INST1/O
                         net (fo=1710, routed)        0.918    -0.755    ethernet_inst_1/RX_START_ADDRESS_BUFFER_reg_0_31_6_10/WCLK
    SLICE_X14Y182        RAMD32                                       r  ethernet_inst_1/RX_START_ADDRESS_BUFFER_reg_0_31_6_10/RAMA/CLK
                         clock pessimism              0.249    -0.506    
    SLICE_X14Y182        RAMD32 (Hold_ramd32_CLK_I)
                                                      0.147    -0.359    ethernet_inst_1/RX_START_ADDRESS_BUFFER_reg_0_31_6_10/RAMA
  -------------------------------------------------------------------
                         required time                          0.359    
                         arrival time                          -0.322    
  -------------------------------------------------------------------
                         slack                                  0.037    





Pulse Width Checks
--------------------------------------------------------------------------------------
Clock Name:         clkdv
Waveform(ns):       { 0.000 10.000 }
Period(ns):         20.000
Sources:            { dcm_sp_inst/CLKOUT4 }

Check Type        Corner  Lib Pin             Reference Pin  Required(ns)  Actual(ns)  Slack(ns)  Location         Pin
Min Period        n/a     RAMB36E1/CLKARDCLK  n/a            2.576         20.000      17.424     RAMB36_X0Y26     CHARSVGA_INST_1/BRAM_INST_1/MEMORY_reg_0/CLKARDCLK
Max Period        n/a     MMCME2_ADV/CLKOUT4  n/a            213.360       20.000      193.360    MMCME2_ADV_X1Y2  dcm_sp_inst/CLKOUT4
Low Pulse Width   Slow    RAMD64E/CLK         n/a            1.250         10.000      8.750      SLICE_X12Y165    ethernet_inst_1/RX_MEMORY_reg_0_63_0_2/RAMA/CLK
High Pulse Width  Fast    RAMD64E/CLK         n/a            1.250         10.000      8.750      SLICE_X12Y165    ethernet_inst_1/RX_MEMORY_reg_0_63_0_2/RAMA/CLK



