Copyright 1986-2015 Xilinx, Inc. All Rights Reserved.
------------------------------------------------------------------------------------
| Tool Version : Vivado v.2015.2 (lin64) Build 1266856 Fri Jun 26 16:35:25 MDT 2015
| Date         : Sun Jul 31 18:23:56 2016
| Host         : jon-GA-MA770T-ES3 running 64-bit Linux Mint 17.2 Rafaela
| Command      : report_timing_summary -file ./post_place_timing_summary.rpt
| Design       : BSP
| Device       : 7a100t-csg324
| Speed File   : -1  PRODUCTION 1.14 2014-09-11
------------------------------------------------------------------------------------

Timing Summary Report

------------------------------------------------------------------------------------------------
| Timer Settings
| --------------
------------------------------------------------------------------------------------------------

  Enable Multi Corner Analysis               :  Yes
  Enable Pessimism Removal                   :  Yes
  Pessimism Removal Resolution               :  Nearest Common Node
  Enable Input Delay Default Clock           :  No
  Enable Preset / Clear Arcs                 :  No
  Disable Flight Delays                      :  No

  Corner  Analyze    Analyze    
  Name    Max Paths  Min Paths  
  ------  ---------  ---------  
  Slow    Yes        Yes        
  Fast    Yes        Yes        



check_timing report

Table of Contents
-----------------
1. checking no_clock
2. checking constant_clock
3. checking pulse_width_clock
4. checking unconstrained_internal_endpoints
5. checking no_input_delay
6. checking no_output_delay
7. checking multiple_clock
8. checking generated_clocks
9. checking loops
10. checking partial_input_delay
11. checking partial_output_delay
12. checking latch_loops

1. checking no_clock
--------------------
 There are 0 register/latch pins with no clock.


2. checking constant_clock
--------------------------
 There are 0 register/latch pins with constant_clock.


3. checking pulse_width_clock
-----------------------------
 There are 0 register/latch pins which need pulse_width check


4. checking unconstrained_internal_endpoints
--------------------------------------------
 There are 0 pins that are not constrained for maximum delay.

 There are 0 pins that are not constrained for maximum delay due to constant clock.


5. checking no_input_delay
--------------------------
 There are 2 input ports with no input delay specified. (HIGH)

 There are 0 input ports with no input delay but user has a false path constraint.


6. checking no_output_delay
---------------------------
 There are 25 ports with no output delay specified. (HIGH)

 There are 0 ports with no output delay but user has a false path constraint

 There are 0 ports with no output delay but with a timing clock defined on it or propagating through it


7. checking multiple_clock
--------------------------
 There are 0 register/latch pins with multiple clocks.


8. checking generated_clocks
----------------------------
 There are 3 generated clocks that are not connected to a clock source. (HIGH)


9. checking loops
-----------------
 There are 0 combinational loops in the design.


10. checking partial_input_delay
--------------------------------
 There are 0 input ports with partial input delay specified.


11. checking partial_output_delay
---------------------------------
 There are 0 ports with partial output delay specified.


12. checking latch_loops
------------------------
 There are 0 combinational latch loops in the design through latch input



------------------------------------------------------------------------------------------------
| Design Timing Summary
| ---------------------
------------------------------------------------------------------------------------------------

    WNS(ns)      TNS(ns)  TNS Failing Endpoints  TNS Total Endpoints      WHS(ns)      THS(ns)  THS Failing Endpoints  THS Total Endpoints     WPWS(ns)     TPWS(ns)  TPWS Failing Endpoints  TPWS Total Endpoints  
    -------      -------  ---------------------  -------------------      -------      -------  ---------------------  -------------------     --------     --------  ----------------------  --------------------  
     10.139        0.000                      0                 5371       -0.016       -0.026                      4                 5371        3.000        0.000                       0                  2301  


Timing constraints are not met.


------------------------------------------------------------------------------------------------
| Clock Summary
| -------------
------------------------------------------------------------------------------------------------

Clock        Waveform(ns)         Period(ns)      Frequency(MHz)
-----        ------------         ----------      --------------
sys_clk_pin  {0.000 5.000}        10.000          100.000         
  clk0       {0.000 5.000}        10.000          100.000         
  clk2x      {0.000 2.500}        5.000           200.000         
  clkdv      {0.000 10.000}       20.000          50.000          
  clkfx      {0.000 1.250}        2.500           400.000         
  clkfx180   {1.250 2.500}        2.500           400.000         


------------------------------------------------------------------------------------------------
| Intra Clock Table
| -----------------
------------------------------------------------------------------------------------------------

Clock             WNS(ns)      TNS(ns)  TNS Failing Endpoints  TNS Total Endpoints      WHS(ns)      THS(ns)  THS Failing Endpoints  THS Total Endpoints     WPWS(ns)     TPWS(ns)  TPWS Failing Endpoints  TPWS Total Endpoints  
-----             -------      -------  ---------------------  -------------------      -------      -------  ---------------------  -------------------     --------     --------  ----------------------  --------------------  
sys_clk_pin                                                                                                                                                     3.000        0.000                       0                     1  
  clk0                                                                                                                                                          7.845        0.000                       0                     3  
  clkdv            10.139        0.000                      0                 5371       -0.016       -0.026                      4                 5371        8.750        0.000                       0                  2297  


------------------------------------------------------------------------------------------------
| Inter Clock Table
| -----------------
------------------------------------------------------------------------------------------------

From Clock    To Clock          WNS(ns)      TNS(ns)  TNS Failing Endpoints  TNS Total Endpoints      WHS(ns)      THS(ns)  THS Failing Endpoints  THS Total Endpoints  
----------    --------          -------      -------  ---------------------  -------------------      -------      -------  ---------------------  -------------------  


------------------------------------------------------------------------------------------------
| Other Path Groups Table
| -----------------------
------------------------------------------------------------------------------------------------

Path Group    From Clock    To Clock          WNS(ns)      TNS(ns)  TNS Failing Endpoints  TNS Total Endpoints      WHS(ns)      THS(ns)  THS Failing Endpoints  THS Total Endpoints  
----------    ----------    --------          -------      -------  ---------------------  -------------------      -------      -------  ---------------------  -------------------  


------------------------------------------------------------------------------------------------
| Timing Details
| --------------
------------------------------------------------------------------------------------------------


---------------------------------------------------------------------------------------------------
From Clock:  sys_clk_pin
  To Clock:  sys_clk_pin

Setup :           NA  Failing Endpoints,  Worst Slack           NA  ,  Total Violation           NA
Hold  :           NA  Failing Endpoints,  Worst Slack           NA  ,  Total Violation           NA
PW    :            0  Failing Endpoints,  Worst Slack        3.000ns,  Total Violation        0.000ns
---------------------------------------------------------------------------------------------------


Pulse Width Checks
--------------------------------------------------------------------------------------
Clock Name:         sys_clk_pin
Waveform(ns):       { 0.000 5.000 }
Period(ns):         10.000
Sources:            { CLK_IN }

Check Type        Corner  Lib Pin            Reference Pin  Required(ns)  Actual(ns)  Slack(ns)  Location         Pin
Min Period        n/a     MMCME2_ADV/CLKIN1  n/a            1.249         10.000      8.751      MMCME2_ADV_X1Y2  dcm_sp_inst/CLKIN1
Max Period        n/a     MMCME2_ADV/CLKIN1  n/a            100.000       10.000      90.000     MMCME2_ADV_X1Y2  dcm_sp_inst/CLKIN1
Low Pulse Width   Slow    MMCME2_ADV/CLKIN1  n/a            2.000         5.000       3.000      MMCME2_ADV_X1Y2  dcm_sp_inst/CLKIN1
High Pulse Width  Slow    MMCME2_ADV/CLKIN1  n/a            2.000         5.000       3.000      MMCME2_ADV_X1Y2  dcm_sp_inst/CLKIN1



---------------------------------------------------------------------------------------------------
From Clock:  clk0
  To Clock:  clk0

Setup :           NA  Failing Endpoints,  Worst Slack           NA  ,  Total Violation           NA
Hold  :           NA  Failing Endpoints,  Worst Slack           NA  ,  Total Violation           NA
PW    :            0  Failing Endpoints,  Worst Slack        7.845ns,  Total Violation        0.000ns
---------------------------------------------------------------------------------------------------


Pulse Width Checks
--------------------------------------------------------------------------------------
Clock Name:         clk0
Waveform(ns):       { 0.000 5.000 }
Period(ns):         10.000
Sources:            { dcm_sp_inst/CLKFBOUT }

Check Type  Corner  Lib Pin             Reference Pin  Required(ns)  Actual(ns)  Slack(ns)  Location         Pin
Min Period  n/a     BUFG/I              n/a            2.155         10.000      7.845      BUFGCTRL_X0Y17   BUFG_INST2/I
Max Period  n/a     MMCME2_ADV/CLKFBIN  n/a            100.000       10.000      90.000     MMCME2_ADV_X1Y2  dcm_sp_inst/CLKFBIN



---------------------------------------------------------------------------------------------------
From Clock:  clkdv
  To Clock:  clkdv

Setup :            0  Failing Endpoints,  Worst Slack       10.139ns,  Total Violation        0.000ns
Hold  :            4  Failing Endpoints,  Worst Slack       -0.016ns,  Total Violation       -0.026ns
PW    :            0  Failing Endpoints,  Worst Slack        8.750ns,  Total Violation        0.000ns
---------------------------------------------------------------------------------------------------


Max Delay Paths
--------------------------------------------------------------------------------------
Slack (MET) :             10.139ns  (required time - arrival time)
  Source:                 USER_DESIGN_INST_1/main_0_139862645014824/address_a_2_reg[1]/C
                            (rising edge-triggered cell FDRE clocked by clkdv  {rise@0.000ns fall@10.000ns period=20.000ns})
  Destination:            USER_DESIGN_INST_1/main_0_139862645014824/memory_reg_7/ENARDEN
                            (rising edge-triggered cell RAMB36E1 clocked by clkdv  {rise@0.000ns fall@10.000ns period=20.000ns})
  Path Group:             clkdv
  Path Type:              Setup (Max at Slow Process Corner)
  Requirement:            20.000ns  (clkdv rise@20.000ns - clkdv rise@0.000ns)
  Data Path Delay:        9.269ns  (logic 1.638ns (17.672%)  route 7.631ns (82.328%))
  Logic Levels:           7  (LUT4=1 LUT5=1 LUT6=4 RAMD32=1)
  Clock Path Skew:        -0.061ns (DCD - SCD + CPR)
    Destination Clock Delay (DCD):    -1.538ns = ( 18.462 - 20.000 ) 
    Source Clock Delay      (SCD):    -0.997ns
    Clock Pessimism Removal (CPR):    0.480ns
  Clock Uncertainty:      0.089ns  ((TSJ^2 + DJ^2)^1/2) / 2 + PE
    Total System Jitter     (TSJ):    0.071ns
    Discrete Jitter          (DJ):    0.163ns
    Phase Error              (PE):    0.000ns

    Location             Delay type                Incr(ns)  Path(ns)    Netlist Resource(s)
  -------------------------------------------------------------------    -------------------
                         (clock clkdv rise edge)      0.000     0.000 r  
    E3                                                0.000     0.000 r  CLK_IN (IN)
                         net (fo=0)                   0.000     0.000    CLK_IN
    E3                   IBUF (Prop_ibuf_I_O)         1.482     1.482 r  clkin1_buf/O
                         net (fo=1, estimated)        1.233     2.715    CLKIN
    MMCME2_ADV_X1Y2      MMCME2_ADV (Prop_mmcme2_adv_CLKIN1_CLKOUT4)
                                                     -7.154    -4.439 r  dcm_sp_inst/CLKOUT4
                         net (fo=1, estimated)        1.719    -2.720    clkdv
    BUFGCTRL_X0Y16       BUFG (Prop_bufg_I_O)         0.096    -2.624 r  BUFG_INST1/O
                         net (fo=2296, estimated)     1.627    -0.997    USER_DESIGN_INST_1/main_0_139862645014824/ETH_CLK_OBUF
    SLICE_X62Y86         FDRE                                         r  USER_DESIGN_INST_1/main_0_139862645014824/address_a_2_reg[1]/C
  -------------------------------------------------------------------    -------------------
    SLICE_X62Y86         FDRE (Prop_fdre_C_Q)         0.518    -0.479 r  USER_DESIGN_INST_1/main_0_139862645014824/address_a_2_reg[1]/Q
                         net (fo=37, estimated)       1.338     0.859    USER_DESIGN_INST_1/main_0_139862645014824/registers_reg_r2_0_15_6_11/ADDRB1
    SLICE_X54Y89         RAMD32 (Prop_ramd32_RADR1_O)
                                                      0.152     1.011 r  USER_DESIGN_INST_1/main_0_139862645014824/registers_reg_r2_0_15_6_11/RAMB/O
                         net (fo=8, estimated)        0.953     1.964    USER_DESIGN_INST_1/main_0_139862645014824/register_a[8]
    SLICE_X54Y86         LUT5 (Prop_lut5_I4_O)        0.348     2.312 r  USER_DESIGN_INST_1/main_0_139862645014824/multiplier_a[8]_i_1/O
                         net (fo=27, estimated)       1.277     3.589    USER_DESIGN_INST_1/main_0_139862645014824/multiplier_a[8]_i_1_n_0
    SLICE_X58Y95         LUT6 (Prop_lut6_I1_O)        0.124     3.713 r  USER_DESIGN_INST_1/main_0_139862645014824/state[4]_i_25/O
                         net (fo=1, estimated)        0.792     4.505    USER_DESIGN_INST_1/main_0_139862645014824/state[4]_i_25_n_0
    SLICE_X58Y95         LUT6 (Prop_lut6_I4_O)        0.124     4.629 r  USER_DESIGN_INST_1/main_0_139862645014824/state[4]_i_16/O
                         net (fo=17, estimated)       0.707     5.336    USER_DESIGN_INST_1/main_0_139862645014824/state[4]_i_16_n_0
    SLICE_X49Y95         LUT6 (Prop_lut6_I3_O)        0.124     5.460 r  USER_DESIGN_INST_1/main_0_139862645014824/state[4]_i_6/O
                         net (fo=1, estimated)        0.581     6.041    USER_DESIGN_INST_1/main_0_139862645014824/int_to_float_inst/opcode_2_reg[1]
    SLICE_X43Y97         LUT6 (Prop_lut6_I3_O)        0.124     6.165 f  USER_DESIGN_INST_1/main_0_139862645014824/int_to_float_inst/state[4]_i_1/O
                         net (fo=11, estimated)       1.298     7.463    USER_DESIGN_INST_1/main_0_139862645014824/int_to_float_inst_n_0
    SLICE_X14Y84         LUT4 (Prop_lut4_I1_O)        0.124     7.587 r  USER_DESIGN_INST_1/main_0_139862645014824/memory_reg_7_ENARDEN_cooolgate_en_gate_11/O
                         net (fo=1, estimated)        0.685     8.272    USER_DESIGN_INST_1/main_0_139862645014824/memory_reg_7_ENARDEN_cooolgate_en_sig_6
    RAMB36_X0Y16         RAMB36E1                                     r  USER_DESIGN_INST_1/main_0_139862645014824/memory_reg_7/ENARDEN
  -------------------------------------------------------------------    -------------------

                         (clock clkdv rise edge)     20.000    20.000 r  
    E3                                                0.000    20.000 r  CLK_IN (IN)
                         net (fo=0)                   0.000    20.000    CLK_IN
    E3                   IBUF (Prop_ibuf_I_O)         1.411    21.411 r  clkin1_buf/O
                         net (fo=1, estimated)        1.171    22.583    CLKIN
    MMCME2_ADV_X1Y2      MMCME2_ADV (Prop_mmcme2_adv_CLKIN1_CLKOUT4)
                                                     -7.404    15.179 r  dcm_sp_inst/CLKOUT4
                         net (fo=1, estimated)        1.633    16.812    clkdv
    BUFGCTRL_X0Y16       BUFG (Prop_bufg_I_O)         0.091    16.903 r  BUFG_INST1/O
                         net (fo=2296, estimated)     1.559    18.462    USER_DESIGN_INST_1/main_0_139862645014824/ETH_CLK_OBUF
    RAMB36_X0Y16         RAMB36E1                                     r  USER_DESIGN_INST_1/main_0_139862645014824/memory_reg_7/CLKARDCLK
                         clock pessimism              0.480    18.942    
                         clock uncertainty           -0.089    18.854    
    RAMB36_X0Y16         RAMB36E1 (Setup_ramb36e1_CLKARDCLK_ENARDEN)
                                                     -0.443    18.411    USER_DESIGN_INST_1/main_0_139862645014824/memory_reg_7
  -------------------------------------------------------------------
                         required time                         18.411    
                         arrival time                          -8.272    
  -------------------------------------------------------------------
                         slack                                 10.139    





Min Delay Paths
--------------------------------------------------------------------------------------
Slack (VIOLATED) :        -0.016ns  (arrival time - required time)
  Source:                 USER_DESIGN_INST_1/main_0_139862645014824/divider_inst/b_m_reg[17]/C
                            (rising edge-triggered cell FDRE clocked by clkdv  {rise@0.000ns fall@10.000ns period=20.000ns})
  Destination:            USER_DESIGN_INST_1/main_0_139862645014824/divider_inst/divisor_reg[17]/D
                            (rising edge-triggered cell FDRE clocked by clkdv  {rise@0.000ns fall@10.000ns period=20.000ns})
  Path Group:             clkdv
  Path Type:              Hold (Min at Fast Process Corner)
  Requirement:            0.000ns  (clkdv rise@0.000ns - clkdv rise@0.000ns)
  Data Path Delay:        0.321ns  (logic 0.164ns (51.054%)  route 0.157ns (48.946%))
  Logic Levels:           0  
  Clock Path Skew:        0.267ns (DCD - SCD - CPR)
    Destination Clock Delay (DCD):    -0.817ns
    Source Clock Delay      (SCD):    -0.560ns
    Clock Pessimism Removal (CPR):    -0.525ns

    Location             Delay type                Incr(ns)  Path(ns)    Netlist Resource(s)
  -------------------------------------------------------------------    -------------------
                         (clock clkdv rise edge)      0.000     0.000 r  
    E3                                                0.000     0.000 r  CLK_IN (IN)
                         net (fo=0)                   0.000     0.000    CLK_IN
    E3                   IBUF (Prop_ibuf_I_O)         0.250     0.250 r  clkin1_buf/O
                         net (fo=1, estimated)        0.520     0.769    CLKIN
    MMCME2_ADV_X1Y2      MMCME2_ADV (Prop_mmcme2_adv_CLKIN1_CLKOUT4)
                                                     -2.648    -1.878 r  dcm_sp_inst/CLKOUT4
                         net (fo=1, estimated)        0.725    -1.154    clkdv
    BUFGCTRL_X0Y16       BUFG (Prop_bufg_I_O)         0.026    -1.128 r  BUFG_INST1/O
                         net (fo=2296, estimated)     0.568    -0.560    USER_DESIGN_INST_1/main_0_139862645014824/divider_inst/ETH_CLK_OBUF
    SLICE_X38Y99         FDRE                                         r  USER_DESIGN_INST_1/main_0_139862645014824/divider_inst/b_m_reg[17]/C
  -------------------------------------------------------------------    -------------------
    SLICE_X38Y99         FDRE (Prop_fdre_C_Q)         0.164    -0.396 r  USER_DESIGN_INST_1/main_0_139862645014824/divider_inst/b_m_reg[17]/Q
                         net (fo=3, estimated)        0.157    -0.238    USER_DESIGN_INST_1/main_0_139862645014824/divider_inst/b_m_reg_n_0_[17]
    SLICE_X37Y100        FDRE                                         r  USER_DESIGN_INST_1/main_0_139862645014824/divider_inst/divisor_reg[17]/D
  -------------------------------------------------------------------    -------------------

                         (clock clkdv rise edge)      0.000     0.000 r  
    E3                                                0.000     0.000 r  CLK_IN (IN)
                         net (fo=0)                   0.000     0.000    CLK_IN
    E3                   IBUF (Prop_ibuf_I_O)         0.438     0.438 r  clkin1_buf/O
                         net (fo=1, estimated)        0.547     0.985    CLKIN
    MMCME2_ADV_X1Y2      MMCME2_ADV (Prop_mmcme2_adv_CLKIN1_CLKOUT4)
                                                     -3.429    -2.444 r  dcm_sp_inst/CLKOUT4
                         net (fo=1, estimated)        0.763    -1.681    clkdv
    BUFGCTRL_X0Y16       BUFG (Prop_bufg_I_O)         0.029    -1.652 r  BUFG_INST1/O
                         net (fo=2296, estimated)     0.835    -0.817    USER_DESIGN_INST_1/main_0_139862645014824/divider_inst/ETH_CLK_OBUF
    SLICE_X37Y100        FDRE                                         r  USER_DESIGN_INST_1/main_0_139862645014824/divider_inst/divisor_reg[17]/C
                         clock pessimism              0.525    -0.293    
    SLICE_X37Y100        FDRE (Hold_fdre_C_D)         0.070    -0.223    USER_DESIGN_INST_1/main_0_139862645014824/divider_inst/divisor_reg[17]
  -------------------------------------------------------------------
                         required time                          0.223    
                         arrival time                          -0.238    
  -------------------------------------------------------------------
                         slack                                 -0.016    





Pulse Width Checks
--------------------------------------------------------------------------------------
Clock Name:         clkdv
Waveform(ns):       { 0.000 10.000 }
Period(ns):         20.000
Sources:            { dcm_sp_inst/CLKOUT4 }

Check Type        Corner  Lib Pin             Reference Pin  Required(ns)  Actual(ns)  Slack(ns)  Location         Pin
Min Period        n/a     RAMB36E1/CLKARDCLK  n/a            2.576         20.000      17.424     RAMB36_X1Y28     CHARSVGA_INST_1/BRAM_INST_1/MEMORY_reg_0/CLKARDCLK
Max Period        n/a     MMCME2_ADV/CLKOUT4  n/a            213.360       20.000      193.360    MMCME2_ADV_X1Y2  dcm_sp_inst/CLKOUT4
Low Pulse Width   Slow    RAMD32/CLK          n/a            1.250         10.000      8.750      SLICE_X56Y86     USER_DESIGN_INST_1/main_0_139862645014824/registers_reg_r1_0_15_0_5/RAMA/CLK
High Pulse Width  Fast    RAMD32/CLK          n/a            1.250         10.000      8.750      SLICE_X56Y86     USER_DESIGN_INST_1/main_0_139862645014824/registers_reg_r1_0_15_0_5/RAMA/CLK



