Copyright 1986-2015 Xilinx, Inc. All Rights Reserved.
------------------------------------------------------------------------------------
| Tool Version : Vivado v.2015.2 (lin64) Build 1266856 Fri Jun 26 16:35:25 MDT 2015
| Date         : Tue Dec 22 18:54:10 2015
| Host         : jon-GA-MA770T-ES3 running 64-bit Linux Mint 17.2 Rafaela
| Command      : report_timing_summary -file ./post_place_timing_summary.rpt
| Design       : BSP
| Device       : 7a100t-csg324
| Speed File   : -1  PRODUCTION 1.14 2014-09-11
------------------------------------------------------------------------------------

Timing Summary Report

------------------------------------------------------------------------------------------------
| Timer Settings
| --------------
------------------------------------------------------------------------------------------------

  Enable Multi Corner Analysis               :  Yes
  Enable Pessimism Removal                   :  Yes
  Pessimism Removal Resolution               :  Nearest Common Node
  Enable Input Delay Default Clock           :  No
  Enable Preset / Clear Arcs                 :  No
  Disable Flight Delays                      :  No

  Corner  Analyze    Analyze    
  Name    Max Paths  Min Paths  
  ------  ---------  ---------  
  Slow    Yes        Yes        
  Fast    Yes        Yes        



check_timing report

Table of Contents
-----------------
1. checking no_clock
2. checking constant_clock
3. checking pulse_width_clock
4. checking unconstrained_internal_endpoints
5. checking no_input_delay
6. checking no_output_delay
7. checking multiple_clock
8. checking generated_clocks
9. checking loops
10. checking partial_input_delay
11. checking partial_output_delay
12. checking latch_loops

1. checking no_clock
--------------------
 There are 0 register/latch pins with no clock.


2. checking constant_clock
--------------------------
 There are 0 register/latch pins with constant_clock.


3. checking pulse_width_clock
-----------------------------
 There are 0 register/latch pins which need pulse_width check


4. checking unconstrained_internal_endpoints
--------------------------------------------
 There are 0 pins that are not constrained for maximum delay.

 There are 0 pins that are not constrained for maximum delay due to constant clock.


5. checking no_input_delay
--------------------------
 There are 2 input ports with no input delay specified. (HIGH)

 There are 0 input ports with no input delay but user has a false path constraint.


6. checking no_output_delay
---------------------------
 There are 25 ports with no output delay specified. (HIGH)

 There are 0 ports with no output delay but user has a false path constraint

 There are 0 ports with no output delay but with a timing clock defined on it or propagating through it


7. checking multiple_clock
--------------------------
 There are 0 register/latch pins with multiple clocks.


8. checking generated_clocks
----------------------------
 There are 3 generated clocks that are not connected to a clock source. (HIGH)


9. checking loops
-----------------
 There are 0 combinational loops in the design.


10. checking partial_input_delay
--------------------------------
 There are 0 input ports with partial input delay specified.


11. checking partial_output_delay
---------------------------------
 There are 0 ports with partial output delay specified.


12. checking latch_loops
------------------------
 There are 0 combinational latch loops in the design through latch input



------------------------------------------------------------------------------------------------
| Design Timing Summary
| ---------------------
------------------------------------------------------------------------------------------------

    WNS(ns)      TNS(ns)  TNS Failing Endpoints  TNS Total Endpoints      WHS(ns)      THS(ns)  THS Failing Endpoints  THS Total Endpoints     WPWS(ns)     TPWS(ns)  TPWS Failing Endpoints  TPWS Total Endpoints  
    -------      -------  ---------------------  -------------------      -------      -------  ---------------------  -------------------     --------     --------  ----------------------  --------------------  
      6.396        0.000                      0                 2048       -0.043       -0.048                      3                 2048        3.000        0.000                       0                   688  


Timing constraints are not met.


------------------------------------------------------------------------------------------------
| Clock Summary
| -------------
------------------------------------------------------------------------------------------------

Clock        Waveform(ns)         Period(ns)      Frequency(MHz)
-----        ------------         ----------      --------------
sys_clk_pin  {0.000 5.000}        10.000          100.000         
  clk0       {0.000 5.000}        10.000          100.000         
  clk2x      {0.000 2.500}        5.000           200.000         
  clkdv      {0.000 10.000}       20.000          50.000          
  clkfx      {0.000 1.250}        2.500           400.000         
  clkfx180   {1.250 2.500}        2.500           400.000         


------------------------------------------------------------------------------------------------
| Intra Clock Table
| -----------------
------------------------------------------------------------------------------------------------

Clock             WNS(ns)      TNS(ns)  TNS Failing Endpoints  TNS Total Endpoints      WHS(ns)      THS(ns)  THS Failing Endpoints  THS Total Endpoints     WPWS(ns)     TPWS(ns)  TPWS Failing Endpoints  TPWS Total Endpoints  
-----             -------      -------  ---------------------  -------------------      -------      -------  ---------------------  -------------------     --------     --------  ----------------------  --------------------  
sys_clk_pin                                                                                                                                                     3.000        0.000                       0                     1  
  clk0                                                                                                                                                          7.845        0.000                       0                     3  
  clkdv             6.396        0.000                      0                 2048       -0.043       -0.048                      3                 2048        8.750        0.000                       0                   684  


------------------------------------------------------------------------------------------------
| Inter Clock Table
| -----------------
------------------------------------------------------------------------------------------------

From Clock    To Clock          WNS(ns)      TNS(ns)  TNS Failing Endpoints  TNS Total Endpoints      WHS(ns)      THS(ns)  THS Failing Endpoints  THS Total Endpoints  
----------    --------          -------      -------  ---------------------  -------------------      -------      -------  ---------------------  -------------------  


------------------------------------------------------------------------------------------------
| Other Path Groups Table
| -----------------------
------------------------------------------------------------------------------------------------

Path Group    From Clock    To Clock          WNS(ns)      TNS(ns)  TNS Failing Endpoints  TNS Total Endpoints      WHS(ns)      THS(ns)  THS Failing Endpoints  THS Total Endpoints  
----------    ----------    --------          -------      -------  ---------------------  -------------------      -------      -------  ---------------------  -------------------  


------------------------------------------------------------------------------------------------
| Timing Details
| --------------
------------------------------------------------------------------------------------------------


---------------------------------------------------------------------------------------------------
From Clock:  sys_clk_pin
  To Clock:  sys_clk_pin

Setup :           NA  Failing Endpoints,  Worst Slack           NA  ,  Total Violation           NA
Hold  :           NA  Failing Endpoints,  Worst Slack           NA  ,  Total Violation           NA
PW    :            0  Failing Endpoints,  Worst Slack        3.000ns,  Total Violation        0.000ns
---------------------------------------------------------------------------------------------------


Pulse Width Checks
--------------------------------------------------------------------------------------
Clock Name:         sys_clk_pin
Waveform(ns):       { 0.000 5.000 }
Period(ns):         10.000
Sources:            { CLK_IN }

Check Type        Corner  Lib Pin            Reference Pin  Required(ns)  Actual(ns)  Slack(ns)  Location         Pin
Min Period        n/a     MMCME2_ADV/CLKIN1  n/a            1.249         10.000      8.751      MMCME2_ADV_X1Y2  dcm_sp_inst/CLKIN1
Max Period        n/a     MMCME2_ADV/CLKIN1  n/a            100.000       10.000      90.000     MMCME2_ADV_X1Y2  dcm_sp_inst/CLKIN1
Low Pulse Width   Slow    MMCME2_ADV/CLKIN1  n/a            2.000         5.000       3.000      MMCME2_ADV_X1Y2  dcm_sp_inst/CLKIN1
High Pulse Width  Slow    MMCME2_ADV/CLKIN1  n/a            2.000         5.000       3.000      MMCME2_ADV_X1Y2  dcm_sp_inst/CLKIN1



---------------------------------------------------------------------------------------------------
From Clock:  clk0
  To Clock:  clk0

Setup :           NA  Failing Endpoints,  Worst Slack           NA  ,  Total Violation           NA
Hold  :           NA  Failing Endpoints,  Worst Slack           NA  ,  Total Violation           NA
PW    :            0  Failing Endpoints,  Worst Slack        7.845ns,  Total Violation        0.000ns
---------------------------------------------------------------------------------------------------


Pulse Width Checks
--------------------------------------------------------------------------------------
Clock Name:         clk0
Waveform(ns):       { 0.000 5.000 }
Period(ns):         10.000
Sources:            { dcm_sp_inst/CLKFBOUT }

Check Type  Corner  Lib Pin             Reference Pin  Required(ns)  Actual(ns)  Slack(ns)  Location         Pin
Min Period  n/a     BUFG/I              n/a            2.155         10.000      7.845      BUFGCTRL_X0Y17   BUFG_INST2/I
Max Period  n/a     MMCME2_ADV/CLKFBIN  n/a            100.000       10.000      90.000     MMCME2_ADV_X1Y2  dcm_sp_inst/CLKFBIN



---------------------------------------------------------------------------------------------------
From Clock:  clkdv
  To Clock:  clkdv

Setup :            0  Failing Endpoints,  Worst Slack        6.396ns,  Total Violation        0.000ns
Hold  :            3  Failing Endpoints,  Worst Slack       -0.043ns,  Total Violation       -0.048ns
PW    :            0  Failing Endpoints,  Worst Slack        8.750ns,  Total Violation        0.000ns
---------------------------------------------------------------------------------------------------


Max Delay Paths
--------------------------------------------------------------------------------------
Slack (MET) :             6.396ns  (required time - arrival time)
  Source:                 USER_DESIGN_INST_1/main_0_139931276207744/address_a_2_reg[0]/C
                            (rising edge-triggered cell FDRE clocked by clkdv  {rise@0.000ns fall@10.000ns period=20.000ns})
  Destination:            USER_DESIGN_INST_1/main_0_139931276207744/result_reg[23]/D
                            (rising edge-triggered cell FDRE clocked by clkdv  {rise@0.000ns fall@10.000ns period=20.000ns})
  Path Group:             clkdv
  Path Type:              Setup (Max at Slow Process Corner)
  Requirement:            20.000ns  (clkdv rise@20.000ns - clkdv rise@0.000ns)
  Data Path Delay:        13.564ns  (logic 7.989ns (58.899%)  route 5.575ns (41.101%))
  Logic Levels:           9  (CARRY4=2 DSP48E1=2 LUT2=1 LUT5=1 LUT6=2 RAMD32=1)
  Clock Path Skew:        -0.032ns (DCD - SCD + CPR)
    Destination Clock Delay (DCD):    -1.527ns = ( 18.473 - 20.000 ) 
    Source Clock Delay      (SCD):    -0.942ns
    Clock Pessimism Removal (CPR):    0.553ns
  Clock Uncertainty:      0.089ns  ((TSJ^2 + DJ^2)^1/2) / 2 + PE
    Total System Jitter     (TSJ):    0.071ns
    Discrete Jitter          (DJ):    0.163ns
    Phase Error              (PE):    0.000ns

    Location             Delay type                Incr(ns)  Path(ns)    Netlist Resource(s)
  -------------------------------------------------------------------    -------------------
                         (clock clkdv rise edge)      0.000     0.000 r  
    E3                                                0.000     0.000 r  CLK_IN (IN)
                         net (fo=0)                   0.000     0.000    CLK_IN
    E3                   IBUF (Prop_ibuf_I_O)         1.482     1.482 r  clkin1_buf/O
                         net (fo=1, estimated)        1.233     2.715    CLKIN
    MMCME2_ADV_X1Y2      MMCME2_ADV (Prop_mmcme2_adv_CLKIN1_CLKOUT4)
                                                     -7.154    -4.439 r  dcm_sp_inst/CLKOUT4
                         net (fo=1, estimated)        1.719    -2.720    clkdv
    BUFGCTRL_X0Y16       BUFG (Prop_bufg_I_O)         0.096    -2.624 r  BUFG_INST1/O
                         net (fo=683, estimated)      1.682    -0.942    USER_DESIGN_INST_1/main_0_139931276207744/ETH_CLK_OBUF
    SLICE_X74Y123        FDRE                                         r  USER_DESIGN_INST_1/main_0_139931276207744/address_a_2_reg[0]/C
  -------------------------------------------------------------------    -------------------
    SLICE_X74Y123        FDRE (Prop_fdre_C_Q)         0.518    -0.424 r  USER_DESIGN_INST_1/main_0_139931276207744/address_a_2_reg[0]/Q
                         net (fo=38, estimated)       1.190     0.766    USER_DESIGN_INST_1/main_0_139931276207744/registers_reg_r2_0_15_0_5/ADDRB0
    SLICE_X80Y123        RAMD32 (Prop_ramd32_RADR0_O)
                                                      0.152     0.918 r  USER_DESIGN_INST_1/main_0_139931276207744/registers_reg_r2_0_15_0_5/RAMB/O
                         net (fo=6, estimated)        0.975     1.893    USER_DESIGN_INST_1/main_0_139931276207744/register_a[2]
    SLICE_X83Y122        LUT5 (Prop_lut5_I4_O)        0.348     2.241 r  USER_DESIGN_INST_1/main_0_139931276207744/write_output[2]_i_1/O
                         net (fo=20, estimated)       0.872     3.113    USER_DESIGN_INST_1/main_0_139931276207744/write_output[2]_i_1_n_0
    DSP48_X2Y51          DSP48E1 (Prop_dsp48e1_A[2]_PCOUT[47])
                                                      4.036     7.149 r  USER_DESIGN_INST_1/main_0_139931276207744/result0__0/PCOUT[47]
                         net (fo=1, estimated)        0.000     7.149    USER_DESIGN_INST_1/main_0_139931276207744/result0__0_n_106
    DSP48_X2Y52          DSP48E1 (Prop_dsp48e1_PCIN[47]_P[0])
                                                      1.518     8.667 r  USER_DESIGN_INST_1/main_0_139931276207744/result0__1/P[0]
                         net (fo=2, estimated)        0.770     9.437    USER_DESIGN_INST_1/main_0_139931276207744/result0__1_n_105
    SLICE_X77Y130        LUT2 (Prop_lut2_I0_O)        0.124     9.561 r  USER_DESIGN_INST_1/main_0_139931276207744/result[19]_i_26/O
                         net (fo=1, routed)           0.000     9.561    USER_DESIGN_INST_1/main_0_139931276207744/result[19]_i_26_n_0
    SLICE_X77Y130        CARRY4 (Prop_carry4_S[1]_CO[3])
                                                      0.550    10.111 r  USER_DESIGN_INST_1/main_0_139931276207744/result_reg[19]_i_14/CO[3]
                         net (fo=1, estimated)        0.000    10.111    USER_DESIGN_INST_1/main_0_139931276207744/result_reg[19]_i_14_n_0
    SLICE_X77Y131        CARRY4 (Prop_carry4_CI_O[3])
                                                      0.313    10.424 r  USER_DESIGN_INST_1/main_0_139931276207744/result_reg[27]_i_10/O[3]
                         net (fo=1, estimated)        0.872    11.296    USER_DESIGN_INST_1/main_0_139931276207744/result_reg[27]_i_10_n_4
    SLICE_X81Y131        LUT6 (Prop_lut6_I1_O)        0.306    11.602 f  USER_DESIGN_INST_1/main_0_139931276207744/result[23]_i_4/O
                         net (fo=1, estimated)        0.896    12.498    USER_DESIGN_INST_1/main_0_139931276207744/result[23]_i_4_n_0
    SLICE_X74Y131        LUT6 (Prop_lut6_I5_O)        0.124    12.622 r  USER_DESIGN_INST_1/main_0_139931276207744/result[23]_i_1/O
                         net (fo=1, routed)           0.000    12.622    USER_DESIGN_INST_1/main_0_139931276207744/result[23]_i_1_n_0
    SLICE_X74Y131        FDRE                                         r  USER_DESIGN_INST_1/main_0_139931276207744/result_reg[23]/D
  -------------------------------------------------------------------    -------------------

                         (clock clkdv rise edge)     20.000    20.000 r  
    E3                                                0.000    20.000 r  CLK_IN (IN)
                         net (fo=0)                   0.000    20.000    CLK_IN
    E3                   IBUF (Prop_ibuf_I_O)         1.411    21.411 r  clkin1_buf/O
                         net (fo=1, estimated)        1.171    22.583    CLKIN
    MMCME2_ADV_X1Y2      MMCME2_ADV (Prop_mmcme2_adv_CLKIN1_CLKOUT4)
                                                     -7.404    15.179 r  dcm_sp_inst/CLKOUT4
                         net (fo=1, estimated)        1.633    16.812    clkdv
    BUFGCTRL_X0Y16       BUFG (Prop_bufg_I_O)         0.091    16.903 r  BUFG_INST1/O
                         net (fo=683, estimated)      1.570    18.473    USER_DESIGN_INST_1/main_0_139931276207744/ETH_CLK_OBUF
    SLICE_X74Y131        FDRE                                         r  USER_DESIGN_INST_1/main_0_139931276207744/result_reg[23]/C
                         clock pessimism              0.553    19.026    
                         clock uncertainty           -0.089    18.937    
    SLICE_X74Y131        FDRE (Setup_fdre_C_D)        0.081    19.018    USER_DESIGN_INST_1/main_0_139931276207744/result_reg[23]
  -------------------------------------------------------------------
                         required time                         19.018    
                         arrival time                         -12.622    
  -------------------------------------------------------------------
                         slack                                  6.396    





Min Delay Paths
--------------------------------------------------------------------------------------
Slack (VIOLATED) :        -0.043ns  (arrival time - required time)
  Source:                 CHARSVGA_INST_1/DIN_reg[0]/C
                            (rising edge-triggered cell FDRE clocked by clkdv  {rise@0.000ns fall@10.000ns period=20.000ns})
  Destination:            CHARSVGA_INST_1/BRAM_INST_1/MEMORY_reg_0/DIADI[0]
                            (rising edge-triggered cell RAMB36E1 clocked by clkdv  {rise@0.000ns fall@10.000ns period=20.000ns})
  Path Group:             clkdv
  Path Type:              Hold (Min at Fast Process Corner)
  Requirement:            0.000ns  (clkdv rise@0.000ns - clkdv rise@0.000ns)
  Data Path Delay:        0.330ns  (logic 0.141ns (42.748%)  route 0.189ns (57.252%))
  Logic Levels:           0  
  Clock Path Skew:        0.076ns (DCD - SCD - CPR)
    Destination Clock Delay (DCD):    -0.750ns
    Source Clock Delay      (SCD):    -0.536ns
    Clock Pessimism Removal (CPR):    -0.291ns

    Location             Delay type                Incr(ns)  Path(ns)    Netlist Resource(s)
  -------------------------------------------------------------------    -------------------
                         (clock clkdv rise edge)      0.000     0.000 r  
    E3                                                0.000     0.000 r  CLK_IN (IN)
                         net (fo=0)                   0.000     0.000    CLK_IN
    E3                   IBUF (Prop_ibuf_I_O)         0.250     0.250 r  clkin1_buf/O
                         net (fo=1, estimated)        0.520     0.769    CLKIN
    MMCME2_ADV_X1Y2      MMCME2_ADV (Prop_mmcme2_adv_CLKIN1_CLKOUT4)
                                                     -2.648    -1.878 r  dcm_sp_inst/CLKOUT4
                         net (fo=1, estimated)        0.725    -1.154    clkdv
    BUFGCTRL_X0Y16       BUFG (Prop_bufg_I_O)         0.026    -1.128 r  BUFG_INST1/O
                         net (fo=683, estimated)      0.592    -0.536    CHARSVGA_INST_1/ETH_CLK_OBUF
    SLICE_X82Y131        FDRE                                         r  CHARSVGA_INST_1/DIN_reg[0]/C
  -------------------------------------------------------------------    -------------------
    SLICE_X82Y131        FDRE (Prop_fdre_C_Q)         0.141    -0.395 r  CHARSVGA_INST_1/DIN_reg[0]/Q
                         net (fo=1, estimated)        0.189    -0.206    CHARSVGA_INST_1/BRAM_INST_1/DIN_reg[7][0]
    RAMB36_X3Y26         RAMB36E1                                     r  CHARSVGA_INST_1/BRAM_INST_1/MEMORY_reg_0/DIADI[0]
  -------------------------------------------------------------------    -------------------

                         (clock clkdv rise edge)      0.000     0.000 r  
    E3                                                0.000     0.000 r  CLK_IN (IN)
                         net (fo=0)                   0.000     0.000    CLK_IN
    E3                   IBUF (Prop_ibuf_I_O)         0.438     0.438 r  clkin1_buf/O
                         net (fo=1, estimated)        0.547     0.985    CLKIN
    MMCME2_ADV_X1Y2      MMCME2_ADV (Prop_mmcme2_adv_CLKIN1_CLKOUT4)
                                                     -3.429    -2.444 r  dcm_sp_inst/CLKOUT4
                         net (fo=1, estimated)        0.763    -1.681    clkdv
    BUFGCTRL_X0Y16       BUFG (Prop_bufg_I_O)         0.029    -1.652 r  BUFG_INST1/O
                         net (fo=683, estimated)      0.902    -0.750    CHARSVGA_INST_1/BRAM_INST_1/ETH_CLK_OBUF
    RAMB36_X3Y26         RAMB36E1                                     r  CHARSVGA_INST_1/BRAM_INST_1/MEMORY_reg_0/CLKARDCLK
                         clock pessimism              0.291    -0.459    
    RAMB36_X3Y26         RAMB36E1 (Hold_ramb36e1_CLKARDCLK_DIADI[0])
                                                      0.296    -0.163    CHARSVGA_INST_1/BRAM_INST_1/MEMORY_reg_0
  -------------------------------------------------------------------
                         required time                          0.163    
                         arrival time                          -0.206    
  -------------------------------------------------------------------
                         slack                                 -0.043    





Pulse Width Checks
--------------------------------------------------------------------------------------
Clock Name:         clkdv
Waveform(ns):       { 0.000 10.000 }
Period(ns):         20.000
Sources:            { dcm_sp_inst/CLKOUT4 }

Check Type        Corner  Lib Pin             Reference Pin  Required(ns)  Actual(ns)  Slack(ns)  Location         Pin
Min Period        n/a     RAMB36E1/CLKARDCLK  n/a            2.576         20.000      17.424     RAMB36_X3Y26     CHARSVGA_INST_1/BRAM_INST_1/MEMORY_reg_0/CLKARDCLK
Max Period        n/a     MMCME2_ADV/CLKOUT4  n/a            213.360       20.000      193.360    MMCME2_ADV_X1Y2  dcm_sp_inst/CLKOUT4
Low Pulse Width   Slow    RAMD32/CLK          n/a            1.250         10.000      8.750      SLICE_X76Y126    USER_DESIGN_INST_1/main_0_139931276207744/registers_reg_r1_0_15_12_17/RAMA/CLK
High Pulse Width  Fast    RAMD32/CLK          n/a            1.250         10.000      8.750      SLICE_X76Y126    USER_DESIGN_INST_1/main_0_139931276207744/registers_reg_r1_0_15_12_17/RAMA/CLK



