Copyright 1986-2016 Xilinx, Inc. All Rights Reserved.
------------------------------------------------------------------------------------
| Tool Version : Vivado v.2016.3 (lin64) Build 1682563 Mon Oct 10 19:07:26 MDT 2016
| Date         : Sun Nov 20 17:16:25 2016
| Host         : jon-GA-MA770T-ES3 running 64-bit Linux Mint 17.2 Rafaela
| Command      : report_timing_summary -file ./post_synth_timing_summary.rpt
| Design       : bsp
| Device       : 7a100t-csg324
| Speed File   : -1  PRODUCTION 1.15 2016-08-17
------------------------------------------------------------------------------------

Timing Summary Report

------------------------------------------------------------------------------------------------
| Timer Settings
| --------------
------------------------------------------------------------------------------------------------

  Enable Multi Corner Analysis               :  Yes
  Enable Pessimism Removal                   :  Yes
  Pessimism Removal Resolution               :  Nearest Common Node
  Enable Input Delay Default Clock           :  No
  Enable Preset / Clear Arcs                 :  No
  Disable Flight Delays                      :  No
  Ignore I/O Paths                           :  No
  Timing Early Launch at Borrowing Latches   :  false

  Corner  Analyze    Analyze    
  Name    Max Paths  Min Paths  
  ------  ---------  ---------  
  Slow    Yes        Yes        
  Fast    Yes        Yes        



check_timing report

Table of Contents
-----------------
1. checking no_clock
2. checking constant_clock
3. checking pulse_width_clock
4. checking unconstrained_internal_endpoints
5. checking no_input_delay
6. checking no_output_delay
7. checking multiple_clock
8. checking generated_clocks
9. checking loops
10. checking partial_input_delay
11. checking partial_output_delay
12. checking latch_loops

1. checking no_clock
--------------------
 There are 0 register/latch pins with no clock.


2. checking constant_clock
--------------------------
 There are 0 register/latch pins with constant_clock.


3. checking pulse_width_clock
-----------------------------
 There are 0 register/latch pins which need pulse_width check


4. checking unconstrained_internal_endpoints
--------------------------------------------
 There are 0 pins that are not constrained for maximum delay.

 There are 0 pins that are not constrained for maximum delay due to constant clock.


5. checking no_input_delay
--------------------------
 There is 1 input port with no input delay specified. (HIGH)

 There are 0 input ports with no input delay but user has a false path constraint.


6. checking no_output_delay
---------------------------
 There are 12 ports with no output delay specified. (HIGH)

 There are 0 ports with no output delay but user has a false path constraint

 There are 0 ports with no output delay but with a timing clock defined on it or propagating through it


7. checking multiple_clock
--------------------------
 There are 0 register/latch pins with multiple clocks.


8. checking generated_clocks
----------------------------
 There are 0 generated clocks that are not connected to a clock source.


9. checking loops
-----------------
 There are 0 combinational loops in the design.


10. checking partial_input_delay
--------------------------------
 There are 0 input ports with partial input delay specified.


11. checking partial_output_delay
---------------------------------
 There are 0 ports with partial output delay specified.


12. checking latch_loops
------------------------
 There are 0 combinational latch loops in the design through latch input



------------------------------------------------------------------------------------------------
| Design Timing Summary
| ---------------------
------------------------------------------------------------------------------------------------

    WNS(ns)      TNS(ns)  TNS Failing Endpoints  TNS Total Endpoints      WHS(ns)      THS(ns)  THS Failing Endpoints  THS Total Endpoints     WPWS(ns)     TPWS(ns)  TPWS Failing Endpoints  TPWS Total Endpoints  
    -------      -------  ---------------------  -------------------      -------      -------  ---------------------  -------------------     --------     --------  ----------------------  --------------------  
      0.848        0.000                      0                42529        0.036        0.000                      0                42529        0.345        0.000                       0                  6808  


All user specified timing constraints are met.


------------------------------------------------------------------------------------------------
| Clock Summary
| -------------
------------------------------------------------------------------------------------------------

Clock            Waveform(ns)         Period(ns)      Frequency(MHz)
-----            ------------         ----------      --------------
sys_clk_pin      {0.000 5.000}        10.000          100.000         
  clk0           {0.000 5.000}        10.000          100.000         
    clk_100_s    {0.000 5.000}        10.000          100.000         
    clk_400_n_s  {1.250 2.500}        2.500           400.000         
    clk_400_s    {0.000 1.250}        2.500           400.000         
    clkfbout     {0.000 5.000}        10.000          100.000         
  clk2x          {0.000 2.500}        5.000           200.000         
  clkdv          {0.000 10.000}       20.000          50.000          
  clkfx          {0.000 1.250}        2.500           400.000         
  clkfx180       {1.250 2.500}        2.500           400.000         


------------------------------------------------------------------------------------------------
| Intra Clock Table
| -----------------
------------------------------------------------------------------------------------------------

Clock                WNS(ns)      TNS(ns)  TNS Failing Endpoints  TNS Total Endpoints      WHS(ns)      THS(ns)  THS Failing Endpoints  THS Total Endpoints     WPWS(ns)     TPWS(ns)  TPWS Failing Endpoints  TPWS Total Endpoints  
-----                -------      -------  ---------------------  -------------------      -------      -------  ---------------------  -------------------     --------     --------  ----------------------  --------------------  
sys_clk_pin                                                                                                                                                        3.000        0.000                       0                     1  
  clk0                 0.848        0.000                      0                42521        0.064        0.000                      0                42521        3.000        0.000                       0                  6788  
    clk_100_s                                                                                                                                                      7.845        0.000                       0                     3  
    clk_400_n_s                                                                                                                                                    0.345        0.000                       0                     2  
    clk_400_s                                                                                                                                                      0.345        0.000                       0                     3  
    clkfbout                                                                                                                                                       7.845        0.000                       0                     3  
  clk2x                                                                                                                                                            2.845        0.000                       0                     2  
  clkdv                                                                                                                                                           17.845        0.000                       0                     2  
  clkfx                                                                                                                                                            0.345        0.000                       0                     2  
  clkfx180                                                                                                                                                         0.345        0.000                       0                     2  


------------------------------------------------------------------------------------------------
| Inter Clock Table
| -----------------
------------------------------------------------------------------------------------------------

From Clock    To Clock          WNS(ns)      TNS(ns)  TNS Failing Endpoints  TNS Total Endpoints      WHS(ns)      THS(ns)  THS Failing Endpoints  THS Total Endpoints  
----------    --------          -------      -------  ---------------------  -------------------      -------      -------  ---------------------  -------------------  
clk0          clk_100_s           7.856        0.000                      0                    8        0.036        0.000                      0                    8  


------------------------------------------------------------------------------------------------
| Other Path Groups Table
| -----------------------
------------------------------------------------------------------------------------------------

Path Group    From Clock    To Clock          WNS(ns)      TNS(ns)  TNS Failing Endpoints  TNS Total Endpoints      WHS(ns)      THS(ns)  THS Failing Endpoints  THS Total Endpoints  
----------    ----------    --------          -------      -------  ---------------------  -------------------      -------      -------  ---------------------  -------------------  


------------------------------------------------------------------------------------------------
| Timing Details
| --------------
------------------------------------------------------------------------------------------------


---------------------------------------------------------------------------------------------------
From Clock:  sys_clk_pin
  To Clock:  sys_clk_pin

Setup :           NA  Failing Endpoints,  Worst Slack           NA  ,  Total Violation           NA
Hold  :           NA  Failing Endpoints,  Worst Slack           NA  ,  Total Violation           NA
PW    :            0  Failing Endpoints,  Worst Slack        3.000ns,  Total Violation        0.000ns
---------------------------------------------------------------------------------------------------


Pulse Width Checks
--------------------------------------------------------------------------------------
Clock Name:         sys_clk_pin
Waveform(ns):       { 0.000 5.000 }
Period(ns):         10.000
Sources:            { clk_in }

Check Type        Corner  Lib Pin            Reference Pin  Required(ns)  Actual(ns)  Slack(ns)  Location  Pin
Min Period        n/a     MMCME2_ADV/CLKIN1  n/a            1.249         10.000      8.751                dcm_sp_inst/CLKIN1
Max Period        n/a     MMCME2_ADV/CLKIN1  n/a            100.000       10.000      90.000               dcm_sp_inst/CLKIN1
Low Pulse Width   Slow    MMCME2_ADV/CLKIN1  n/a            2.000         5.000       3.000                dcm_sp_inst/CLKIN1
High Pulse Width  Slow    MMCME2_ADV/CLKIN1  n/a            2.000         5.000       3.000                dcm_sp_inst/CLKIN1



---------------------------------------------------------------------------------------------------
From Clock:  clk0
  To Clock:  clk0

Setup :            0  Failing Endpoints,  Worst Slack        0.848ns,  Total Violation        0.000ns
Hold  :            0  Failing Endpoints,  Worst Slack        0.064ns,  Total Violation        0.000ns
PW    :            0  Failing Endpoints,  Worst Slack        3.000ns,  Total Violation        0.000ns
---------------------------------------------------------------------------------------------------


Max Delay Paths
--------------------------------------------------------------------------------------
Slack (MET) :             0.848ns  (required time - arrival time)
  Source:                 user_design_inst_1/main_0_140075168856544/product_c_reg/CLK
                            (rising edge-triggered cell DSP48E1 clocked by clk0  {rise@0.000ns fall@5.000ns period=10.000ns})
  Destination:            user_design_inst_1/main_0_140075168856544/result_reg[31]/D
                            (rising edge-triggered cell FDRE clocked by clk0  {rise@0.000ns fall@5.000ns period=10.000ns})
  Path Group:             clk0
  Path Type:              Setup (Max at Slow Process Corner)
  Requirement:            10.000ns  (clk0 rise@10.000ns - clk0 rise@0.000ns)
  Data Path Delay:        8.992ns  (logic 5.894ns (65.549%)  route 3.098ns (34.451%))
  Logic Levels:           10  (CARRY4=5 DSP48E1=1 LUT2=1 LUT6=3)
  Clock Path Skew:        -0.145ns (DCD - SCD + CPR)
    Destination Clock Delay (DCD):    -2.238ns = ( 7.762 - 10.000 ) 
    Source Clock Delay      (SCD):    -1.562ns
    Clock Pessimism Removal (CPR):    0.531ns
  Clock Uncertainty:      0.059ns  ((TSJ^2 + DJ^2)^1/2) / 2 + PE
    Total System Jitter     (TSJ):    0.071ns
    Discrete Jitter          (DJ):    0.096ns
    Phase Error              (PE):    0.000ns

    Location             Delay type                Incr(ns)  Path(ns)    Netlist Resource(s)
  -------------------------------------------------------------------    -------------------
                         (clock clk0 rise edge)       0.000     0.000 r  
    E3                                                0.000     0.000 r  clk_in (IN)
                         net (fo=0)                   0.000     0.000    clk_in
    E3                   IBUF (Prop_ibuf_I_O)         1.482     1.482 r  clkin1_buf/O
                         net (fo=1, unplaced)         0.584     2.066    clkin1
                         MMCME2_ADV (Prop_mmcme2_adv_CLKIN1_CLKFBOUT)
                                                     -5.111    -3.045 r  dcm_sp_inst/CLKFBOUT
                         net (fo=1, unplaced)         0.803    -2.242    clk0
                         BUFG (Prop_bufg_I_O)         0.096    -2.146 r  bufg_inst2/O
                         net (fo=6789, unplaced)      0.584    -1.562    user_design_inst_1/main_0_140075168856544/clk
                         DSP48E1                                      r  user_design_inst_1/main_0_140075168856544/product_c_reg/CLK
  -------------------------------------------------------------------    -------------------
                         DSP48E1 (Prop_dsp48e1_CLK_P[15])
                                                      2.291     0.729 r  user_design_inst_1/main_0_140075168856544/product_c_reg/P[15]
                         net (fo=1, unplaced)         0.803     1.532    user_design_inst_1/main_0_140075168856544/A[13]
                         DSP48E1 (Prop_dsp48e1_C[31]_P[16])
                                                      1.820     3.352 r  user_design_inst_1/main_0_140075168856544/result0/P[16]
                         net (fo=1, unplaced)         0.803     4.155    user_design_inst_1/main_0_140075168856544/result0_n_89
                         LUT2 (Prop_lut2_I1_O)        0.124     4.279 r  user_design_inst_1/main_0_140075168856544/result[18]_i_18/O
                         net (fo=1, unplaced)         0.000     4.279    user_design_inst_1/main_0_140075168856544/result[18]_i_18_n_0
                         CARRY4 (Prop_carry4_S[1]_CO[3])
                                                      0.533     4.812 r  user_design_inst_1/main_0_140075168856544/result_reg[18]_i_9/CO[3]
                         net (fo=1, unplaced)         0.000     4.812    user_design_inst_1/main_0_140075168856544/result_reg[18]_i_9_n_0
                         CARRY4 (Prop_carry4_CI_CO[3])
                                                      0.117     4.929 r  user_design_inst_1/main_0_140075168856544/result_reg[22]_i_9/CO[3]
                         net (fo=1, unplaced)         0.000     4.929    user_design_inst_1/main_0_140075168856544/result_reg[22]_i_9_n_0
                         CARRY4 (Prop_carry4_CI_CO[3])
                                                      0.117     5.046 r  user_design_inst_1/main_0_140075168856544/result_reg[26]_i_10/CO[3]
                         net (fo=1, unplaced)         0.000     5.046    user_design_inst_1/main_0_140075168856544/result_reg[26]_i_10_n_0
                         CARRY4 (Prop_carry4_CI_CO[3])
                                                      0.117     5.163 r  user_design_inst_1/main_0_140075168856544/result_reg[30]_i_11/CO[3]
                         net (fo=1, unplaced)         0.000     5.163    user_design_inst_1/main_0_140075168856544/result_reg[30]_i_11_n_0
                         CARRY4 (Prop_carry4_CI_O[0])
                                                      0.232     5.395 r  user_design_inst_1/main_0_140075168856544/result_reg[31]_i_31/O[0]
                         net (fo=1, unplaced)         0.311     5.706    user_design_inst_1/main_0_140075168856544/result_reg[31]_i_31_n_7
                         LUT6 (Prop_lut6_I2_O)        0.295     6.001 r  user_design_inst_1/main_0_140075168856544/result[31]_i_15/O
                         net (fo=1, unplaced)         0.449     6.450    user_design_inst_1/main_0_140075168856544/result[31]_i_15_n_0
                         LUT6 (Prop_lut6_I5_O)        0.124     6.574 r  user_design_inst_1/main_0_140075168856544/result[31]_i_7/O
                         net (fo=1, unplaced)         0.732     7.306    user_design_inst_1/main_0_140075168856544/result[31]_i_7_n_0
                         LUT6 (Prop_lut6_I5_O)        0.124     7.430 r  user_design_inst_1/main_0_140075168856544/result[31]_i_2/O
                         net (fo=1, unplaced)         0.000     7.430    user_design_inst_1/main_0_140075168856544/result[31]_i_2_n_0
                         FDRE                                         r  user_design_inst_1/main_0_140075168856544/result_reg[31]/D
  -------------------------------------------------------------------    -------------------

                         (clock clk0 rise edge)      10.000    10.000 r  
    E3                                                0.000    10.000 r  clk_in (IN)
                         net (fo=0)                   0.000    10.000    clk_in
    E3                   IBUF (Prop_ibuf_I_O)         1.411    11.411 r  clkin1_buf/O
                         net (fo=1, unplaced)         0.439    11.850    clkin1
                         MMCME2_ADV (Prop_mmcme2_adv_CLKIN1_CLKFBOUT)
                                                     -5.381     6.470 r  dcm_sp_inst/CLKFBOUT
                         net (fo=1, unplaced)         0.763     7.232    clk0
                         BUFG (Prop_bufg_I_O)         0.091     7.323 r  bufg_inst2/O
                         net (fo=6789, unplaced)      0.439     7.762    user_design_inst_1/main_0_140075168856544/clk
                         FDRE                                         r  user_design_inst_1/main_0_140075168856544/result_reg[31]/C
                         clock pessimism              0.531     8.293    
                         clock uncertainty           -0.059     8.233    
                         FDRE (Setup_fdre_C_D)        0.044     8.277    user_design_inst_1/main_0_140075168856544/result_reg[31]
  -------------------------------------------------------------------
                         required time                          8.277    
                         arrival time                          -7.430    
  -------------------------------------------------------------------
                         slack                                  0.848    





Min Delay Paths
--------------------------------------------------------------------------------------
Slack (MET) :             0.064ns  (arrival time - required time)
  Source:                 user_design_inst_1/main_0_140075168856544/result_reg[0]/C
                            (rising edge-triggered cell FDRE clocked by clk0  {rise@0.000ns fall@5.000ns period=10.000ns})
  Destination:            user_design_inst_1/main_0_140075168856544/registers_reg_r1_0_15_0_5/RAMA/I
                            (rising edge-triggered cell RAMD32 clocked by clk0  {rise@0.000ns fall@5.000ns period=10.000ns})
  Path Group:             clk0
  Path Type:              Hold (Min at Fast Process Corner)
  Requirement:            0.000ns  (clk0 rise@0.000ns - clk0 rise@0.000ns)
  Data Path Delay:        0.303ns  (logic 0.147ns (48.588%)  route 0.156ns (51.412%))
  Logic Levels:           0  
  Clock Path Skew:        0.145ns (DCD - SCD - CPR)
    Destination Clock Delay (DCD):    -1.070ns
    Source Clock Delay      (SCD):    -0.935ns
    Clock Pessimism Removal (CPR):    -0.280ns

    Location             Delay type                Incr(ns)  Path(ns)    Netlist Resource(s)
  -------------------------------------------------------------------    -------------------
                         (clock clk0 rise edge)       0.000     0.000 r  
    E3                                                0.000     0.000 r  clk_in (IN)
                         net (fo=0)                   0.000     0.000    clk_in
    E3                   IBUF (Prop_ibuf_I_O)         0.250     0.250 r  clkin1_buf/O
                         net (fo=1, unplaced)         0.114     0.364    clkin1
                         MMCME2_ADV (Prop_mmcme2_adv_CLKIN1_CLKFBOUT)
                                                     -1.777    -1.414 r  dcm_sp_inst/CLKFBOUT
                         net (fo=1, unplaced)         0.338    -1.075    clk0
                         BUFG (Prop_bufg_I_O)         0.026    -1.049 r  bufg_inst2/O
                         net (fo=6789, unplaced)      0.114    -0.935    user_design_inst_1/main_0_140075168856544/clk
                         FDRE                                         r  user_design_inst_1/main_0_140075168856544/result_reg[0]/C
  -------------------------------------------------------------------    -------------------
                         FDRE (Prop_fdre_C_Q)         0.147    -0.788 r  user_design_inst_1/main_0_140075168856544/result_reg[0]/Q
                         net (fo=7, unplaced)         0.156    -0.633    user_design_inst_1/main_0_140075168856544/registers_reg_r1_0_15_0_5/DIA0
                         RAMD32                                       r  user_design_inst_1/main_0_140075168856544/registers_reg_r1_0_15_0_5/RAMA/I
  -------------------------------------------------------------------    -------------------

                         (clock clk0 rise edge)       0.000     0.000 r  
    E3                                                0.000     0.000 r  clk_in (IN)
                         net (fo=0)                   0.000     0.000    clk_in
    E3                   IBUF (Prop_ibuf_I_O)         0.438     0.438 r  clkin1_buf/O
                         net (fo=1, unplaced)         0.259     0.697    clkin1
                         MMCME2_ADV (Prop_mmcme2_adv_CLKIN1_CLKFBOUT)
                                                     -2.411    -1.715 r  dcm_sp_inst/CLKFBOUT
                         net (fo=1, unplaced)         0.356    -1.358    clk0
                         BUFG (Prop_bufg_I_O)         0.029    -1.329 r  bufg_inst2/O
                         net (fo=6789, unplaced)      0.259    -1.070    user_design_inst_1/main_0_140075168856544/registers_reg_r1_0_15_0_5/WCLK
                         RAMD32                                       r  user_design_inst_1/main_0_140075168856544/registers_reg_r1_0_15_0_5/RAMA/CLK
                         clock pessimism              0.280    -0.790    
                         RAMD32 (Hold_ramd32_CLK_I)
                                                      0.094    -0.696    user_design_inst_1/main_0_140075168856544/registers_reg_r1_0_15_0_5/RAMA
  -------------------------------------------------------------------
                         required time                          0.696    
                         arrival time                          -0.633    
  -------------------------------------------------------------------
                         slack                                  0.064    





Pulse Width Checks
--------------------------------------------------------------------------------------
Clock Name:         clk0
Waveform(ns):       { 0.000 5.000 }
Period(ns):         10.000
Sources:            { dcm_sp_inst/CLKFBOUT }

Check Type        Corner  Lib Pin             Reference Pin  Required(ns)  Actual(ns)  Slack(ns)  Location  Pin
Min Period        n/a     RAMB36E1/CLKARDCLK  n/a            2.576         10.000      7.424                user_design_inst_1/main_0_140075168856544/program_counter_reg_rep_0/CLKARDCLK
Max Period        n/a     PLLE2_ADV/CLKIN1    n/a            52.633        10.000      42.633               transmitter_inst_1/dac_interface_inst_1/serdes_inst_1/plle2_base_inst/CLKIN1
Low Pulse Width   Slow    PLLE2_ADV/CLKIN1    n/a            2.000         5.000       3.000                transmitter_inst_1/dac_interface_inst_1/serdes_inst_1/plle2_base_inst/CLKIN1
High Pulse Width  Fast    PLLE2_ADV/CLKIN1    n/a            2.000         5.000       3.000                transmitter_inst_1/dac_interface_inst_1/serdes_inst_1/plle2_base_inst/CLKIN1



---------------------------------------------------------------------------------------------------
From Clock:  clk_100_s
  To Clock:  clk_100_s

Setup :           NA  Failing Endpoints,  Worst Slack           NA  ,  Total Violation           NA
Hold  :           NA  Failing Endpoints,  Worst Slack           NA  ,  Total Violation           NA
PW    :            0  Failing Endpoints,  Worst Slack        7.845ns,  Total Violation        0.000ns
---------------------------------------------------------------------------------------------------


Pulse Width Checks
--------------------------------------------------------------------------------------
Clock Name:         clk_100_s
Waveform(ns):       { 0.000 5.000 }
Period(ns):         10.000
Sources:            { transmitter_inst_1/dac_interface_inst_1/serdes_inst_1/plle2_base_inst/CLKOUT0 }

Check Type  Corner  Lib Pin            Reference Pin  Required(ns)  Actual(ns)  Slack(ns)  Location  Pin
Min Period  n/a     BUFG/I             n/a            2.155         10.000      7.845                transmitter_inst_1/dac_interface_inst_1/serdes_inst_1/bufg_inst_1/I
Max Period  n/a     PLLE2_ADV/CLKOUT0  n/a            160.000       10.000      150.000              transmitter_inst_1/dac_interface_inst_1/serdes_inst_1/plle2_base_inst/CLKOUT0



---------------------------------------------------------------------------------------------------
From Clock:  clk_400_n_s
  To Clock:  clk_400_n_s

Setup :           NA  Failing Endpoints,  Worst Slack           NA  ,  Total Violation           NA
Hold  :           NA  Failing Endpoints,  Worst Slack           NA  ,  Total Violation           NA
PW    :            0  Failing Endpoints,  Worst Slack        0.345ns,  Total Violation        0.000ns
---------------------------------------------------------------------------------------------------


Pulse Width Checks
--------------------------------------------------------------------------------------
Clock Name:         clk_400_n_s
Waveform(ns):       { 1.250 2.500 }
Period(ns):         2.500
Sources:            { transmitter_inst_1/dac_interface_inst_1/serdes_inst_1/plle2_base_inst/CLKOUT2 }

Check Type  Corner  Lib Pin            Reference Pin  Required(ns)  Actual(ns)  Slack(ns)  Location  Pin
Min Period  n/a     BUFG/I             n/a            2.155         2.500       0.345                transmitter_inst_1/dac_interface_inst_1/serdes_inst_1/bufg_inst_3/I
Max Period  n/a     PLLE2_ADV/CLKOUT2  n/a            160.000       2.500       157.500              transmitter_inst_1/dac_interface_inst_1/serdes_inst_1/plle2_base_inst/CLKOUT2



---------------------------------------------------------------------------------------------------
From Clock:  clk_400_s
  To Clock:  clk_400_s

Setup :           NA  Failing Endpoints,  Worst Slack           NA  ,  Total Violation           NA
Hold  :           NA  Failing Endpoints,  Worst Slack           NA  ,  Total Violation           NA
PW    :            0  Failing Endpoints,  Worst Slack        0.345ns,  Total Violation        0.000ns
---------------------------------------------------------------------------------------------------


Pulse Width Checks
--------------------------------------------------------------------------------------
Clock Name:         clk_400_s
Waveform(ns):       { 0.000 1.250 }
Period(ns):         2.500
Sources:            { transmitter_inst_1/dac_interface_inst_1/serdes_inst_1/plle2_base_inst/CLKOUT1 }

Check Type  Corner  Lib Pin            Reference Pin  Required(ns)  Actual(ns)  Slack(ns)  Location  Pin
Min Period  n/a     BUFG/I             n/a            2.155         2.500       0.345                transmitter_inst_1/dac_interface_inst_1/serdes_inst_1/bufg_inst_2/I
Max Period  n/a     PLLE2_ADV/CLKOUT1  n/a            160.000       2.500       157.500              transmitter_inst_1/dac_interface_inst_1/serdes_inst_1/plle2_base_inst/CLKOUT1



---------------------------------------------------------------------------------------------------
From Clock:  clkfbout
  To Clock:  clkfbout

Setup :           NA  Failing Endpoints,  Worst Slack           NA  ,  Total Violation           NA
Hold  :           NA  Failing Endpoints,  Worst Slack           NA  ,  Total Violation           NA
PW    :            0  Failing Endpoints,  Worst Slack        7.845ns,  Total Violation        0.000ns
---------------------------------------------------------------------------------------------------


Pulse Width Checks
--------------------------------------------------------------------------------------
Clock Name:         clkfbout
Waveform(ns):       { 0.000 5.000 }
Period(ns):         10.000
Sources:            { transmitter_inst_1/dac_interface_inst_1/serdes_inst_1/plle2_base_inst/CLKFBOUT }

Check Type  Corner  Lib Pin            Reference Pin  Required(ns)  Actual(ns)  Slack(ns)  Location  Pin
Min Period  n/a     BUFG/I             n/a            2.155         10.000      7.845                transmitter_inst_1/dac_interface_inst_1/serdes_inst_1/bufg_inst_4/I
Max Period  n/a     PLLE2_ADV/CLKFBIN  n/a            52.633        10.000      42.633               transmitter_inst_1/dac_interface_inst_1/serdes_inst_1/plle2_base_inst/CLKFBIN



---------------------------------------------------------------------------------------------------
From Clock:  clk2x
  To Clock:  clk2x

Setup :           NA  Failing Endpoints,  Worst Slack           NA  ,  Total Violation           NA
Hold  :           NA  Failing Endpoints,  Worst Slack           NA  ,  Total Violation           NA
PW    :            0  Failing Endpoints,  Worst Slack        2.845ns,  Total Violation        0.000ns
---------------------------------------------------------------------------------------------------


Pulse Width Checks
--------------------------------------------------------------------------------------
Clock Name:         clk2x
Waveform(ns):       { 0.000 2.500 }
Period(ns):         5.000
Sources:            { dcm_sp_inst/CLKOUT1 }

Check Type  Corner  Lib Pin             Reference Pin  Required(ns)  Actual(ns)  Slack(ns)  Location  Pin
Min Period  n/a     BUFG/I              n/a            2.155         5.000       2.845                bufg_inst5/I
Max Period  n/a     MMCME2_ADV/CLKOUT1  n/a            213.360       5.000       208.360              dcm_sp_inst/CLKOUT1



---------------------------------------------------------------------------------------------------
From Clock:  clkdv
  To Clock:  clkdv

Setup :           NA  Failing Endpoints,  Worst Slack           NA  ,  Total Violation           NA
Hold  :           NA  Failing Endpoints,  Worst Slack           NA  ,  Total Violation           NA
PW    :            0  Failing Endpoints,  Worst Slack       17.845ns,  Total Violation        0.000ns
---------------------------------------------------------------------------------------------------


Pulse Width Checks
--------------------------------------------------------------------------------------
Clock Name:         clkdv
Waveform(ns):       { 0.000 10.000 }
Period(ns):         20.000
Sources:            { dcm_sp_inst/CLKOUT4 }

Check Type  Corner  Lib Pin             Reference Pin  Required(ns)  Actual(ns)  Slack(ns)  Location  Pin
Min Period  n/a     BUFG/I              n/a            2.155         20.000      17.845               bufg_inst1/I
Max Period  n/a     MMCME2_ADV/CLKOUT4  n/a            213.360       20.000      193.360              dcm_sp_inst/CLKOUT4



---------------------------------------------------------------------------------------------------
From Clock:  clkfx
  To Clock:  clkfx

Setup :           NA  Failing Endpoints,  Worst Slack           NA  ,  Total Violation           NA
Hold  :           NA  Failing Endpoints,  Worst Slack           NA  ,  Total Violation           NA
PW    :            0  Failing Endpoints,  Worst Slack        0.345ns,  Total Violation        0.000ns
---------------------------------------------------------------------------------------------------


Pulse Width Checks
--------------------------------------------------------------------------------------
Clock Name:         clkfx
Waveform(ns):       { 0.000 1.250 }
Period(ns):         2.500
Sources:            { dcm_sp_inst/CLKOUT0 }

Check Type  Corner  Lib Pin             Reference Pin  Required(ns)  Actual(ns)  Slack(ns)  Location  Pin
Min Period  n/a     BUFG/I              n/a            2.155         2.500       0.345                bufg_inst3/I
Max Period  n/a     MMCME2_ADV/CLKOUT0  n/a            213.360       2.500       210.860              dcm_sp_inst/CLKOUT0



---------------------------------------------------------------------------------------------------
From Clock:  clkfx180
  To Clock:  clkfx180

Setup :           NA  Failing Endpoints,  Worst Slack           NA  ,  Total Violation           NA
Hold  :           NA  Failing Endpoints,  Worst Slack           NA  ,  Total Violation           NA
PW    :            0  Failing Endpoints,  Worst Slack        0.345ns,  Total Violation        0.000ns
---------------------------------------------------------------------------------------------------


Pulse Width Checks
--------------------------------------------------------------------------------------
Clock Name:         clkfx180
Waveform(ns):       { 1.250 2.500 }
Period(ns):         2.500
Sources:            { dcm_sp_inst/CLKOUT0B }

Check Type  Corner  Lib Pin              Reference Pin  Required(ns)  Actual(ns)  Slack(ns)  Location  Pin
Min Period  n/a     BUFG/I               n/a            2.155         2.500       0.345                bufg_inst4/I
Max Period  n/a     MMCME2_ADV/CLKOUT0B  n/a            213.360       2.500       210.860              dcm_sp_inst/CLKOUT0B



---------------------------------------------------------------------------------------------------
From Clock:  clk0
  To Clock:  clk_100_s

Setup :            0  Failing Endpoints,  Worst Slack        7.856ns,  Total Violation        0.000ns
Hold  :            0  Failing Endpoints,  Worst Slack        0.036ns,  Total Violation        0.000ns
---------------------------------------------------------------------------------------------------


Max Delay Paths
--------------------------------------------------------------------------------------
Slack (MET) :             7.856ns  (required time - arrival time)
  Source:                 transmitter_inst_1/dac_interface_inst_1/dac_0_reg/C
                            (rising edge-triggered cell FDRE clocked by clk0  {rise@0.000ns fall@5.000ns period=10.000ns})
  Destination:            transmitter_inst_1/dac_interface_inst_1/serdes_inst_1/oserdese2_inst/D1
                            (rising edge-triggered cell OSERDESE2 clocked by clk_100_s  {rise@0.000ns fall@5.000ns period=10.000ns})
  Path Group:             clk_100_s
  Path Type:              Setup (Max at Slow Process Corner)
  Requirement:            10.000ns  (clk_100_s rise@10.000ns - clk0 rise@0.000ns)
  Data Path Delay:        1.281ns  (logic 0.478ns (37.319%)  route 0.803ns (62.681%))
  Logic Levels:           0  
  Clock Path Skew:        0.179ns (DCD - SCD + CPR)
    Destination Clock Delay (DCD):    -1.914ns = ( 8.086 - 10.000 ) 
    Source Clock Delay      (SCD):    -1.562ns
    Clock Pessimism Removal (CPR):    0.531ns
  Clock Uncertainty:      0.242ns  ((TSJ^2 + DJ^2)^1/2) / 2 + PE
    Total System Jitter     (TSJ):    0.071ns
    Discrete Jitter          (DJ):    0.145ns
    Phase Error              (PE):    0.162ns

    Location             Delay type                Incr(ns)  Path(ns)    Netlist Resource(s)
  -------------------------------------------------------------------    -------------------
                         (clock clk0 rise edge)       0.000     0.000 r  
    E3                                                0.000     0.000 r  clk_in (IN)
                         net (fo=0)                   0.000     0.000    clk_in
    E3                   IBUF (Prop_ibuf_I_O)         1.482     1.482 r  clkin1_buf/O
                         net (fo=1, unplaced)         0.584     2.066    clkin1
                         MMCME2_ADV (Prop_mmcme2_adv_CLKIN1_CLKFBOUT)
                                                     -5.111    -3.045 r  dcm_sp_inst/CLKFBOUT
                         net (fo=1, unplaced)         0.803    -2.242    clk0
                         BUFG (Prop_bufg_I_O)         0.096    -2.146 r  bufg_inst2/O
                         net (fo=6789, unplaced)      0.584    -1.562    transmitter_inst_1/dac_interface_inst_1/clk
                         FDRE                                         r  transmitter_inst_1/dac_interface_inst_1/dac_0_reg/C
  -------------------------------------------------------------------    -------------------
                         FDRE (Prop_fdre_C_Q)         0.478    -1.084 r  transmitter_inst_1/dac_interface_inst_1/dac_0_reg/Q
                         net (fo=1, unplaced)         0.803    -0.281    transmitter_inst_1/dac_interface_inst_1/serdes_inst_1/dac_0
    OLOGIC_X0Y139        OSERDESE2                                    r  transmitter_inst_1/dac_interface_inst_1/serdes_inst_1/oserdese2_inst/D1
  -------------------------------------------------------------------    -------------------

                         (clock clk_100_s rise edge)
                                                     10.000    10.000 r  
    E3                                                0.000    10.000 r  clk_in (IN)
                         net (fo=0)                   0.000    10.000    clk_in
    E3                   IBUF (Prop_ibuf_I_O)         1.411    11.411 r  clkin1_buf/O
                         net (fo=1, unplaced)         0.439    11.850    clkin1
                         MMCME2_ADV (Prop_mmcme2_adv_CLKIN1_CLKFBOUT)
                                                     -5.381     6.470 r  dcm_sp_inst/CLKFBOUT
                         net (fo=1, unplaced)         0.763     7.232    clk0
                         BUFG (Prop_bufg_I_O)         0.091     7.323 r  bufg_inst2/O
                         net (fo=6789, unplaced)      0.439     7.762    transmitter_inst_1/dac_interface_inst_1/serdes_inst_1/clk
                         PLLE2_ADV (Prop_plle2_adv_CLKIN1_CLKOUT0)
                                                     -1.293     6.470 r  transmitter_inst_1/dac_interface_inst_1/serdes_inst_1/plle2_base_inst/CLKOUT0
                         net (fo=1, unplaced)         0.763     7.232    transmitter_inst_1/dac_interface_inst_1/serdes_inst_1/clk_100_s
                         BUFG (Prop_bufg_I_O)         0.091     7.323 r  transmitter_inst_1/dac_interface_inst_1/serdes_inst_1/bufg_inst_1/O
                         net (fo=1, unplaced)         0.763     8.086    transmitter_inst_1/dac_interface_inst_1/serdes_inst_1/clk_100
    OLOGIC_X0Y139        OSERDESE2                                    r  transmitter_inst_1/dac_interface_inst_1/serdes_inst_1/oserdese2_inst/CLKDIV
                         clock pessimism              0.531     8.617    
                         clock uncertainty           -0.242     8.375    
    OLOGIC_X0Y139        OSERDESE2 (Setup_oserdese2_CLKDIV_D1)
                                                     -0.800     7.575    transmitter_inst_1/dac_interface_inst_1/serdes_inst_1/oserdese2_inst
  -------------------------------------------------------------------
                         required time                          7.575    
                         arrival time                           0.281    
  -------------------------------------------------------------------
                         slack                                  7.856    





Min Delay Paths
--------------------------------------------------------------------------------------
Slack (MET) :             0.036ns  (arrival time - required time)
  Source:                 transmitter_inst_1/dac_interface_inst_1/dac_0_reg/C
                            (rising edge-triggered cell FDRE clocked by clk0  {rise@0.000ns fall@5.000ns period=10.000ns})
  Destination:            transmitter_inst_1/dac_interface_inst_1/serdes_inst_1/oserdese2_inst/D1
                            (rising edge-triggered cell OSERDESE2 clocked by clk_100_s  {rise@0.000ns fall@5.000ns period=10.000ns})
  Path Group:             clk_100_s
  Path Type:              Hold (Min at Fast Process Corner)
  Requirement:            0.000ns  (clk_100_s rise@0.000ns - clk0 rise@0.000ns)
  Data Path Delay:        0.485ns  (logic 0.147ns (30.283%)  route 0.338ns (69.717%))
  Logic Levels:           0  
  Clock Path Skew:        0.242ns (DCD - SCD - CPR)
    Destination Clock Delay (DCD):    -0.973ns
    Source Clock Delay      (SCD):    -0.935ns
    Clock Pessimism Removal (CPR):    -0.280ns
  Clock Uncertainty:      0.242ns  ((TSJ^2 + DJ^2)^1/2) / 2 + PE
    Total System Jitter     (TSJ):    0.071ns
    Discrete Jitter          (DJ):    0.145ns
    Phase Error              (PE):    0.162ns

    Location             Delay type                Incr(ns)  Path(ns)    Netlist Resource(s)
  -------------------------------------------------------------------    -------------------
                         (clock clk0 rise edge)       0.000     0.000 r  
    E3                                                0.000     0.000 r  clk_in (IN)
                         net (fo=0)                   0.000     0.000    clk_in
    E3                   IBUF (Prop_ibuf_I_O)         0.250     0.250 r  clkin1_buf/O
                         net (fo=1, unplaced)         0.114     0.364    clkin1
                         MMCME2_ADV (Prop_mmcme2_adv_CLKIN1_CLKFBOUT)
                                                     -1.777    -1.414 r  dcm_sp_inst/CLKFBOUT
                         net (fo=1, unplaced)         0.338    -1.075    clk0
                         BUFG (Prop_bufg_I_O)         0.026    -1.049 r  bufg_inst2/O
                         net (fo=6789, unplaced)      0.114    -0.935    transmitter_inst_1/dac_interface_inst_1/clk
                         FDRE                                         r  transmitter_inst_1/dac_interface_inst_1/dac_0_reg/C
  -------------------------------------------------------------------    -------------------
                         FDRE (Prop_fdre_C_Q)         0.147    -0.788 r  transmitter_inst_1/dac_interface_inst_1/dac_0_reg/Q
                         net (fo=1, unplaced)         0.338    -0.450    transmitter_inst_1/dac_interface_inst_1/serdes_inst_1/dac_0
    OLOGIC_X0Y139        OSERDESE2                                    r  transmitter_inst_1/dac_interface_inst_1/serdes_inst_1/oserdese2_inst/D1
  -------------------------------------------------------------------    -------------------

                         (clock clk_100_s rise edge)
                                                      0.000     0.000 r  
    E3                                                0.000     0.000 r  clk_in (IN)
                         net (fo=0)                   0.000     0.000    clk_in
    E3                   IBUF (Prop_ibuf_I_O)         0.438     0.438 r  clkin1_buf/O
                         net (fo=1, unplaced)         0.259     0.697    clkin1
                         MMCME2_ADV (Prop_mmcme2_adv_CLKIN1_CLKFBOUT)
                                                     -2.411    -1.715 r  dcm_sp_inst/CLKFBOUT
                         net (fo=1, unplaced)         0.356    -1.358    clk0
                         BUFG (Prop_bufg_I_O)         0.029    -1.329 r  bufg_inst2/O
                         net (fo=6789, unplaced)      0.259    -1.070    transmitter_inst_1/dac_interface_inst_1/serdes_inst_1/clk
                         PLLE2_ADV (Prop_plle2_adv_CLKIN1_CLKOUT0)
                                                     -0.644    -1.715 r  transmitter_inst_1/dac_interface_inst_1/serdes_inst_1/plle2_base_inst/CLKOUT0
                         net (fo=1, unplaced)         0.356    -1.358    transmitter_inst_1/dac_interface_inst_1/serdes_inst_1/clk_100_s
                         BUFG (Prop_bufg_I_O)         0.029    -1.329 r  transmitter_inst_1/dac_interface_inst_1/serdes_inst_1/bufg_inst_1/O
                         net (fo=1, unplaced)         0.356    -0.973    transmitter_inst_1/dac_interface_inst_1/serdes_inst_1/clk_100
    OLOGIC_X0Y139        OSERDESE2                                    r  transmitter_inst_1/dac_interface_inst_1/serdes_inst_1/oserdese2_inst/CLKDIV
                         clock pessimism              0.280    -0.693    
                         clock uncertainty            0.242    -0.451    
    OLOGIC_X0Y139        OSERDESE2 (Hold_oserdese2_CLKDIV_D1)
                                                     -0.035    -0.486    transmitter_inst_1/dac_interface_inst_1/serdes_inst_1/oserdese2_inst
  -------------------------------------------------------------------
                         required time                          0.486    
                         arrival time                          -0.450    
  -------------------------------------------------------------------
                         slack                                  0.036    





