Copyright 1986-2016 Xilinx, Inc. All Rights Reserved.
------------------------------------------------------------------------------------
| Tool Version : Vivado v.2016.3 (lin64) Build 1682563 Mon Oct 10 19:07:26 MDT 2016
| Date         : Sun Nov 20 17:18:52 2016
| Host         : jon-GA-MA770T-ES3 running 64-bit Linux Mint 17.2 Rafaela
| Command      : report_timing_summary -file ./post_route_timing_summary.rpt
| Design       : bsp
| Device       : 7a100t-csg324
| Speed File   : -1  PRODUCTION 1.15 2016-08-17
------------------------------------------------------------------------------------

Timing Summary Report

------------------------------------------------------------------------------------------------
| Timer Settings
| --------------
------------------------------------------------------------------------------------------------

  Enable Multi Corner Analysis               :  Yes
  Enable Pessimism Removal                   :  Yes
  Pessimism Removal Resolution               :  Nearest Common Node
  Enable Input Delay Default Clock           :  No
  Enable Preset / Clear Arcs                 :  No
  Disable Flight Delays                      :  No
  Ignore I/O Paths                           :  No
  Timing Early Launch at Borrowing Latches   :  false

  Corner  Analyze    Analyze    
  Name    Max Paths  Min Paths  
  ------  ---------  ---------  
  Slow    Yes        Yes        
  Fast    Yes        Yes        



check_timing report

Table of Contents
-----------------
1. checking no_clock
2. checking constant_clock
3. checking pulse_width_clock
4. checking unconstrained_internal_endpoints
5. checking no_input_delay
6. checking no_output_delay
7. checking multiple_clock
8. checking generated_clocks
9. checking loops
10. checking partial_input_delay
11. checking partial_output_delay
12. checking latch_loops

1. checking no_clock
--------------------
 There are 0 register/latch pins with no clock.


2. checking constant_clock
--------------------------
 There are 0 register/latch pins with constant_clock.


3. checking pulse_width_clock
-----------------------------
 There are 0 register/latch pins which need pulse_width check


4. checking unconstrained_internal_endpoints
--------------------------------------------
 There are 0 pins that are not constrained for maximum delay.

 There are 0 pins that are not constrained for maximum delay due to constant clock.


5. checking no_input_delay
--------------------------
 There is 1 input port with no input delay specified. (HIGH)

 There are 0 input ports with no input delay but user has a false path constraint.


6. checking no_output_delay
---------------------------
 There are 12 ports with no output delay specified. (HIGH)

 There are 0 ports with no output delay but user has a false path constraint

 There are 0 ports with no output delay but with a timing clock defined on it or propagating through it


7. checking multiple_clock
--------------------------
 There are 0 register/latch pins with multiple clocks.


8. checking generated_clocks
----------------------------
 There are 0 generated clocks that are not connected to a clock source.


9. checking loops
-----------------
 There are 0 combinational loops in the design.


10. checking partial_input_delay
--------------------------------
 There are 0 input ports with partial input delay specified.


11. checking partial_output_delay
---------------------------------
 There are 0 ports with partial output delay specified.


12. checking latch_loops
------------------------
 There are 0 combinational latch loops in the design through latch input



------------------------------------------------------------------------------------------------
| Design Timing Summary
| ---------------------
------------------------------------------------------------------------------------------------

    WNS(ns)      TNS(ns)  TNS Failing Endpoints  TNS Total Endpoints      WHS(ns)      THS(ns)  THS Failing Endpoints  THS Total Endpoints     WPWS(ns)     TPWS(ns)  TPWS Failing Endpoints  TPWS Total Endpoints  
    -------      -------  ---------------------  -------------------      -------      -------  ---------------------  -------------------     --------     --------  ----------------------  --------------------  
      0.262        0.000                      0                42536        0.035        0.000                      0                42536        0.345        0.000                       0                  6798  


All user specified timing constraints are met.


------------------------------------------------------------------------------------------------
| Clock Summary
| -------------
------------------------------------------------------------------------------------------------

Clock          Waveform(ns)         Period(ns)      Frequency(MHz)
-----          ------------         ----------      --------------
sys_clk_pin    {0.000 5.000}        10.000          100.000         
  clk0         {0.000 5.000}        10.000          100.000         
    clk_100_s  {0.000 5.000}        10.000          100.000         
    clk_400_s  {0.000 1.250}        2.500           400.000         
    clkfbout   {0.000 5.000}        10.000          100.000         


------------------------------------------------------------------------------------------------
| Intra Clock Table
| -----------------
------------------------------------------------------------------------------------------------

Clock              WNS(ns)      TNS(ns)  TNS Failing Endpoints  TNS Total Endpoints      WHS(ns)      THS(ns)  THS Failing Endpoints  THS Total Endpoints     WPWS(ns)     TPWS(ns)  TPWS Failing Endpoints  TPWS Total Endpoints  
-----              -------      -------  ---------------------  -------------------      -------      -------  ---------------------  -------------------     --------     --------  ----------------------  --------------------  
sys_clk_pin                                                                                                                                                      3.000        0.000                       0                     1  
  clk0               0.262        0.000                      0                42528        0.035        0.000                      0                42528        3.000        0.000                       0                  6788  
    clk_100_s                                                                                                                                                    7.845        0.000                       0                     3  
    clk_400_s                                                                                                                                                    0.345        0.000                       0                     3  
    clkfbout                                                                                                                                                     7.845        0.000                       0                     3  


------------------------------------------------------------------------------------------------
| Inter Clock Table
| -----------------
------------------------------------------------------------------------------------------------

From Clock    To Clock          WNS(ns)      TNS(ns)  TNS Failing Endpoints  TNS Total Endpoints      WHS(ns)      THS(ns)  THS Failing Endpoints  THS Total Endpoints  
----------    --------          -------      -------  ---------------------  -------------------      -------      -------  ---------------------  -------------------  
clk0          clk_100_s           6.387        0.000                      0                    8        0.244        0.000                      0                    8  


------------------------------------------------------------------------------------------------
| Other Path Groups Table
| -----------------------
------------------------------------------------------------------------------------------------

Path Group    From Clock    To Clock          WNS(ns)      TNS(ns)  TNS Failing Endpoints  TNS Total Endpoints      WHS(ns)      THS(ns)  THS Failing Endpoints  THS Total Endpoints  
----------    ----------    --------          -------      -------  ---------------------  -------------------      -------      -------  ---------------------  -------------------  


------------------------------------------------------------------------------------------------
| Timing Details
| --------------
------------------------------------------------------------------------------------------------


---------------------------------------------------------------------------------------------------
From Clock:  sys_clk_pin
  To Clock:  sys_clk_pin

Setup :           NA  Failing Endpoints,  Worst Slack           NA  ,  Total Violation           NA
Hold  :           NA  Failing Endpoints,  Worst Slack           NA  ,  Total Violation           NA
PW    :            0  Failing Endpoints,  Worst Slack        3.000ns,  Total Violation        0.000ns
---------------------------------------------------------------------------------------------------


Pulse Width Checks
--------------------------------------------------------------------------------------
Clock Name:         sys_clk_pin
Waveform(ns):       { 0.000 5.000 }
Period(ns):         10.000
Sources:            { clk_in }

Check Type        Corner  Lib Pin            Reference Pin  Required(ns)  Actual(ns)  Slack(ns)  Location         Pin
Min Period        n/a     MMCME2_ADV/CLKIN1  n/a            1.249         10.000      8.751      MMCME2_ADV_X1Y2  dcm_sp_inst/CLKIN1
Max Period        n/a     MMCME2_ADV/CLKIN1  n/a            100.000       10.000      90.000     MMCME2_ADV_X1Y2  dcm_sp_inst/CLKIN1
Low Pulse Width   Slow    MMCME2_ADV/CLKIN1  n/a            2.000         5.000       3.000      MMCME2_ADV_X1Y2  dcm_sp_inst/CLKIN1
High Pulse Width  Fast    MMCME2_ADV/CLKIN1  n/a            2.000         5.000       3.000      MMCME2_ADV_X1Y2  dcm_sp_inst/CLKIN1



---------------------------------------------------------------------------------------------------
From Clock:  clk0
  To Clock:  clk0

Setup :            0  Failing Endpoints,  Worst Slack        0.262ns,  Total Violation        0.000ns
Hold  :            0  Failing Endpoints,  Worst Slack        0.035ns,  Total Violation        0.000ns
PW    :            0  Failing Endpoints,  Worst Slack        3.000ns,  Total Violation        0.000ns
---------------------------------------------------------------------------------------------------


Max Delay Paths
--------------------------------------------------------------------------------------
Slack (MET) :             0.262ns  (required time - arrival time)
  Source:                 user_design_inst_1/main_0_140075168856544/address_z_3_reg[0]/C
                            (rising edge-triggered cell FDRE clocked by clk0  {rise@0.000ns fall@5.000ns period=10.000ns})
  Destination:            user_design_inst_1/main_0_140075168856544/program_counter_reg_rep_1/ADDRARDADDR[9]
                            (rising edge-triggered cell RAMB36E1 clocked by clk0  {rise@0.000ns fall@5.000ns period=10.000ns})
  Path Group:             clk0
  Path Type:              Setup (Max at Slow Process Corner)
  Requirement:            10.000ns  (clk0 rise@10.000ns - clk0 rise@0.000ns)
  Data Path Delay:        9.112ns  (logic 1.906ns (20.918%)  route 7.206ns (79.082%))
  Logic Levels:           8  (LUT3=1 LUT4=3 LUT5=1 LUT6=3)
  Clock Path Skew:        -0.001ns (DCD - SCD + CPR)
    Destination Clock Delay (DCD):    -1.320ns = ( 8.680 - 10.000 ) 
    Source Clock Delay      (SCD):    -0.751ns
    Clock Pessimism Removal (CPR):    0.569ns
  Clock Uncertainty:      0.059ns  ((TSJ^2 + DJ^2)^1/2) / 2 + PE
    Total System Jitter     (TSJ):    0.071ns
    Discrete Jitter          (DJ):    0.096ns
    Phase Error              (PE):    0.000ns

    Location             Delay type                Incr(ns)  Path(ns)    Netlist Resource(s)
  -------------------------------------------------------------------    -------------------
                         (clock clk0 rise edge)       0.000     0.000 r  
    E3                                                0.000     0.000 r  clk_in (IN)
                         net (fo=0)                   0.000     0.000    clk_in
    E3                   IBUF (Prop_ibuf_I_O)         1.482     1.482 r  clkin1_buf/O
                         net (fo=1, routed)           1.233     2.715    clkin1
    MMCME2_ADV_X1Y2      MMCME2_ADV (Prop_mmcme2_adv_CLKIN1_CLKFBOUT)
                                                     -7.070    -4.355 r  dcm_sp_inst/CLKFBOUT
                         net (fo=1, routed)           1.719    -2.636    clk0
    BUFGCTRL_X0Y16       BUFG (Prop_bufg_I_O)         0.096    -2.540 r  bufg_inst2/O
                         net (fo=6789, routed)        1.789    -0.751    user_design_inst_1/main_0_140075168856544/clk
    SLICE_X55Y161        FDRE                                         r  user_design_inst_1/main_0_140075168856544/address_z_3_reg[0]/C
  -------------------------------------------------------------------    -------------------
    SLICE_X55Y161        FDRE (Prop_fdre_C_Q)         0.456    -0.295 r  user_design_inst_1/main_0_140075168856544/address_z_3_reg[0]/Q
                         net (fo=98, routed)          0.998     0.703    user_design_inst_1/main_0_140075168856544/address_z_3[0]
    SLICE_X55Y162        LUT6 (Prop_lut6_I1_O)        0.124     0.827 f  user_design_inst_1/main_0_140075168856544/a_lo[31]_i_4/O
                         net (fo=1, routed)           0.620     1.447    user_design_inst_1/main_0_140075168856544/a_lo[31]_i_4_n_0
    SLICE_X55Y164        LUT4 (Prop_lut4_I3_O)        0.124     1.571 r  user_design_inst_1/main_0_140075168856544/a_lo[31]_i_3/O
                         net (fo=81, routed)          0.846     2.416    user_design_inst_1/main_0_140075168856544/operand_a1
    SLICE_X56Y156        LUT3 (Prop_lut3_I1_O)        0.124     2.540 r  user_design_inst_1/main_0_140075168856544/a_lo[6]_i_1/O
                         net (fo=40, routed)          1.220     3.761    user_design_inst_1/main_0_140075168856544/a_lo[6]_i_1_n_0
    SLICE_X53Y155        LUT4 (Prop_lut4_I1_O)        0.152     3.913 r  user_design_inst_1/main_0_140075168856544/program_counter[15]_i_17/O
                         net (fo=1, routed)           0.590     4.503    user_design_inst_1/main_0_140075168856544/program_counter[15]_i_17_n_0
    SLICE_X54Y155        LUT6 (Prop_lut6_I0_O)        0.326     4.829 r  user_design_inst_1/main_0_140075168856544/program_counter[15]_i_12/O
                         net (fo=3, routed)           0.505     5.333    user_design_inst_1/main_0_140075168856544/program_counter[15]_i_12_n_0
    SLICE_X55Y155        LUT5 (Prop_lut5_I4_O)        0.150     5.483 r  user_design_inst_1/main_0_140075168856544/program_counter[15]_i_3/O
                         net (fo=27, routed)          1.210     6.694    user_design_inst_1/main_0_140075168856544/program_counter[15]_i_3_n_0
    SLICE_X65Y158        LUT4 (Prop_lut4_I2_O)        0.326     7.020 r  user_design_inst_1/main_0_140075168856544/program_counter_reg_rep_0_i_23/O
                         net (fo=1, routed)           0.407     7.427    user_design_inst_1/main_0_140075168856544/program_counter_reg_rep_0_i_23_n_0
    SLICE_X65Y158        LUT6 (Prop_lut6_I0_O)        0.124     7.551 r  user_design_inst_1/main_0_140075168856544/program_counter_reg_rep_0_i_7/O
                         net (fo=2, routed)           0.811     8.361    user_design_inst_1/main_0_140075168856544/program_counter_reg_rep_0_i_7_n_0
    RAMB36_X1Y32         RAMB36E1                                     r  user_design_inst_1/main_0_140075168856544/program_counter_reg_rep_1/ADDRARDADDR[9]
  -------------------------------------------------------------------    -------------------

                         (clock clk0 rise edge)      10.000    10.000 r  
    E3                                                0.000    10.000 r  clk_in (IN)
                         net (fo=0)                   0.000    10.000    clk_in
    E3                   IBUF (Prop_ibuf_I_O)         1.411    11.411 r  clkin1_buf/O
                         net (fo=1, routed)           1.162    12.573    clkin1
    MMCME2_ADV_X1Y2      MMCME2_ADV (Prop_mmcme2_adv_CLKIN1_CLKFBOUT)
                                                     -7.324     5.249 r  dcm_sp_inst/CLKFBOUT
                         net (fo=1, routed)           1.639     6.888    clk0
    BUFGCTRL_X0Y16       BUFG (Prop_bufg_I_O)         0.091     6.979 r  bufg_inst2/O
                         net (fo=6789, routed)        1.700     8.680    user_design_inst_1/main_0_140075168856544/clk
    RAMB36_X1Y32         RAMB36E1                                     r  user_design_inst_1/main_0_140075168856544/program_counter_reg_rep_1/CLKARDCLK
                         clock pessimism              0.569     9.249    
                         clock uncertainty           -0.059     9.189    
    RAMB36_X1Y32         RAMB36E1 (Setup_ramb36e1_CLKARDCLK_ADDRARDADDR[9])
                                                     -0.566     8.623    user_design_inst_1/main_0_140075168856544/program_counter_reg_rep_1
  -------------------------------------------------------------------
                         required time                          8.623    
                         arrival time                          -8.361    
  -------------------------------------------------------------------
                         slack                                  0.262    





Min Delay Paths
--------------------------------------------------------------------------------------
Slack (MET) :             0.035ns  (arrival time - required time)
  Source:                 transmitter_inst_1/nco_inst_1/accum_reg[13]/C
                            (rising edge-triggered cell FDRE clocked by clk0  {rise@0.000ns fall@5.000ns period=10.000ns})
  Destination:            transmitter_inst_1/nco_inst_1/accum_reg[14]/D
                            (rising edge-triggered cell FDRE clocked by clk0  {rise@0.000ns fall@5.000ns period=10.000ns})
  Path Group:             clk0
  Path Type:              Hold (Min at Fast Process Corner)
  Requirement:            0.000ns  (clk0 rise@0.000ns - clk0 rise@0.000ns)
  Data Path Delay:        0.521ns  (logic 0.371ns (71.210%)  route 0.150ns (28.790%))
  Logic Levels:           3  (CARRY4=2 LUT2=1)
  Clock Path Skew:        0.352ns (DCD - SCD - CPR)
    Destination Clock Delay (DCD):    -0.751ns
    Source Clock Delay      (SCD):    -0.599ns
    Clock Pessimism Removal (CPR):    -0.504ns

    Location             Delay type                Incr(ns)  Path(ns)    Netlist Resource(s)
  -------------------------------------------------------------------    -------------------
                         (clock clk0 rise edge)       0.000     0.000 r  
    E3                                                0.000     0.000 r  clk_in (IN)
                         net (fo=0)                   0.000     0.000    clk_in
    E3                   IBUF (Prop_ibuf_I_O)         0.250     0.250 r  clkin1_buf/O
                         net (fo=1, routed)           0.440     0.690    clkin1
    MMCME2_ADV_X1Y2      MMCME2_ADV (Prop_mmcme2_adv_CLKIN1_CLKFBOUT)
                                                     -2.379    -1.689 r  dcm_sp_inst/CLKFBOUT
                         net (fo=1, routed)           0.499    -1.190    clk0
    BUFGCTRL_X0Y16       BUFG (Prop_bufg_I_O)         0.026    -1.164 r  bufg_inst2/O
                         net (fo=6789, routed)        0.565    -0.599    transmitter_inst_1/nco_inst_1/clk
    SLICE_X34Y149        FDRE                                         r  transmitter_inst_1/nco_inst_1/accum_reg[13]/C
  -------------------------------------------------------------------    -------------------
    SLICE_X34Y149        FDRE (Prop_fdre_C_Q)         0.164    -0.435 r  transmitter_inst_1/nco_inst_1/accum_reg[13]/Q
                         net (fo=4, routed)           0.149    -0.286    transmitter_inst_1/nco_inst_1/accum_reg[13]
    SLICE_X34Y149        LUT2 (Prop_lut2_I1_O)        0.045    -0.241 r  transmitter_inst_1/nco_inst_1/accum[10]_i_2__0/O
                         net (fo=1, routed)           0.000    -0.241    transmitter_inst_1/nco_inst_1/accum[10]_i_2__0_n_0
    SLICE_X34Y149        CARRY4 (Prop_carry4_S[3]_CO[3])
                                                      0.109    -0.132 r  transmitter_inst_1/nco_inst_1/accum_reg[10]_i_1__0/CO[3]
                         net (fo=1, routed)           0.001    -0.131    transmitter_inst_1/nco_inst_1/accum_reg[10]_i_1__0_n_0
    SLICE_X34Y150        CARRY4 (Prop_carry4_CI_O[0])
                                                      0.053    -0.078 r  transmitter_inst_1/nco_inst_1/accum_reg[14]_i_1__0/O[0]
                         net (fo=1, routed)           0.000    -0.078    transmitter_inst_1/nco_inst_1/accum_reg[14]_i_1__0_n_7
    SLICE_X34Y150        FDRE                                         r  transmitter_inst_1/nco_inst_1/accum_reg[14]/D
  -------------------------------------------------------------------    -------------------

                         (clock clk0 rise edge)       0.000     0.000 r  
    E3                                                0.000     0.000 r  clk_in (IN)
                         net (fo=0)                   0.000     0.000    clk_in
    E3                   IBUF (Prop_ibuf_I_O)         0.438     0.438 r  clkin1_buf/O
                         net (fo=1, routed)           0.480     0.918    clkin1
    MMCME2_ADV_X1Y2      MMCME2_ADV (Prop_mmcme2_adv_CLKIN1_CLKFBOUT)
                                                     -3.163    -2.245 r  dcm_sp_inst/CLKFBOUT
                         net (fo=1, routed)           0.544    -1.702    clk0
    BUFGCTRL_X0Y16       BUFG (Prop_bufg_I_O)         0.029    -1.673 r  bufg_inst2/O
                         net (fo=6789, routed)        0.922    -0.751    transmitter_inst_1/nco_inst_1/clk
    SLICE_X34Y150        FDRE                                         r  transmitter_inst_1/nco_inst_1/accum_reg[14]/C
                         clock pessimism              0.504    -0.247    
    SLICE_X34Y150        FDRE (Hold_fdre_C_D)         0.134    -0.113    transmitter_inst_1/nco_inst_1/accum_reg[14]
  -------------------------------------------------------------------
                         required time                          0.113    
                         arrival time                          -0.078    
  -------------------------------------------------------------------
                         slack                                  0.035    





Pulse Width Checks
--------------------------------------------------------------------------------------
Clock Name:         clk0
Waveform(ns):       { 0.000 5.000 }
Period(ns):         10.000
Sources:            { dcm_sp_inst/CLKFBOUT }

Check Type        Corner  Lib Pin             Reference Pin  Required(ns)  Actual(ns)  Slack(ns)  Location        Pin
Min Period        n/a     RAMB36E1/CLKARDCLK  n/a            2.576         10.000      7.424      RAMB36_X1Y31    user_design_inst_1/main_0_140075168856544/program_counter_reg_rep_0/CLKARDCLK
Max Period        n/a     PLLE2_ADV/CLKIN1    n/a            52.633        10.000      42.633     PLLE2_ADV_X0Y0  transmitter_inst_1/dac_interface_inst_1/serdes_inst_1/plle2_base_inst/CLKIN1
Low Pulse Width   Slow    PLLE2_ADV/CLKIN1    n/a            2.000         5.000       3.000      PLLE2_ADV_X0Y0  transmitter_inst_1/dac_interface_inst_1/serdes_inst_1/plle2_base_inst/CLKIN1
High Pulse Width  Slow    PLLE2_ADV/CLKIN1    n/a            2.000         5.000       3.000      PLLE2_ADV_X0Y0  transmitter_inst_1/dac_interface_inst_1/serdes_inst_1/plle2_base_inst/CLKIN1



---------------------------------------------------------------------------------------------------
From Clock:  clk_100_s
  To Clock:  clk_100_s

Setup :           NA  Failing Endpoints,  Worst Slack           NA  ,  Total Violation           NA
Hold  :           NA  Failing Endpoints,  Worst Slack           NA  ,  Total Violation           NA
PW    :            0  Failing Endpoints,  Worst Slack        7.845ns,  Total Violation        0.000ns
---------------------------------------------------------------------------------------------------


Pulse Width Checks
--------------------------------------------------------------------------------------
Clock Name:         clk_100_s
Waveform(ns):       { 0.000 5.000 }
Period(ns):         10.000
Sources:            { transmitter_inst_1/dac_interface_inst_1/serdes_inst_1/plle2_base_inst/CLKOUT0 }

Check Type  Corner  Lib Pin            Reference Pin  Required(ns)  Actual(ns)  Slack(ns)  Location        Pin
Min Period  n/a     BUFG/I             n/a            2.155         10.000      7.845      BUFGCTRL_X0Y0   transmitter_inst_1/dac_interface_inst_1/serdes_inst_1/bufg_inst_1/I
Max Period  n/a     PLLE2_ADV/CLKOUT0  n/a            160.000       10.000      150.000    PLLE2_ADV_X0Y0  transmitter_inst_1/dac_interface_inst_1/serdes_inst_1/plle2_base_inst/CLKOUT0



---------------------------------------------------------------------------------------------------
From Clock:  clk_400_s
  To Clock:  clk_400_s

Setup :           NA  Failing Endpoints,  Worst Slack           NA  ,  Total Violation           NA
Hold  :           NA  Failing Endpoints,  Worst Slack           NA  ,  Total Violation           NA
PW    :            0  Failing Endpoints,  Worst Slack        0.345ns,  Total Violation        0.000ns
---------------------------------------------------------------------------------------------------


Pulse Width Checks
--------------------------------------------------------------------------------------
Clock Name:         clk_400_s
Waveform(ns):       { 0.000 1.250 }
Period(ns):         2.500
Sources:            { transmitter_inst_1/dac_interface_inst_1/serdes_inst_1/plle2_base_inst/CLKOUT1 }

Check Type  Corner  Lib Pin            Reference Pin  Required(ns)  Actual(ns)  Slack(ns)  Location        Pin
Min Period  n/a     BUFG/I             n/a            2.155         2.500       0.345      BUFGCTRL_X0Y1   transmitter_inst_1/dac_interface_inst_1/serdes_inst_1/bufg_inst_2/I
Max Period  n/a     PLLE2_ADV/CLKOUT1  n/a            160.000       2.500       157.500    PLLE2_ADV_X0Y0  transmitter_inst_1/dac_interface_inst_1/serdes_inst_1/plle2_base_inst/CLKOUT1



---------------------------------------------------------------------------------------------------
From Clock:  clkfbout
  To Clock:  clkfbout

Setup :           NA  Failing Endpoints,  Worst Slack           NA  ,  Total Violation           NA
Hold  :           NA  Failing Endpoints,  Worst Slack           NA  ,  Total Violation           NA
PW    :            0  Failing Endpoints,  Worst Slack        7.845ns,  Total Violation        0.000ns
---------------------------------------------------------------------------------------------------


Pulse Width Checks
--------------------------------------------------------------------------------------
Clock Name:         clkfbout
Waveform(ns):       { 0.000 5.000 }
Period(ns):         10.000
Sources:            { transmitter_inst_1/dac_interface_inst_1/serdes_inst_1/plle2_base_inst/CLKFBOUT }

Check Type  Corner  Lib Pin            Reference Pin  Required(ns)  Actual(ns)  Slack(ns)  Location        Pin
Min Period  n/a     BUFG/I             n/a            2.155         10.000      7.845      BUFGCTRL_X0Y2   transmitter_inst_1/dac_interface_inst_1/serdes_inst_1/bufg_inst_4/I
Max Period  n/a     PLLE2_ADV/CLKFBIN  n/a            52.633        10.000      42.633     PLLE2_ADV_X0Y0  transmitter_inst_1/dac_interface_inst_1/serdes_inst_1/plle2_base_inst/CLKFBIN



---------------------------------------------------------------------------------------------------
From Clock:  clk0
  To Clock:  clk_100_s

Setup :            0  Failing Endpoints,  Worst Slack        6.387ns,  Total Violation        0.000ns
Hold  :            0  Failing Endpoints,  Worst Slack        0.244ns,  Total Violation        0.000ns
---------------------------------------------------------------------------------------------------


Max Delay Paths
--------------------------------------------------------------------------------------
Slack (MET) :             6.387ns  (required time - arrival time)
  Source:                 transmitter_inst_1/dac_interface_inst_1/dac_7_reg/C
                            (rising edge-triggered cell FDRE clocked by clk0  {rise@0.000ns fall@5.000ns period=10.000ns})
  Destination:            transmitter_inst_1/dac_interface_inst_1/serdes_inst_1/oserdese2_inst/D8
                            (rising edge-triggered cell OSERDESE2 clocked by clk_100_s  {rise@0.000ns fall@5.000ns period=10.000ns})
  Path Group:             clk_100_s
  Path Type:              Setup (Max at Slow Process Corner)
  Requirement:            10.000ns  (clk_100_s rise@10.000ns - clk0 rise@0.000ns)
  Data Path Delay:        2.344ns  (logic 0.478ns (20.397%)  route 1.866ns (79.603%))
  Logic Levels:           0  
  Clock Path Skew:        -0.231ns (DCD - SCD + CPR)
    Destination Clock Delay (DCD):    -1.448ns = ( 8.552 - 10.000 ) 
    Source Clock Delay      (SCD):    -0.737ns
    Clock Pessimism Removal (CPR):    0.480ns
  Clock Uncertainty:      0.242ns  ((TSJ^2 + DJ^2)^1/2) / 2 + PE
    Total System Jitter     (TSJ):    0.071ns
    Discrete Jitter          (DJ):    0.145ns
    Phase Error              (PE):    0.162ns

    Location             Delay type                Incr(ns)  Path(ns)    Netlist Resource(s)
  -------------------------------------------------------------------    -------------------
                         (clock clk0 rise edge)       0.000     0.000 r  
    E3                                                0.000     0.000 r  clk_in (IN)
                         net (fo=0)                   0.000     0.000    clk_in
    E3                   IBUF (Prop_ibuf_I_O)         1.482     1.482 r  clkin1_buf/O
                         net (fo=1, routed)           1.233     2.715    clkin1
    MMCME2_ADV_X1Y2      MMCME2_ADV (Prop_mmcme2_adv_CLKIN1_CLKFBOUT)
                                                     -7.070    -4.355 r  dcm_sp_inst/CLKFBOUT
                         net (fo=1, routed)           1.719    -2.636    clk0
    BUFGCTRL_X0Y16       BUFG (Prop_bufg_I_O)         0.096    -2.540 r  bufg_inst2/O
                         net (fo=6789, routed)        1.803    -0.737    transmitter_inst_1/dac_interface_inst_1/clk
    SLICE_X10Y168        FDRE                                         r  transmitter_inst_1/dac_interface_inst_1/dac_7_reg/C
  -------------------------------------------------------------------    -------------------
    SLICE_X10Y168        FDRE (Prop_fdre_C_Q)         0.478    -0.259 r  transmitter_inst_1/dac_interface_inst_1/dac_7_reg/Q
                         net (fo=1, routed)           1.866     1.607    transmitter_inst_1/dac_interface_inst_1/serdes_inst_1/dac_7
    OLOGIC_X0Y139        OSERDESE2                                    r  transmitter_inst_1/dac_interface_inst_1/serdes_inst_1/oserdese2_inst/D8
  -------------------------------------------------------------------    -------------------

                         (clock clk_100_s rise edge)
                                                     10.000    10.000 r  
    E3                                                0.000    10.000 r  clk_in (IN)
                         net (fo=0)                   0.000    10.000    clk_in
    E3                   IBUF (Prop_ibuf_I_O)         1.411    11.411 r  clkin1_buf/O
                         net (fo=1, routed)           1.162    12.573    clkin1
    MMCME2_ADV_X1Y2      MMCME2_ADV (Prop_mmcme2_adv_CLKIN1_CLKFBOUT)
                                                     -7.324     5.249 r  dcm_sp_inst/CLKFBOUT
                         net (fo=1, routed)           1.639     6.888    clk0
    BUFGCTRL_X0Y16       BUFG (Prop_bufg_I_O)         0.091     6.979 r  bufg_inst2/O
                         net (fo=6789, routed)        1.705     8.684    transmitter_inst_1/dac_interface_inst_1/serdes_inst_1/clk
    PLLE2_ADV_X0Y0       PLLE2_ADV (Prop_plle2_adv_CLKIN1_CLKOUT0)
                                                     -3.711     4.973 r  transmitter_inst_1/dac_interface_inst_1/serdes_inst_1/plle2_base_inst/CLKOUT0
                         net (fo=1, routed)           1.918     6.891    transmitter_inst_1/dac_interface_inst_1/serdes_inst_1/clk_100_s
    BUFGCTRL_X0Y0        BUFG (Prop_bufg_I_O)         0.091     6.982 r  transmitter_inst_1/dac_interface_inst_1/serdes_inst_1/bufg_inst_1/O
                         net (fo=1, routed)           1.569     8.552    transmitter_inst_1/dac_interface_inst_1/serdes_inst_1/clk_100
    OLOGIC_X0Y139        OSERDESE2                                    r  transmitter_inst_1/dac_interface_inst_1/serdes_inst_1/oserdese2_inst/CLKDIV
                         clock pessimism              0.480     9.032    
                         clock uncertainty           -0.242     8.790    
    OLOGIC_X0Y139        OSERDESE2 (Setup_oserdese2_CLKDIV_D8)
                                                     -0.796     7.994    transmitter_inst_1/dac_interface_inst_1/serdes_inst_1/oserdese2_inst
  -------------------------------------------------------------------
                         required time                          7.994    
                         arrival time                          -1.607    
  -------------------------------------------------------------------
                         slack                                  6.387    





Min Delay Paths
--------------------------------------------------------------------------------------
Slack (MET) :             0.244ns  (arrival time - required time)
  Source:                 transmitter_inst_1/dac_interface_inst_1/dac_1_reg/C
                            (rising edge-triggered cell FDRE clocked by clk0  {rise@0.000ns fall@5.000ns period=10.000ns})
  Destination:            transmitter_inst_1/dac_interface_inst_1/serdes_inst_1/oserdese2_inst/D2
                            (rising edge-triggered cell OSERDESE2 clocked by clk_100_s  {rise@0.000ns fall@5.000ns period=10.000ns})
  Path Group:             clk_100_s
  Path Type:              Hold (Min at Fast Process Corner)
  Requirement:            0.000ns  (clk_100_s rise@0.000ns - clk0 rise@0.000ns)
  Data Path Delay:        0.750ns  (logic 0.148ns (19.731%)  route 0.602ns (80.269%))
  Logic Levels:           0  
  Clock Path Skew:        0.298ns (DCD - SCD - CPR)
    Destination Clock Delay (DCD):    -0.806ns
    Source Clock Delay      (SCD):    -0.595ns
    Clock Pessimism Removal (CPR):    -0.509ns
  Clock Uncertainty:      0.242ns  ((TSJ^2 + DJ^2)^1/2) / 2 + PE
    Total System Jitter     (TSJ):    0.071ns
    Discrete Jitter          (DJ):    0.145ns
    Phase Error              (PE):    0.162ns

    Location             Delay type                Incr(ns)  Path(ns)    Netlist Resource(s)
  -------------------------------------------------------------------    -------------------
                         (clock clk0 rise edge)       0.000     0.000 r  
    E3                                                0.000     0.000 r  clk_in (IN)
                         net (fo=0)                   0.000     0.000    clk_in
    E3                   IBUF (Prop_ibuf_I_O)         0.250     0.250 r  clkin1_buf/O
                         net (fo=1, routed)           0.440     0.690    clkin1
    MMCME2_ADV_X1Y2      MMCME2_ADV (Prop_mmcme2_adv_CLKIN1_CLKFBOUT)
                                                     -2.379    -1.689 r  dcm_sp_inst/CLKFBOUT
                         net (fo=1, routed)           0.499    -1.190    clk0
    BUFGCTRL_X0Y16       BUFG (Prop_bufg_I_O)         0.026    -1.164 r  bufg_inst2/O
                         net (fo=6789, routed)        0.569    -0.595    transmitter_inst_1/dac_interface_inst_1/clk
    SLICE_X10Y144        FDRE                                         r  transmitter_inst_1/dac_interface_inst_1/dac_1_reg/C
  -------------------------------------------------------------------    -------------------
    SLICE_X10Y144        FDRE (Prop_fdre_C_Q)         0.148    -0.447 r  transmitter_inst_1/dac_interface_inst_1/dac_1_reg/Q
                         net (fo=1, routed)           0.602     0.155    transmitter_inst_1/dac_interface_inst_1/serdes_inst_1/dac_1
    OLOGIC_X0Y139        OSERDESE2                                    r  transmitter_inst_1/dac_interface_inst_1/serdes_inst_1/oserdese2_inst/D2
  -------------------------------------------------------------------    -------------------

                         (clock clk_100_s rise edge)
                                                      0.000     0.000 r  
    E3                                                0.000     0.000 r  clk_in (IN)
                         net (fo=0)                   0.000     0.000    clk_in
    E3                   IBUF (Prop_ibuf_I_O)         0.438     0.438 r  clkin1_buf/O
                         net (fo=1, routed)           0.480     0.918    clkin1
    MMCME2_ADV_X1Y2      MMCME2_ADV (Prop_mmcme2_adv_CLKIN1_CLKFBOUT)
                                                     -3.163    -2.245 r  dcm_sp_inst/CLKFBOUT
                         net (fo=1, routed)           0.544    -1.702    clk0
    BUFGCTRL_X0Y16       BUFG (Prop_bufg_I_O)         0.029    -1.673 r  bufg_inst2/O
                         net (fo=6789, routed)        0.903    -0.770    transmitter_inst_1/dac_interface_inst_1/serdes_inst_1/clk
    PLLE2_ADV_X0Y0       PLLE2_ADV (Prop_plle2_adv_CLKIN1_CLKOUT0)
                                                     -1.646    -2.416 r  transmitter_inst_1/dac_interface_inst_1/serdes_inst_1/plle2_base_inst/CLKOUT0
                         net (fo=1, routed)           0.716    -1.700    transmitter_inst_1/dac_interface_inst_1/serdes_inst_1/clk_100_s
    BUFGCTRL_X0Y0        BUFG (Prop_bufg_I_O)         0.029    -1.671 r  transmitter_inst_1/dac_interface_inst_1/serdes_inst_1/bufg_inst_1/O
                         net (fo=1, routed)           0.865    -0.806    transmitter_inst_1/dac_interface_inst_1/serdes_inst_1/clk_100
    OLOGIC_X0Y139        OSERDESE2                                    r  transmitter_inst_1/dac_interface_inst_1/serdes_inst_1/oserdese2_inst/CLKDIV
                         clock pessimism              0.509    -0.297    
                         clock uncertainty            0.242    -0.055    
    OLOGIC_X0Y139        OSERDESE2 (Hold_oserdese2_CLKDIV_D2)
                                                     -0.034    -0.089    transmitter_inst_1/dac_interface_inst_1/serdes_inst_1/oserdese2_inst
  -------------------------------------------------------------------
                         required time                          0.089    
                         arrival time                           0.155    
  -------------------------------------------------------------------
                         slack                                  0.244    





