#
# An unexpected error has occurred (11)
#
Stack:
/lib/x86_64-linux-gnu/libc.so.6(+0x36d40) [0x7f8acc5f2d40]
/home/storage/Xilinx/Vivado/2015.2/lib/lnx64.o/librdiconfig.so(+0xc9eb) [0x7f8ac8b879eb]
/home/storage/Xilinx/Vivado/2015.2/lib/lnx64.o/librdiconfig.so(+0xc910) [0x7f8ac8b87910]
/home/storage/Xilinx/Vivado/2015.2/lib/lnx64.o/librdiconfig.so(config_destroy+0x12) [0x7f8ac8b87b02]
/home/storage/Xilinx/Vivado/2015.2/lib/lnx64.o/librdiconfig.so(libconfig::Config::~Config()+0x1b) [0x7f8ac8b830bb]
/home/storage/Xilinx/Vivado/2015.2/lib/lnx64.o/librdiconfig.so(libconfig::Config::~Config()+0x9) [0x7f8ac8b830d9]
/home/storage/Xilinx/Vivado/2015.2/lib/lnx64.o/librdi_device.so(HDConfig::~HDConfig()+0x2c) [0x7f8ab3c5b70c]
/home/storage/Xilinx/Vivado/2015.2/lib/lnx64.o/librdi_designutils.so(Bg_FujiChip::~Bg_FujiChip()+0x33) [0x7f8ab9e12973]
/home/storage/Xilinx/Vivado/2015.2/lib/lnx64.o/librdi_designutils.so(Bg_FujiChip::~Bg_FujiChip()+0x9) [0x7f8ab9e12f89]
/home/storage/Xilinx/Vivado/2015.2/lib/lnx64.o/librdi_designutils.so(Bg_Bitgen::~Bg_Bitgen()+0x4e) [0x7f8ab9da610e]
/home/storage/Xilinx/Vivado/2015.2/lib/lnx64.o/librdi_designutils.so(Bg_FujiBitgen::~Bg_FujiBitgen()+0x9) [0x7f8ab9df94b9]
/home/storage/Xilinx/Vivado/2015.2/lib/lnx64.o/librdi_tcltasks.so(+0xa6204f) [0x7f8aa07e404f]
/home/storage/Xilinx/Vivado/2015.2/lib/lnx64.o/librdi_common.so(+0x62104f) [0x7f8acd6c604f]
/home/storage/Xilinx/Vivado/2015.2/lib/lnx64.o/libtcl8.5.so(+0x331f5) [0x7f8ac86661f5]
/home/storage/Xilinx/Vivado/2015.2/lib/lnx64.o/libtcl8.5.so(+0x34d6b) [0x7f8ac8667d6b]
/home/storage/Xilinx/Vivado/2015.2/lib/lnx64.o/libtcl8.5.so(Tcl_EvalEx+0x16) [0x7f8ac8668276]
/home/storage/Xilinx/Vivado/2015.2/lib/lnx64.o/libtcl8.5.so(Tcl_FSEvalFileEx+0x1d2) [0x7f8ac86ccd02]
/home/storage/Xilinx/Vivado/2015.2/lib/lnx64.o/librdi_commontasks.so(+0x2f0425) [0x7f8ac48f6425]
/home/storage/Xilinx/Vivado/2015.2/lib/lnx64.o/librdi_common.so(+0x62104f) [0x7f8acd6c604f]
/home/storage/Xilinx/Vivado/2015.2/lib/lnx64.o/libtcl8.5.so(+0x331f5) [0x7f8ac86661f5]
/home/storage/Xilinx/Vivado/2015.2/lib/lnx64.o/libtcl8.5.so(Tcl_EvalObjv+0x32) [0x7f8ac86667e2]
/home/storage/Xilinx/Vivado/2015.2/lib/lnx64.o/libtcl8.5.so(TclEvalObjEx+0x322) [0x7f8ac86685d2]
/home/storage/Xilinx/Vivado/2015.2/lib/lnx64.o/librdi_commontasks.so(+0x3074a2) [0x7f8ac490d4a2]
/home/storage/Xilinx/Vivado/2015.2/lib/lnx64.o/librdi_commontasks.so(+0x30dd9d) [0x7f8ac4913d9d]
/home/storage/Xilinx/Vivado/2015.2/lib/lnx64.o/librdi_commontasks.so(+0x3078e3) [0x7f8ac490d8e3]
/home/storage/Xilinx/Vivado/2015.2/lib/lnx64.o/librdi_common.so(+0x62104f) [0x7f8acd6c604f]
/home/storage/Xilinx/Vivado/2015.2/lib/lnx64.o/libtcl8.5.so(+0x331f5) [0x7f8ac86661f5]
/home/storage/Xilinx/Vivado/2015.2/lib/lnx64.o/libtcl8.5.so(Tcl_EvalObjv+0x32) [0x7f8ac86667e2]
/home/storage/Xilinx/Vivado/2015.2/lib/lnx64.o/libtcl8.5.so(TclEvalObjEx+0x322) [0x7f8ac86685d2]
/home/storage/Xilinx/Vivado/2015.2/lib/lnx64.o/librdi_commonmain.so(+0x7110) [0x7f8accea0110]
/home/storage/Xilinx/Vivado/2015.2/lib/lnx64.o/libtcl8.5.so(Tcl_Main+0x1d5) [0x7f8ac86d3175]
/home/storage/Xilinx/Vivado/2015.2/lib/lnx64.o/librdi_common.so(+0x659c89) [0x7f8acd6fec89]
/lib/x86_64-linux-gnu/libpthread.so.0(+0x8182) [0x7f8acc0a0182]
/lib/x86_64-linux-gnu/libc.so.6(clone+0x6d) [0x7f8acc6b647d]
