#
# An unexpected error has occurred (11)
#
Stack:
/lib/x86_64-linux-gnu/libc.so.6(+0x36d40) [0x7f2166155d40]
/home/storage/Xilinx/Vivado/2015.2/lib/lnx64.o/librdi_dlyest.so(HADE4UnplacedPinMapperCache::getSiteFromCache(HDLHInstance const&, HDDMSite const&, bool) const+0xd6) [0x7f21423db606]
/home/storage/Xilinx/Vivado/2015.2/lib/lnx64.o/librdi_dlyest.so(HADE4UnplacedPinMapperV7::getLocNearSite(HDLHInstance const&, HDDMSite const&, int, bool, bool) const+0x159) [0x7f21423dd909]
/home/storage/Xilinx/Vivado/2015.2/lib/lnx64.o/librdi_place.so(HAPLFPhyPinMapper::getLocNearSite(HDLHInstance const&, HDDMSite const&, int, bool, bool) const+0x48) [0x7f2149e678f8]
/home/storage/Xilinx/Vivado/2015.2/lib/lnx64.o/librdi_dlyest.so(HADEPinMapper::getLocs(HDLHInstance const&, HDLHInstance const&, HDPLLoc&, HDPLLoc&, int, bool, HDLHInstTerm const&) const+0x28d) [0x7f21423df20d]
/home/storage/Xilinx/Vivado/2015.2/lib/lnx64.o/librdi_dlyest.so(HADEPinMapper::getPhyPins(HDLHInstTerm const&, HDLHInstTerm const&, HSTVector<HDPLPhyPin, std::allocator<HDPLPhyPin> >&, HSTVector<HDPLPhyPin, std::allocator<HDPLPhyPin> >&, bool&, bool&, bool, bool&) const+0x1b6) [0x7f21423e0e36]
/home/storage/Xilinx/Vivado/2015.2/lib/lnx64.o/librdi_dlyest.so(HADE4WireDlyCalc::getDelay(HDLHElement const&, HDLHElement const&, bool, bool, bool, bool, bool, int) const+0xbb7) [0x7f214243ca97]
/home/storage/Xilinx/Vivado/2015.2/lib/lnx64.o/librdi_dlyest.so(HADE4WireDlyCalc::getDelay(HDLHElement const&, HDLHElement const&, int, bool, bool, bool, bool) const+0x74) [0x7f214243f984]
/home/storage/Xilinx/Vivado/2015.2/lib/lnx64.o/librdi_dlyest.so(HADE4WireDlyCalc::getDelay(HDLHElement const&, HDLHElement const&, int) const+0x391) [0x7f2142439471]
/home/storage/Xilinx/Vivado/2015.2/lib/lnx64.o/librdi_dlyest.so(HADE4WireDlyCalc::getDelay(HDLHElement const&, HDLHElement const&, sta::TimingArc const*, int) const+0xc) [0x7f214243953c]
/home/storage/Xilinx/Vivado/2015.2/lib/lnx64.o/librdi_dlyest.so(HADEDlyMediator::fallBackWireDlyCalc(HDLHNet const*, HDLHInstTerm const*, int, std::vector<HADEDlyMediatorPacket, std::allocator<HADEDlyMediatorPacket> >&, HADEDlyMediatorPacket::HADEDLYMED_DLYTYPE) const+0x112) [0x7f2142457c42]
/home/storage/Xilinx/Vivado/2015.2/lib/lnx64.o/librdi_dlyest.so(HADEDlyMediator::oldGetDelay(HDLHNet const*, HDLHInstTerm const*, std::vector<HADEDlyMediatorPacket, std::allocator<HADEDlyMediatorPacket> >&, int) const+0x3f6) [0x7f21424756a6]
/home/storage/Xilinx/Vivado/2015.2/lib/lnx64.o/librdi_dlyest.so(HADEDlyMediator::getDelay(HDLHNet const*, HDLHInstTerm const*, std::vector<HADEDlyMediatorPacket, std::allocator<HADEDlyMediatorPacket> >&, int) const+0x464) [0x7f214246f634]
/home/storage/Xilinx/Vivado/2015.2/lib/lnx64.o/librdi_timing.so(HAST3Sta::setWireDelayOnVertex(sta::Vertex*, HSTVector<sta::Edge*, std::allocator<sta::Edge*> > const*, HAST3TimingParams const&)+0x64c) [0x7f214664cf0c]
/home/storage/Xilinx/Vivado/2015.2/lib/lnx64.o/librdi_timing.so(void* HCTThreadUtils::forEachStart<__gnu_cxx::__normal_iterator<std::pair<sta::Vertex*, unsigned int>*, std::vector<std::pair<sta::Vertex*, unsigned int>, std::allocator<std::pair<sta::Vertex*, unsigned int> > > >, boost::function<void (std::pair<sta::Vertex*, unsigned int>&)> >(void*)+0x91) [0x7f2146655601]
/home/storage/Xilinx/Vivado/2015.2/lib/lnx64.o/librdi_timing.so(void HCTThreadUtils::forEach<__gnu_cxx::__normal_iterator<std::pair<sta::Vertex*, unsigned int>*, std::vector<std::pair<sta::Vertex*, unsigned int>, std::allocator<std::pair<sta::Vertex*, unsigned int> > > >, boost::function<void (std::pair<sta::Vertex*, unsigned int>&)> >(__gnu_cxx::__normal_iterator<std::pair<sta::Vertex*, unsigned int>*, std::vector<std::pair<sta::Vertex*, unsigned int>, std::allocator<std::pair<sta::Vertex*, unsigned int> > > >, __gnu_cxx::__normal_iterator<std::pair<sta::Vertex*, unsigned int>*, std::vector<std::pair<sta::Vertex*, unsigned int>, std::allocator<std::pair<sta::Vertex*, unsigned int> > > >, boost::function<void (std::pair<sta::Vertex*, unsigned int>&)>&, int, int)+0x10a) [0x7f214665600a]
/home/storage/Xilinx/Vivado/2015.2/lib/lnx64.o/librdi_timing.so(void HAST3Sta::executeInMT<std::vector<std::pair<sta::Vertex*, unsigned int>, std::allocator<std::pair<sta::Vertex*, unsigned int> > >, boost::function<void (std::pair<sta::Vertex*, unsigned int>&)> >(std::vector<std::pair<sta::Vertex*, unsigned int>, std::allocator<std::pair<sta::Vertex*, unsigned int> > >&, boost::function<void (std::pair<sta::Vertex*, unsigned int>&)>&, int, char const*)+0xfa) [0x7f214665619a]
/home/storage/Xilinx/Vivado/2015.2/lib/lnx64.o/librdi_timing.so(HAST3Sta::setWireDelaysNetByNet(HAST3TimingParams const&)+0x33c) [0x7f2146647a7c]
/home/storage/Xilinx/Vivado/2015.2/lib/lnx64.o/librdi_timing.so(HAST3Sta::setDelays(HAST3TimingParams const&)+0x5e6) [0x7f2146652256]
/home/storage/Xilinx/Vivado/2015.2/lib/lnx64.o/librdi_timing.so(HAST3TimeAhead::setDelays()+0x3d) [0x7f214665e40d]
/home/storage/Xilinx/Vivado/2015.2/lib/lnx64.o/librdi_timing.so(HAST3TimeAhead::updateDelays(HDGUIStatus*, HASTUpdateTimingParams const&)+0x2ec) [0x7f2146674dec]
/home/storage/Xilinx/Vivado/2015.2/lib/lnx64.o/librdi_timing.so(HAST3TimeAhead::updateTiming1(HASTUpdateTimingParams const&, HDGUIStatus*)+0x1c0) [0x7f2146677b10]
/home/storage/Xilinx/Vivado/2015.2/lib/lnx64.o/librdi_timing.so(HAST3TimeAhead::updateTiming(HASTUpdateTimingParams const&, HDGUIStatus*)+0x536) [0x7f2146678526]
/home/storage/Xilinx/Vivado/2015.2/lib/lnx64.o/librdi_place.so(HAPLFTiming::updateTimingTa(HASTUpdateTimingParams const&)+0x351) [0x7f2149f4bdd1]
/home/storage/Xilinx/Vivado/2015.2/lib/lnx64.o/librdi_place.so(HAPLFTiming::updateTimingAll(bool)+0x95) [0x7f2149f5b8a5]
/home/storage/Xilinx/Vivado/2015.2/lib/lnx64.o/librdi_place.so(HAPLFTimingHelper::updateTimingAndCritPaths(double, bool, bool, bool, bool, std::string const&, bool, bool)+0xc9) [0x7f2149f74699]
/home/storage/Xilinx/Vivado/2015.2/lib/lnx64.o/librdi_place.so(HAPLFFlowInitializer::placeInitDesign(bool, bool, HSTDList<HDPLUndoInfo, std::allocator<HDPLUndoInfo> >*, bool)+0x48b) [0x7f2149de13db]
/home/storage/Xilinx/Vivado/2015.2/lib/lnx64.o/librdi_place.so(HAPLFFlowInitializer::placeInitPart2(bool&)+0x50) [0x7f2149de17f0]
/home/storage/Xilinx/Vivado/2015.2/lib/lnx64.o/librdi_place.so(HAPLFFlowInitializer::placeIOClockAndInit()+0x32a) [0x7f2149de274a]
/home/storage/Xilinx/Vivado/2015.2/lib/lnx64.o/librdi_place.so(HAPLFFlowInitializer::run()+0xaf) [0x7f2149de319f]
/home/storage/Xilinx/Vivado/2015.2/lib/lnx64.o/librdi_implflow.so(HAPLFFastPlace3::initialize(HAPLPlaceApi&, HFLFloorplan&, HDPLTask&, HAPLFFastFlowParam const&)+0x53) [0x7f2137f19a63]
/home/storage/Xilinx/Vivado/2015.2/lib/lnx64.o/librdi_implflow.so(HAPLFFastPlace3::place(HAPLPlaceApi&, HFLFloorplan&, HAPLFFastFlowParam const&, HDPLTask&)+0x25) [0x7f2137f31685]
/home/storage/Xilinx/Vivado/2015.2/lib/lnx64.o/librdi_implflow.so(HAPLFFastFlow3::place(HAPLFFastFlowParam const&)+0x7db) [0x7f2137f0b19b]
/home/storage/Xilinx/Vivado/2015.2/lib/lnx64.o/librdi_vivadotasks.so(+0x1bb4f3) [0x7f213866b4f3]
/home/storage/Xilinx/Vivado/2015.2/lib/lnx64.o/librdi_vivadotasks.so(+0x1bead3) [0x7f213866ead3]
/home/storage/Xilinx/Vivado/2015.2/lib/lnx64.o/librdi_common.so(+0x62104f) [0x7f216722904f]
/home/storage/Xilinx/Vivado/2015.2/lib/lnx64.o/libtcl8.5.so(+0x331f5) [0x7f21621c91f5]
/home/storage/Xilinx/Vivado/2015.2/lib/lnx64.o/libtcl8.5.so(+0x34d6b) [0x7f21621cad6b]
/home/storage/Xilinx/Vivado/2015.2/lib/lnx64.o/libtcl8.5.so(Tcl_EvalEx+0x16) [0x7f21621cb276]
/home/storage/Xilinx/Vivado/2015.2/lib/lnx64.o/libtcl8.5.so(Tcl_FSEvalFileEx+0x1d2) [0x7f216222fd02]
/home/storage/Xilinx/Vivado/2015.2/lib/lnx64.o/librdi_commontasks.so(+0x2f0425) [0x7f215e459425]
/home/storage/Xilinx/Vivado/2015.2/lib/lnx64.o/librdi_common.so(+0x62104f) [0x7f216722904f]
/home/storage/Xilinx/Vivado/2015.2/lib/lnx64.o/libtcl8.5.so(+0x331f5) [0x7f21621c91f5]
/home/storage/Xilinx/Vivado/2015.2/lib/lnx64.o/libtcl8.5.so(Tcl_EvalObjv+0x32) [0x7f21621c97e2]
/home/storage/Xilinx/Vivado/2015.2/lib/lnx64.o/libtcl8.5.so(TclEvalObjEx+0x322) [0x7f21621cb5d2]
/home/storage/Xilinx/Vivado/2015.2/lib/lnx64.o/librdi_commontasks.so(+0x3074a2) [0x7f215e4704a2]
/home/storage/Xilinx/Vivado/2015.2/lib/lnx64.o/librdi_commontasks.so(+0x30dd9d) [0x7f215e476d9d]
/home/storage/Xilinx/Vivado/2015.2/lib/lnx64.o/librdi_commontasks.so(+0x3078e3) [0x7f215e4708e3]
/home/storage/Xilinx/Vivado/2015.2/lib/lnx64.o/librdi_common.so(+0x62104f) [0x7f216722904f]
/home/storage/Xilinx/Vivado/2015.2/lib/lnx64.o/libtcl8.5.so(+0x331f5) [0x7f21621c91f5]
/home/storage/Xilinx/Vivado/2015.2/lib/lnx64.o/libtcl8.5.so(Tcl_EvalObjv+0x32) [0x7f21621c97e2]
/home/storage/Xilinx/Vivado/2015.2/lib/lnx64.o/libtcl8.5.so(TclEvalObjEx+0x322) [0x7f21621cb5d2]
/home/storage/Xilinx/Vivado/2015.2/lib/lnx64.o/librdi_commonmain.so(+0x7110) [0x7f2166a03110]
/home/storage/Xilinx/Vivado/2015.2/lib/lnx64.o/libtcl8.5.so(Tcl_Main+0x1d5) [0x7f2162236175]
/home/storage/Xilinx/Vivado/2015.2/lib/lnx64.o/librdi_common.so(+0x659c89) [0x7f2167261c89]
/lib/x86_64-linux-gnu/libpthread.so.0(+0x8182) [0x7f2165c03182]
/lib/x86_64-linux-gnu/libc.so.6(clone+0x6d) [0x7f216621947d]
